🔧 URLs reparadas:
- ORIGINAL: http://tv.masterplaytv.club:8080/live/mgwleor/4lhLaPDAOh/45817.m3u8
  REPARADA: https://tv.masterplaytv.club:8080/live/mgwleor/4lhLaPDAOh/45817.m3u8
- ORIGINAL: http://tv.masterplaytv.club:8080/live/mgwleor/4lhLaPDAOh/45871.m3u8
  REPARADA: https://tv.masterplaytv.club:8080/live/mgwleor/4lhLaPDAOh/45871.m3u8
- ORIGINAL: http://tv.masterplaytv.club:8080/live/mgwleor/4lhLaPDAOh/84671.m3u8
  REPARADA: https://tv.masterplaytv.club:8080/live/mgwleor/4lhLaPDAOh/84671.m3u8
- ORIGINAL: http://tv.masterplaytv.club:8080/live/mgwleor/4lhLaPDAOh/84672.m3u8
  REPARADA: https://tv.masterplaytv.club:8080/live/mgwleor/4lhLaPDAOh/84672.m3u8
- ORIGINAL: http://tv.masterplaytv.club:8080/live/mgwleor/4lhLaPDAOh/84673.m3u8
  REPARADA: https://tv.masterplaytv.club:8080/live/mgwleor/4lhLaPDAOh/84673.m3u8
- ORIGINAL: http://tv.masterplaytv.club:8080/live/mgwleor/4lhLaPDAOh/84674.m3u8
  REPARADA: https://tv.masterplaytv.club:8080/live/mgwleor/4lhLaPDAOh/84674.m3u8
- ORIGINAL: http://tv.masterplaytv.club:8080/live/mgwleor/4lhLaPDAOh/84675.m3u8
  REPARADA: https://tv.masterplaytv.club:8080/live/mgwleor/4lhLaPDAOh/84675.m3u8
- ORIGINAL: http://tv.masterplaytv.club:8080/live/mgwleor/4lhLaPDAOh/84676.m3u8
  REPARADA: https://tv.masterplaytv.club:8080/live/mgwleor/4lhLaPDAOh/84676.m3u8
- ORIGINAL: http://tv.masterplaytv.club:8080/live/mgwleor/4lhLaPDAOh/84677.m3u8
  REPARADA: https://tv.masterplaytv.club:8080/live/mgwleor/4lhLaPDAOh/84677.m3u8
- ORIGINAL: http://tv.masterplaytv.club:8080/live/mgwleor/4lhLaPDAOh/84678.m3u8
  REPARADA: https://tv.masterplaytv.club:8080/live/mgwleor/4lhLaPDAOh/84678.m3u8
- ORIGINAL: http://tv.masterplaytv.club:8080/live/mgwleor/4lhLaPDAOh/84679.m3u8
  REPARADA: https://tv.masterplaytv.club:8080/live/mgwleor/4lhLaPDAOh/84679.m3u8
- ORIGINAL: http://tv.masterplaytv.club:8080/live/mgwleor/4lhLaPDAOh/84680.m3u8
  REPARADA: https://tv.masterplaytv.club:8080/live/mgwleor/4lhLaPDAOh/84680.m3u8
- ORIGINAL: http://tv.masterplaytv.club:8080/live/mgwleor/4lhLaPDAOh/84681.m3u8
  REPARADA: https://tv.masterplaytv.club:8080/live/mgwleor/4lhLaPDAOh/84681.m3u8
- ORIGINAL: http://tv.masterplaytv.club:8080/live/mgwleor/4lhLaPDAOh/84682.m3u8
  REPARADA: https://tv.masterplaytv.club:8080/live/mgwleor/4lhLaPDAOh/84682.m3u8
- ORIGINAL: http://tv.masterplaytv.club:8080/live/mgwleor/4lhLaPDAOh/84683.m3u8
  REPARADA: https://tv.masterplaytv.club:8080/live/mgwleor/4lhLaPDAOh/84683.m3u8
- ORIGINAL: http://tv.masterplaytv.club:8080/live/mgwleor/4lhLaPDAOh/84684.m3u8
  REPARADA: https://tv.masterplaytv.club:8080/live/mgwleor/4lhLaPDAOh/84684.m3u8
- ORIGINAL: http://tv.masterplaytv.club:8080/live/mgwleor/4lhLaPDAOh/84685.m3u8
  REPARADA: https://tv.masterplaytv.club:8080/live/mgwleor/4lhLaPDAOh/84685.m3u8
- ORIGINAL: http://tv.masterplaytv.club:8080/live/mgwleor/4lhLaPDAOh/84686.m3u8
  REPARADA: https://tv.masterplaytv.club:8080/live/mgwleor/4lhLaPDAOh/84686.m3u8
- ORIGINAL: http://tv.masterplaytv.club:8080/live/mgwleor/4lhLaPDAOh/84687.m3u8
  REPARADA: https://tv.masterplaytv.club:8080/live/mgwleor/4lhLaPDAOh/84687.m3u8
- ORIGINAL: http://tv.masterplaytv.club:8080/live/mgwleor/4lhLaPDAOh/84688.m3u8
  REPARADA: https://tv.masterplaytv.club:8080/live/mgwleor/4lhLaPDAOh/84688.m3u8
- ORIGINAL: http://tv.masterplaytv.club:8080/live/mgwleor/4lhLaPDAOh/84689.m3u8
  REPARADA: https://tv.masterplaytv.club:8080/live/mgwleor/4lhLaPDAOh/84689.m3u8
- ORIGINAL: http://tv.masterplaytv.club:8080/live/mgwleor/4lhLaPDAOh/84690.m3u8
  REPARADA: https://tv.masterplaytv.club:8080/live/mgwleor/4lhLaPDAOh/84690.m3u8
- ORIGINAL: http://tv.masterplaytv.club:8080/live/mgwleor/4lhLaPDAOh/84691.m3u8
  REPARADA: https://tv.masterplaytv.club:8080/live/mgwleor/4lhLaPDAOh/84691.m3u8
- ORIGINAL: http://tv.masterplaytv.club:8080/live/mgwleor/4lhLaPDAOh/84692.m3u8
  REPARADA: https://tv.masterplaytv.club:8080/live/mgwleor/4lhLaPDAOh/84692.m3u8
- ORIGINAL: http://tv.masterplaytv.club:8080/live/mgwleor/4lhLaPDAOh/84693.m3u8
  REPARADA: https://tv.masterplaytv.club:8080/live/mgwleor/4lhLaPDAOh/84693.m3u8
- ORIGINAL: http://tv.masterplaytv.club:8080/live/mgwleor/4lhLaPDAOh/84694.m3u8
  REPARADA: https://tv.masterplaytv.club:8080/live/mgwleor/4lhLaPDAOh/84694.m3u8
- ORIGINAL: http://tv.masterplaytv.club:8080/live/mgwleor/4lhLaPDAOh/84695.m3u8
  REPARADA: https://tv.masterplaytv.club:8080/live/mgwleor/4lhLaPDAOh/84695.m3u8
- ORIGINAL: http://tv.masterplaytv.club:8080/live/mgwleor/4lhLaPDAOh/84696.m3u8
  REPARADA: https://tv.masterplaytv.club:8080/live/mgwleor/4lhLaPDAOh/84696.m3u8
- ORIGINAL: http://tv.masterplaytv.club:8080/live/mgwleor/4lhLaPDAOh/84697.m3u8
  REPARADA: https://tv.masterplaytv.club:8080/live/mgwleor/4lhLaPDAOh/84697.m3u8
- ORIGINAL: http://tv.masterplaytv.club:8080/live/mgwleor/4lhLaPDAOh/84698.m3u8
  REPARADA: https://tv.masterplaytv.club:8080/live/mgwleor/4lhLaPDAOh/84698.m3u8
- ORIGINAL: http://tv.masterplaytv.club:8080/live/mgwleor/4lhLaPDAOh/84699.m3u8
  REPARADA: https://tv.masterplaytv.club:8080/live/mgwleor/4lhLaPDAOh/84699.m3u8
- ORIGINAL: http://tv.masterplaytv.club:8080/live/mgwleor/4lhLaPDAOh/84700.m3u8
  REPARADA: https://tv.masterplaytv.club:8080/live/mgwleor/4lhLaPDAOh/84700.m3u8
- ORIGINAL: http://tv.masterplaytv.club:8080/live/mgwleor/4lhLaPDAOh/118233.m3u8
  REPARADA: https://tv.masterplaytv.club:8080/live/mgwleor/4lhLaPDAOh/118233.m3u8
- ORIGINAL: http://tv.masterplaytv.club:8080/live/mgwleor/4lhLaPDAOh/118237.m3u8
  REPARADA: https://tv.masterplaytv.club:8080/live/mgwleor/4lhLaPDAOh/118237.m3u8
- ORIGINAL: http://tv.masterplaytv.club:8080/live/mgwleor/4lhLaPDAOh/118238.m3u8
  REPARADA: https://tv.masterplaytv.club:8080/live/mgwleor/4lhLaPDAOh/118238.m3u8
- ORIGINAL: http://tv.masterplaytv.club:8080/live/mgwleor/4lhLaPDAOh/118239.m3u8
  REPARADA: https://tv.masterplaytv.club:8080/live/mgwleor/4lhLaPDAOh/118239.m3u8
- ORIGINAL: https://tinyurl.com/2fw79tx8?.m3u8
  REPARADA: https://proxy.movian.tv/2fw79tx8?.m3u8
- ORIGINAL: https://amg01334-beinsportsllc-beinxtra-localnow-kcy6r.amagi.tv/playlist.m3u8
  REPARADA: https://amg01334-beinsportsllc-beinxtra-localnow-kcy6r.proxy.movian.tv/amagi/playlist.m3u8
- ORIGINAL: https://tinyurl.com/yc6az36h?.m3u8
  REPARADA: https://proxy.movian.tv/yc6az36h?.m3u8
- ORIGINAL: https://tinyurl.com/4t54ftdy?.m3u8
  REPARADA: https://proxy.movian.tv/4t54ftdy?.m3u8
- ORIGINAL: https://stream.ads.ottera.tv/playlist.m3u8?network_id=2013
  REPARADA: https://stream.ads.ottera.tv/playlist.m3u8
- ORIGINAL: http://190.92.10.66:4000/play/a008/index.m3u8
  REPARADA: https://proxy.movian.tv:4000/play/a008/index.m3u8
- ORIGINAL: http://185.236.229.62:9981/play/a05w/index.m3u8
  REPARADA: https://proxy.movian.tv:9981/play/a05w/index.m3u8
- ORIGINAL: http://185.236.229.62:9981/play/a05y/index.m3u8
  REPARADA: https://proxy.movian.tv:9981/play/a05y/index.m3u8
- ORIGINAL: http://181.78.105.146:2000/play/a093/index.m3u8
  REPARADA: https://proxy.movian.tv:2000/play/a093/index.m3u8
- ORIGINAL: https://tinyurl.com/4trh5j6f?.m3u8
  REPARADA: https://proxy.movian.tv/4trh5j6f?.m3u8
- ORIGINAL: https://stream.ads.ottera.tv/playlist.m3u8?network_id=3010
  REPARADA: https://stream.ads.ottera.tv/playlist.m3u8
- ORIGINAL: https://tinyurl.com/5dfffzru?.m3u8
  REPARADA: https://proxy.movian.tv/5dfffzru?.m3u8
- ORIGINAL: https://tinyurl.com/bdzhztdh?.m3u8
  REPARADA: https://proxy.movian.tv/bdzhztdh?.m3u8
- ORIGINAL: https://tinyurl.com/5e3h4ayy?.m3u8
  REPARADA: https://proxy.movian.tv/5e3h4ayy?.m3u8
- ORIGINAL: https://tinyurl.com/4fb2xbsp?.m3u8
  REPARADA: https://proxy.movian.tv/4fb2xbsp?.m3u8
- ORIGINAL: https://amg00378-maverickenterta-mavtv-smn-gb-samsung-rakuten-ozity.amagi.tv/playlist/amg00378-maverickenterta-mavtv-smn-gb-samsung-rakuten/playlist.m3u8
  REPARADA: https://amg00378-maverickenterta-mavtv-smn-gb-samsung-rakuten-ozity.proxy.movian.tv/amagi/playlist/amg00378-maverickenterta-mavtv-smn-gb-samsung-rakuten/playlist.m3u8
- ORIGINAL: https://amg01258-raycomsports-originsports-samsunguk-1f7fe.amagi.tv/playlist/amg01258-raycomsports-originsports-samsunguk/playlist.m3u8
  REPARADA: https://amg01258-raycomsports-originsports-samsunguk-1f7fe.proxy.movian.tv/amagi/playlist/amg01258-raycomsports-originsports-samsunguk/playlist.m3u8
- ORIGINAL: https://amg01258-raycomsports-powernationspanish-canelatv-5h8dc.amagi.tv/playlist/amg01258-raycomsports-powernationspanish-canelatv/playlist.m3u8
  REPARADA: https://amg01258-raycomsports-powernationspanish-canelatv-5h8dc.proxy.movian.tv/amagi/playlist/amg01258-raycomsports-powernationspanish-canelatv/playlist.m3u8
- ORIGINAL: http://125.209.88.166:45793/BRN/PTVSports.stream/playlist.m3u8
  REPARADA: https://proxy.movian.tv:45793/BRN/PTVSports.stream/playlist.m3u8
- ORIGINAL: http://95c5fbc8.ottclub.xyz/iptv/EBUCGK992DRF6L/272/index.m3u8
  REPARADA: https://95c5fbc8.ottclub.xyz/iptv/EBUCGK992DRF6L/272/index.m3u8
- ORIGINAL: http://95c5fbc8.ottclub.xyz/iptv/EBUCGK992DRF6L/271/index.m3u8
  REPARADA: https://95c5fbc8.ottclub.xyz/iptv/EBUCGK992DRF6L/271/index.m3u8
- ORIGINAL: http://95c5fbc8.ottclub.xyz/iptv/EBUCGK992DRF6L/270/index.m3u8
  REPARADA: https://95c5fbc8.ottclub.xyz/iptv/EBUCGK992DRF6L/270/index.m3u8
- ORIGINAL: http://190.92.10.66:4000/play/a006/index.m3u8
  REPARADA: https://proxy.movian.tv:4000/play/a006/index.m3u8
- ORIGINAL: http://125.209.88.166:45793/BRN/TenSports.stream/playlist.m3u8
  REPARADA: https://proxy.movian.tv:45793/BRN/TenSports.stream/playlist.m3u8

⚠️ Posibles listas encadenadas:
https://tv.masterplaytv.club:8080/live/mgwleor/4lhLaPDAOh/45817.m3u8
https://tv.masterplaytv.club:8080/live/mgwleor/4lhLaPDAOh/45871.m3u8
https://tv.masterplaytv.club:8080/live/mgwleor/4lhLaPDAOh/84671.m3u8
https://tv.masterplaytv.club:8080/live/mgwleor/4lhLaPDAOh/84672.m3u8
https://tv.masterplaytv.club:8080/live/mgwleor/4lhLaPDAOh/84673.m3u8
https://tv.masterplaytv.club:8080/live/mgwleor/4lhLaPDAOh/84674.m3u8
https://tv.masterplaytv.club:8080/live/mgwleor/4lhLaPDAOh/84675.m3u8
https://tv.masterplaytv.club:8080/live/mgwleor/4lhLaPDAOh/84676.m3u8
https://tv.masterplaytv.club:8080/live/mgwleor/4lhLaPDAOh/84677.m3u8
https://tv.masterplaytv.club:8080/live/mgwleor/4lhLaPDAOh/84678.m3u8
https://tv.masterplaytv.club:8080/live/mgwleor/4lhLaPDAOh/84679.m3u8
https://tv.masterplaytv.club:8080/live/mgwleor/4lhLaPDAOh/84680.m3u8
https://tv.masterplaytv.club:8080/live/mgwleor/4lhLaPDAOh/84681.m3u8
https://tv.masterplaytv.club:8080/live/mgwleor/4lhLaPDAOh/84682.m3u8
https://tv.masterplaytv.club:8080/live/mgwleor/4lhLaPDAOh/84683.m3u8
https://tv.masterplaytv.club:8080/live/mgwleor/4lhLaPDAOh/84684.m3u8
https://tv.masterplaytv.club:8080/live/mgwleor/4lhLaPDAOh/84685.m3u8
https://tv.masterplaytv.club:8080/live/mgwleor/4lhLaPDAOh/84686.m3u8
https://tv.masterplaytv.club:8080/live/mgwleor/4lhLaPDAOh/84687.m3u8
https://tv.masterplaytv.club:8080/live/mgwleor/4lhLaPDAOh/84688.m3u8
https://tv.masterplaytv.club:8080/live/mgwleor/4lhLaPDAOh/84689.m3u8
https://tv.masterplaytv.club:8080/live/mgwleor/4lhLaPDAOh/84690.m3u8
https://tv.masterplaytv.club:8080/live/mgwleor/4lhLaPDAOh/84691.m3u8
https://tv.masterplaytv.club:8080/live/mgwleor/4lhLaPDAOh/84692.m3u8
https://tv.masterplaytv.club:8080/live/mgwleor/4lhLaPDAOh/84693.m3u8
https://tv.masterplaytv.club:8080/live/mgwleor/4lhLaPDAOh/84694.m3u8
https://tv.masterplaytv.club:8080/live/mgwleor/4lhLaPDAOh/84695.m3u8
https://tv.masterplaytv.club:8080/live/mgwleor/4lhLaPDAOh/84696.m3u8
https://tv.masterplaytv.club:8080/live/mgwleor/4lhLaPDAOh/84697.m3u8
https://tv.masterplaytv.club:8080/live/mgwleor/4lhLaPDAOh/84698.m3u8
https://tv.masterplaytv.club:8080/live/mgwleor/4lhLaPDAOh/84699.m3u8
https://tv.masterplaytv.club:8080/live/mgwleor/4lhLaPDAOh/84700.m3u8
https://tv.masterplaytv.club:8080/live/mgwleor/4lhLaPDAOh/118233.m3u8
https://tv.masterplaytv.club:8080/live/mgwleor/4lhLaPDAOh/118237.m3u8
https://tv.masterplaytv.club:8080/live/mgwleor/4lhLaPDAOh/118238.m3u8
https://tv.masterplaytv.club:8080/live/mgwleor/4lhLaPDAOh/118239.m3u8
https://origin.dpsgo.com/ssai/event/uFiYkh4CQPCPgbs7WPKhXw/master.m3u8
https://hls.pokertvfa.live/hls/stream.m3u8
https://vo-live.cdb.cdn.orange.com/Content/Channel/AbuDhabiSportsChannel2/HLS/index.m3u8
https://proxy.movian.tv/2fw79tx8?.m3u8
https://cdn.digital.com.bo/__cl/cg:sworigin2/__c/AMERICASPORTS/__op/hls-default/__f/index.m3u8
https://aym-as.otteravision.com/aym/as/as.m3u8
https://5c7b683162943.streamlock.net/live/ngrp:sportsone_all/.m3u8
https://5c7b683162943.streamlock.net/live/ngrp:bahrainsportstwo_all/.m3u8
https://fl2.moveonjoy.com/BEIN_SPORTS/index.m3u8
https://amg01334-beinsportsllc-beinxtra-localnow-kcy6r.proxy.movian.tv/amagi/playlist.m3u8
https://proxy.movian.tv/yc6az36h?.m3u8
https://cdn3.wowza.com/5/ZWQ1K2NYTmpFbGsr/BEK-WOWZA-1/smil:BEKPRIMEW.smil/.m3u8
https://proxy.movian.tv/4t54ftdy?.m3u8
https://stream.ads.ottera.tv/playlist.m3u8
https://fl2.moveonjoy.com/CBS_SPORTS_NETWORK/index.m3u8
https://proxy.movian.tv:4000/play/a008/index.m3u8
https://dmidspta.cdn.mgmlcdn.com/dubaisports/smil:dubaisports.stream.smil/.m3u8
https://dmitwlvvll.cdn.mangomolo.com/dubaisportshd/smil:dubaisportshd.smil/.m3u8
https://dmitwlvvll.cdn.mangomolo.com/dubaisportshd5/smil:dubaisportshd5.smil/.m3u8
https://proxy.movian.tv:9981/play/a05w/index.m3u8
https://proxy.movian.tv:9981/play/a05y/index.m3u8
https://multimedia.eitb.eus/live-content/oka3hd-hls/master.m3u8
https://stream01.vnet.am/Channel_131/index.m3u8
https://cdn09jtedge.indihometv.com/joss/133/fightsport/index.m3u8
https://d2p372oxiwmcn1.cloudfront.net/hls/1080p/playlist.m3u8
https://proxy.movian.tv:2000/play/a093/index.m3u8
https://fl4.moveonjoy.com/FOX_Sports_1/index.m3u8
https://fl5.moveonjoy.com/FOX_Sports_2/index.m3u8
https://proxy.movian.tv/4trh5j6f?.m3u8
https://stream.ads.ottera.tv/playlist.m3u8
https://proxy.movian.tv/5dfffzru?.m3u8
https://proxy.movian.tv/bdzhztdh?.m3u8
https://proxy.movian.tv/5e3h4ayy?.m3u8
https://proxy.movian.tv/4fb2xbsp?.m3u8
https://1840769862.rsc.cdn77.org/FTF/LSN.m3u8
https://d70mb4nkspm3g.cloudfront.net/v1/master/3722c60a815c199d9c0ef36c5b73da68a62b09d1/cc-vvwqo3j029lz0/playlist.m3u8
https://amg00378-maverickenterta-mavtv-smn-gb-samsung-rakuten-ozity.proxy.movian.tv/amagi/playlist/amg00378-maverickenterta-mavtv-smn-gb-samsung-rakuten/playlist.m3u8
https://mts1.iptv-playoutcenter.de/mts/mts-web/playlist.m3u8
https://amg01258-raycomsports-originsports-samsunguk-1f7fe.proxy.movian.tv/amagi/playlist/amg01258-raycomsports-originsports-samsunguk/playlist.m3u8
https://amg01258-raycomsports-powernationspanish-canelatv-5h8dc.proxy.movian.tv/amagi/playlist/amg01258-raycomsports-powernationspanish-canelatv/playlist.m3u8
https://proxy.movian.tv:45793/BRN/PTVSports.stream/playlist.m3u8
https://95c5fbc8.ottclub.xyz/iptv/EBUCGK992DRF6L/272/index.m3u8
https://95c5fbc8.ottclub.xyz/iptv/EBUCGK992DRF6L/271/index.m3u8
https://95c5fbc8.ottclub.xyz/iptv/EBUCGK992DRF6L/270/index.m3u8
https://proxy.movian.tv:4000/play/a006/index.m3u8
https://live.sportstv.com.tr/hls/low/sportstv_fhd/index.m3u8
https://origin3.afxp.telemedia.co.za/PremiumFree/sportsconnect/playlist.m3u8
https://proxy.movian.tv:45793/BRN/TenSports.stream/playlist.m3u8
https://cnm-tsl.otteravision.com/cnm/tsl/tsl.m3u8
https://dacastmmd.mmdlive.lldns.net/dacastmmd/1b6bbade53634f5a847b953c9adfd102/index.m3u8
https://csm-e-eb.csm.tubi.video/csm/extlive/tubiprd01,Fast-Studios-Womens-Sports.m3u8
