🔧 URLs reparadas:
- ORIGINAL: http://tv.teleclub.xyz/stream/server_2/deportes/beinsportsextran/master.m3u8
  REPARADA: https://tv.teleclub.xyz/stream/server_2/deportes/beinsportsextran/master.m3u8
- ORIGINAL: http://tv.teleclub.xyz/stream/server_2/deportes/directvsports/master.m3u8
  REPARADA: https://tv.teleclub.xyz/stream/server_2/deportes/directvsports/master.m3u8
- ORIGINAL: http://tv.teleclub.xyz/stream/server_2/deportes/directvsportsplus/master.m3u8
  REPARADA: https://tv.teleclub.xyz/stream/server_2/deportes/directvsportsplus/master.m3u8
- ORIGINAL: http://tv.teleclub.xyz/stream/server_2/deportes/directvsports2/master.m3u8
  REPARADA: https://tv.teleclub.xyz/stream/server_2/deportes/directvsports2/master.m3u8
- ORIGINAL: http://tv.teleclub.xyz/stream/server_2/deportes/golperu/master.m3u8
  REPARADA: https://tv.teleclub.xyz/stream/server_2/deportes/golperu/master.m3u8
- ORIGINAL: http://tv.teleclub.xyz/stream/server_2/deportes/winsportsplus/master.m3u8
  REPARADA: https://tv.teleclub.xyz/stream/server_2/deportes/winsportsplus/master.m3u8
- ORIGINAL: https://mainstreammedia-worldoffreesportsintl-rakuten.amagi.tv/hls/amagi_hls_data_rakutenAA-mainstreammediafreesportsintl-rakuten/CDN/master.m3u8
  REPARADA: https://mainstreammedia-worldoffreesportsintl-rakuten.proxy.movian.tv/amagi/hls/amagi_hls_data_rakutenAA-mainstreammediafreesportsintl-rakuten/CDN/master.m3u8

⚠️ Posibles listas encadenadas:
https://tv.teleclub.xyz/stream/server_2/deportes/beinsportsextran/master.m3u8
https://tv.teleclub.xyz/stream/server_2/deportes/directvsports/master.m3u8
https://tv.teleclub.xyz/stream/server_2/deportes/directvsportsplus/master.m3u8
https://tv.teleclub.xyz/stream/server_2/deportes/directvsports2/master.m3u8
https://tv.teleclub.xyz/stream/server_2/deportes/golperu/master.m3u8
https://tv.teleclub.xyz/stream/server_2/deportes/winsportsplus/master.m3u8
https://mainstreammedia-worldoffreesportsintl-rakuten.proxy.movian.tv/amagi/hls/amagi_hls_data_rakutenAA-mainstreammediafreesportsintl-rakuten/CDN/master.m3u8
