🔧 URLs reparadas:
- ORIGINAL: http://amdlive-ch01.ctnd.com.edgesuite.net/arirang_3ch/smil:arirang_3ch.smil/playlist.m3u8
  REPARADA: https://amdlive-ch01.ctnd.com.edgesuite.net/arirang_3ch/smil:arirang_3ch.smil/playlist.m3u8
- ORIGINAL: http://amdlive-ch03.ctnd.com.edgesuite.net/arirang_3ch/smil:arirang_3ch.smil/playlist.m3u8
  REPARADA: https://amdlive-ch03.ctnd.com.edgesuite.net/arirang_3ch/smil:arirang_3ch.smil/playlist.m3u8
- ORIGINAL: http://amdlive.ctnd.com.edgesuite.net/arirang_1ch/smil:arirang_1ch.smil/playlist.m3u8?PlaylistM3UCL
  REPARADA: https://amdlive.ctnd.com.edgesuite.net/arirang_1ch/smil:arirang_1ch.smil/playlist.m3u8PlaylistM3UCL
- ORIGINAL: http://amdlive.ctnd.com.edgesuite.net/arirang_1ch/smil:arirang_1ch.smil/chunklist_b2256000_sleng.m3u8
  REPARADA: https://amdlive.ctnd.com.edgesuite.net/arirang_1ch/smil:arirang_1ch.smil/chunklist_b2256000_sleng.m3u8
- ORIGINAL: https://cdn-ue1-prod.tsv2.amagi.tv/linear/amg00731-gannettcoinc-usatodaynews-plex/playlist.m3u8?us_privacy=1---&did=62274240-07e7-5d94-8dc8-ef68cf19e175&dnt=0&X-Plex-Token=SYmqRsd_3zFsz7JJX_qb&channelId=60df3e18541143002f3b8607
  REPARADA: https://cdn-ue1-prod.tsv2.proxy.movian.tv/amagi/linear/amg00731-gannettcoinc-usatodaynews-plex/playlist.m3u8us_privacy=1---&did=62274240-07e7-5d94-8dc8-ef68cf19e175&dnt=0&X-Plex-Token=SYmqRsd_3zFsz7JJX_qb&channelId=60df3e18541143002f3b8607
- ORIGINAL: https://lightning-now70s-rakuten.amagi.tv/hls/amagi_hls_data_rakutenAA-lightning-now70s-rakuten/CDN/playlist.m3u8?ads_amagi_channel=869&ads_amznbrmid=&ads_amznregion=&ads_amznslots=&ads_app_bundle=com.rakuten.tv&ads_app_store_url=rakuten.tv&ads_app_version=&ads_brand_name=&ads_content_classification=0&ads_device_lmt=1&ads_device_make=&ads_device_model=&ads_device_type=web&ads_device_year=&ads_env=prod&ads_gam_correlator=&ads_gdpr_consent=&ads_market=es&ads_os_language=&ads_player_height=&ads_player_width=&ads_pod_type=playerpage_midroll&ads_ppid=&ads_rtv_content_id=5284&ads_rtv_content_language=eng&ads_rtvid=271859&ads_streaming_id=62473487-7cd5-4048-a0df-a9ce8b127ee5&ads_tivo_devcountry=&ads_tivo_devmakedate=&ads_tivo_mvpd=&ads_tivo_platform=&ads_tivo_usid=&ads_tivo_uxloc=&ads_user_type=visitor
  REPARADA: https://lightning-now70s-rakuten.proxy.movian.tv/amagi/hls/amagi_hls_data_rakutenAA-lightning-now70s-rakuten/CDN/playlist.m3u8ads_amagi_channel=869&ads_amznbrmid=&ads_amznregion=&ads_amznslots=&ads_app_bundle=com.rakuten.tv&ads_app_store_url=rakuten.tv&ads_app_version=&ads_brand_name=&ads_content_classification=0&ads_device_lmt=1&ads_device_make=&ads_device_model=&ads_device_type=web&ads_device_year=&ads_env=prod&ads_gam_correlator=&ads_gdpr_consent=&ads_market=es&ads_os_language=&ads_player_height=&ads_player_width=&ads_pod_type=playerpage_midroll&ads_ppid=&ads_rtv_content_id=5284&ads_rtv_content_language=eng&ads_rtvid=271859&ads_streaming_id=62473487-7cd5-4048-a0df-a9ce8b127ee5&ads_tivo_devcountry=&ads_tivo_devmakedate=&ads_tivo_mvpd=&ads_tivo_platform=&ads_tivo_usid=&ads_tivo_uxloc=&ads_user_type=visitor
- ORIGINAL: https://lightning-now80s-rakuten.amagi.tv/hls/amagi_hls_data_rakutenAA-lightning-now80s-rakuten/CDN/playlist.m3u8?ads_amagi_channel=871&ads_amznbrmid=&ads_amznregion=&ads_amznslots=&ads_app_bundle=com.rakuten.tv&ads_app_store_url=rakuten.tv&ads_app_version=&ads_brand_name=&ads_content_classification=0&ads_device_lmt=1&ads_device_make=&ads_device_model=&ads_device_type=web&ads_device_year=&ads_env=prod&ads_gam_correlator=&ads_gdpr_consent=&ads_market=es&ads_os_language=&ads_player_height=&ads_player_width=&ads_pod_type=playerpage_midroll&ads_ppid=&ads_rtv_content_id=5318&ads_rtv_content_language=eng&ads_rtvid=271859&ads_streaming_id=defd19c8-019e-4b92-8794-5ec20ef29950&ads_tivo_devcountry=&ads_tivo_devmakedate=&ads_tivo_mvpd=&ads_tivo_platform=&ads_tivo_usid=&ads_tivo_uxloc=&ads_user_type=visitor
  REPARADA: https://lightning-now80s-rakuten.proxy.movian.tv/amagi/hls/amagi_hls_data_rakutenAA-lightning-now80s-rakuten/CDN/playlist.m3u8ads_amagi_channel=871&ads_amznbrmid=&ads_amznregion=&ads_amznslots=&ads_app_bundle=com.rakuten.tv&ads_app_store_url=rakuten.tv&ads_app_version=&ads_brand_name=&ads_content_classification=0&ads_device_lmt=1&ads_device_make=&ads_device_model=&ads_device_type=web&ads_device_year=&ads_env=prod&ads_gam_correlator=&ads_gdpr_consent=&ads_market=es&ads_os_language=&ads_player_height=&ads_player_width=&ads_pod_type=playerpage_midroll&ads_ppid=&ads_rtv_content_id=5318&ads_rtv_content_language=eng&ads_rtvid=271859&ads_streaming_id=defd19c8-019e-4b92-8794-5ec20ef29950&ads_tivo_devcountry=&ads_tivo_devmakedate=&ads_tivo_mvpd=&ads_tivo_platform=&ads_tivo_usid=&ads_tivo_uxloc=&ads_user_type=visitor
- ORIGINAL: https://cdn-apse1-prod.tsv2.amagi.tv/linear/amg01076-lightningintern-traceurban-samsungnz/playlist.m3u8
  REPARADA: https://cdn-apse1-prod.tsv2.proxy.movian.tv/amagi/linear/amg01076-lightningintern-traceurban-samsungnz/playlist.m3u8
- ORIGINAL: https://cdn-ue1-prod.tsv2.amagi.tv/linear/amg00731-gannettcoinc-usatodaynews-plex/playlist.m3u8
  REPARADA: https://cdn-ue1-prod.tsv2.proxy.movian.tv/amagi/linear/amg00731-gannettcoinc-usatodaynews-plex/playlist.m3u8

⚠️ Posibles listas encadenadas:
https://amdlive-ch01.ctnd.com.edgesuite.net/arirang_3ch/smil:arirang_3ch.smil/playlist.m3u8
https://amdlive-ch03.ctnd.com.edgesuite.net/arirang_3ch/smil:arirang_3ch.smil/playlist.m3u8
https://amdlive.ctnd.com.edgesuite.net/arirang_1ch/smil:arirang_1ch.smil/chunklist_b2256000_sleng.m3u8
https://amdlive-ch01-ctnd-com.akamaized.net/arirang_1ch/smil:arirang_1ch.smil/playlist.m3u8
https://linear-254.frequency.stream/mt/studio/254/hls/master/playlist.m3u8
https://cdn-apse1-prod.tsv2.proxy.movian.tv/amagi/linear/amg01076-lightningintern-traceurban-samsungnz/playlist.m3u8
https://cdn-ue1-prod.tsv2.proxy.movian.tv/amagi/linear/amg00731-gannettcoinc-usatodaynews-plex/playlist.m3u8
