🔧 URLs reparadas:
- ORIGINAL: http://tv.masterplaytv.club:8080/live/mgwleor/4lhLaPDAOh/10762.m3u8
  REPARADA: https://tv.masterplaytv.club:8080/live/mgwleor/4lhLaPDAOh/10762.m3u8
- ORIGINAL: http://tv.masterplaytv.club:8080/live/mgwleor/4lhLaPDAOh/10763.m3u8
  REPARADA: https://tv.masterplaytv.club:8080/live/mgwleor/4lhLaPDAOh/10763.m3u8
- ORIGINAL: http://tv.masterplaytv.club:8080/live/mgwleor/4lhLaPDAOh/10764.m3u8
  REPARADA: https://tv.masterplaytv.club:8080/live/mgwleor/4lhLaPDAOh/10764.m3u8
- ORIGINAL: http://tv.masterplaytv.club:8080/live/mgwleor/4lhLaPDAOh/10765.m3u8
  REPARADA: https://tv.masterplaytv.club:8080/live/mgwleor/4lhLaPDAOh/10765.m3u8
- ORIGINAL: http://tv.masterplaytv.club:8080/live/mgwleor/4lhLaPDAOh/10766.m3u8
  REPARADA: https://tv.masterplaytv.club:8080/live/mgwleor/4lhLaPDAOh/10766.m3u8
- ORIGINAL: http://tv.masterplaytv.club:8080/live/mgwleor/4lhLaPDAOh/10767.m3u8
  REPARADA: https://tv.masterplaytv.club:8080/live/mgwleor/4lhLaPDAOh/10767.m3u8
- ORIGINAL: http://tv.masterplaytv.club:8080/live/mgwleor/4lhLaPDAOh/10768.m3u8
  REPARADA: https://tv.masterplaytv.club:8080/live/mgwleor/4lhLaPDAOh/10768.m3u8
- ORIGINAL: http://tv.masterplaytv.club:8080/live/mgwleor/4lhLaPDAOh/10769.m3u8
  REPARADA: https://tv.masterplaytv.club:8080/live/mgwleor/4lhLaPDAOh/10769.m3u8
- ORIGINAL: http://tv.masterplaytv.club:8080/live/mgwleor/4lhLaPDAOh/10770.m3u8
  REPARADA: https://tv.masterplaytv.club:8080/live/mgwleor/4lhLaPDAOh/10770.m3u8
- ORIGINAL: http://tv.masterplaytv.club:8080/live/mgwleor/4lhLaPDAOh/10771.m3u8
  REPARADA: https://tv.masterplaytv.club:8080/live/mgwleor/4lhLaPDAOh/10771.m3u8
- ORIGINAL: http://tv.masterplaytv.club:8080/live/mgwleor/4lhLaPDAOh/10772.m3u8
  REPARADA: https://tv.masterplaytv.club:8080/live/mgwleor/4lhLaPDAOh/10772.m3u8
- ORIGINAL: http://tv.masterplaytv.club:8080/live/mgwleor/4lhLaPDAOh/10774.m3u8
  REPARADA: https://tv.masterplaytv.club:8080/live/mgwleor/4lhLaPDAOh/10774.m3u8
- ORIGINAL: http://tv.masterplaytv.club:8080/live/mgwleor/4lhLaPDAOh/10775.m3u8
  REPARADA: https://tv.masterplaytv.club:8080/live/mgwleor/4lhLaPDAOh/10775.m3u8
- ORIGINAL: http://tv.masterplaytv.club:8080/live/mgwleor/4lhLaPDAOh/10776.m3u8
  REPARADA: https://tv.masterplaytv.club:8080/live/mgwleor/4lhLaPDAOh/10776.m3u8
- ORIGINAL: http://tv.masterplaytv.club:8080/live/mgwleor/4lhLaPDAOh/10777.m3u8
  REPARADA: https://tv.masterplaytv.club:8080/live/mgwleor/4lhLaPDAOh/10777.m3u8
- ORIGINAL: http://tv.masterplaytv.club:8080/live/mgwleor/4lhLaPDAOh/10778.m3u8
  REPARADA: https://tv.masterplaytv.club:8080/live/mgwleor/4lhLaPDAOh/10778.m3u8
- ORIGINAL: http://tv.masterplaytv.club:8080/live/mgwleor/4lhLaPDAOh/10779.m3u8
  REPARADA: https://tv.masterplaytv.club:8080/live/mgwleor/4lhLaPDAOh/10779.m3u8
- ORIGINAL: http://tv.masterplaytv.club:8080/live/mgwleor/4lhLaPDAOh/10780.m3u8
  REPARADA: https://tv.masterplaytv.club:8080/live/mgwleor/4lhLaPDAOh/10780.m3u8
- ORIGINAL: http://tv.masterplaytv.club:8080/live/mgwleor/4lhLaPDAOh/10781.m3u8
  REPARADA: https://tv.masterplaytv.club:8080/live/mgwleor/4lhLaPDAOh/10781.m3u8
- ORIGINAL: http://tv.masterplaytv.club:8080/live/mgwleor/4lhLaPDAOh/10782.m3u8
  REPARADA: https://tv.masterplaytv.club:8080/live/mgwleor/4lhLaPDAOh/10782.m3u8
- ORIGINAL: http://tv.masterplaytv.club:8080/live/mgwleor/4lhLaPDAOh/10783.m3u8
  REPARADA: https://tv.masterplaytv.club:8080/live/mgwleor/4lhLaPDAOh/10783.m3u8
- ORIGINAL: http://tv.masterplaytv.club:8080/live/mgwleor/4lhLaPDAOh/10784.m3u8
  REPARADA: https://tv.masterplaytv.club:8080/live/mgwleor/4lhLaPDAOh/10784.m3u8
- ORIGINAL: http://tv.masterplaytv.club:8080/live/mgwleor/4lhLaPDAOh/10785.m3u8
  REPARADA: https://tv.masterplaytv.club:8080/live/mgwleor/4lhLaPDAOh/10785.m3u8
- ORIGINAL: http://tv.masterplaytv.club:8080/live/mgwleor/4lhLaPDAOh/10786.m3u8
  REPARADA: https://tv.masterplaytv.club:8080/live/mgwleor/4lhLaPDAOh/10786.m3u8
- ORIGINAL: http://tv.masterplaytv.club:8080/live/mgwleor/4lhLaPDAOh/10787.m3u8
  REPARADA: https://tv.masterplaytv.club:8080/live/mgwleor/4lhLaPDAOh/10787.m3u8
- ORIGINAL: http://tv.masterplaytv.club:8080/live/mgwleor/4lhLaPDAOh/10788.m3u8
  REPARADA: https://tv.masterplaytv.club:8080/live/mgwleor/4lhLaPDAOh/10788.m3u8
- ORIGINAL: http://tv.masterplaytv.club:8080/live/mgwleor/4lhLaPDAOh/10789.m3u8
  REPARADA: https://tv.masterplaytv.club:8080/live/mgwleor/4lhLaPDAOh/10789.m3u8
- ORIGINAL: http://tv.masterplaytv.club:8080/live/mgwleor/4lhLaPDAOh/10790.m3u8
  REPARADA: https://tv.masterplaytv.club:8080/live/mgwleor/4lhLaPDAOh/10790.m3u8
- ORIGINAL: http://tv.masterplaytv.club:8080/live/mgwleor/4lhLaPDAOh/10791.m3u8
  REPARADA: https://tv.masterplaytv.club:8080/live/mgwleor/4lhLaPDAOh/10791.m3u8
- ORIGINAL: http://tv.masterplaytv.club:8080/live/mgwleor/4lhLaPDAOh/10792.m3u8
  REPARADA: https://tv.masterplaytv.club:8080/live/mgwleor/4lhLaPDAOh/10792.m3u8
- ORIGINAL: http://tv.masterplaytv.club:8080/live/mgwleor/4lhLaPDAOh/10793.m3u8
  REPARADA: https://tv.masterplaytv.club:8080/live/mgwleor/4lhLaPDAOh/10793.m3u8
- ORIGINAL: http://tv.masterplaytv.club:8080/live/mgwleor/4lhLaPDAOh/10794.m3u8
  REPARADA: https://tv.masterplaytv.club:8080/live/mgwleor/4lhLaPDAOh/10794.m3u8
- ORIGINAL: http://tv.masterplaytv.club:8080/live/mgwleor/4lhLaPDAOh/10795.m3u8
  REPARADA: https://tv.masterplaytv.club:8080/live/mgwleor/4lhLaPDAOh/10795.m3u8
- ORIGINAL: http://tv.masterplaytv.club:8080/live/mgwleor/4lhLaPDAOh/10796.m3u8
  REPARADA: https://tv.masterplaytv.club:8080/live/mgwleor/4lhLaPDAOh/10796.m3u8
- ORIGINAL: http://tv.masterplaytv.club:8080/live/mgwleor/4lhLaPDAOh/10797.m3u8
  REPARADA: https://tv.masterplaytv.club:8080/live/mgwleor/4lhLaPDAOh/10797.m3u8
- ORIGINAL: http://tv.masterplaytv.club:8080/live/mgwleor/4lhLaPDAOh/10798.m3u8
  REPARADA: https://tv.masterplaytv.club:8080/live/mgwleor/4lhLaPDAOh/10798.m3u8
- ORIGINAL: http://tv.masterplaytv.club:8080/live/mgwleor/4lhLaPDAOh/10799.m3u8
  REPARADA: https://tv.masterplaytv.club:8080/live/mgwleor/4lhLaPDAOh/10799.m3u8
- ORIGINAL: http://tv.masterplaytv.club:8080/live/mgwleor/4lhLaPDAOh/10800.m3u8
  REPARADA: https://tv.masterplaytv.club:8080/live/mgwleor/4lhLaPDAOh/10800.m3u8
- ORIGINAL: http://tv.masterplaytv.club:8080/live/mgwleor/4lhLaPDAOh/10801.m3u8
  REPARADA: https://tv.masterplaytv.club:8080/live/mgwleor/4lhLaPDAOh/10801.m3u8
- ORIGINAL: http://tv.masterplaytv.club:8080/live/mgwleor/4lhLaPDAOh/10802.m3u8
  REPARADA: https://tv.masterplaytv.club:8080/live/mgwleor/4lhLaPDAOh/10802.m3u8
- ORIGINAL: http://tv.masterplaytv.club:8080/live/mgwleor/4lhLaPDAOh/10803.m3u8
  REPARADA: https://tv.masterplaytv.club:8080/live/mgwleor/4lhLaPDAOh/10803.m3u8
- ORIGINAL: http://tv.masterplaytv.club:8080/live/mgwleor/4lhLaPDAOh/17910.m3u8
  REPARADA: https://tv.masterplaytv.club:8080/live/mgwleor/4lhLaPDAOh/17910.m3u8
- ORIGINAL: http://tv.masterplaytv.club:8080/live/mgwleor/4lhLaPDAOh/17915.m3u8
  REPARADA: https://tv.masterplaytv.club:8080/live/mgwleor/4lhLaPDAOh/17915.m3u8
- ORIGINAL: http://tv.masterplaytv.club:8080/live/mgwleor/4lhLaPDAOh/17916.m3u8
  REPARADA: https://tv.masterplaytv.club:8080/live/mgwleor/4lhLaPDAOh/17916.m3u8
- ORIGINAL: http://tv.masterplaytv.club:8080/live/mgwleor/4lhLaPDAOh/17935.m3u8
  REPARADA: https://tv.masterplaytv.club:8080/live/mgwleor/4lhLaPDAOh/17935.m3u8
- ORIGINAL: http://tv.masterplaytv.club:8080/live/mgwleor/4lhLaPDAOh/17949.m3u8
  REPARADA: https://tv.masterplaytv.club:8080/live/mgwleor/4lhLaPDAOh/17949.m3u8
- ORIGINAL: https://lightning-actionhollywood-xiaomi.amagi.tv/playlist.m3u8
  REPARADA: https://lightning-actionhollywood-xiaomi.proxy.movian.tv/amagi/playlist.m3u8
- ORIGINAL: http://5ea86ddd14ce7.streamlock.net:1935/live/cable09061970/.m3u8
  REPARADA: https://5ea86ddd14ce7.streamlock.net:1935/live/cable09061970/.m3u8
- ORIGINAL: https://tinyurl.com/5n86wu2h?.m3u8
  REPARADA: https://proxy.movian.tv/5n86wu2h?.m3u8
- ORIGINAL: https://tinyurl.com/mr48ka2a?.m3u8
  REPARADA: https://proxy.movian.tv/mr48ka2a?.m3u8
- ORIGINAL: http://stream.novouralsk-news.ru/echotv24/live.m3u8
  REPARADA: https://stream.novouralsk-news.ru/echotv24/live.m3u8
- ORIGINAL: https://fox-foxnewsnow-vizio.amagi.tv/playlist.m3u8
  REPARADA: https://fox-foxnewsnow-vizio.proxy.movian.tv/amagi/playlist.m3u8
- ORIGINAL: https://fox-foxnewsnow-samsungus.amagi.tv/playlist.m3u8
  REPARADA: https://fox-foxnewsnow-samsungus.proxy.movian.tv/amagi/playlist.m3u8
- ORIGINAL: https://lightning-now70s-samsungnz.amagi.tv/playlist.m3u8
  REPARADA: https://lightning-now70s-samsungnz.proxy.movian.tv/amagi/playlist.m3u8
- ORIGINAL: https://lightning-now80s-samsungnz.amagi.tv/playlist.m3u8
  REPARADA: https://lightning-now80s-samsungnz.proxy.movian.tv/amagi/playlist.m3u8
- ORIGINAL: https://lightning-now90s-samsungnz.amagi.tv/playlist.m3u8
  REPARADA: https://lightning-now90s-samsungnz.proxy.movian.tv/amagi/playlist.m3u8
- ORIGINAL: https://stream.ads.ottera.tv/playlist.m3u8?network_id=2116
  REPARADA: https://stream.ads.ottera.tv/playlist.m3u8
- ORIGINAL: https://blacknewschannel-vizio.amagi.tv/playlist.m3u8
  REPARADA: https://blacknewschannel-vizio.proxy.movian.tv/amagi/playlist.m3u8
- ORIGINAL: http://jzlive.jztvnews.com:90/live/jzgg.m3u8
  REPARADA: https://jzlive.jztvnews.com:90/live/jzgg.m3u8

⚠️ Posibles listas encadenadas:
https://tv.masterplaytv.club:8080/live/mgwleor/4lhLaPDAOh/10762.m3u8
https://tv.masterplaytv.club:8080/live/mgwleor/4lhLaPDAOh/10763.m3u8
https://tv.masterplaytv.club:8080/live/mgwleor/4lhLaPDAOh/10764.m3u8
https://tv.masterplaytv.club:8080/live/mgwleor/4lhLaPDAOh/10765.m3u8
https://tv.masterplaytv.club:8080/live/mgwleor/4lhLaPDAOh/10766.m3u8
https://tv.masterplaytv.club:8080/live/mgwleor/4lhLaPDAOh/10767.m3u8
https://tv.masterplaytv.club:8080/live/mgwleor/4lhLaPDAOh/10768.m3u8
https://tv.masterplaytv.club:8080/live/mgwleor/4lhLaPDAOh/10769.m3u8
https://tv.masterplaytv.club:8080/live/mgwleor/4lhLaPDAOh/10770.m3u8
https://tv.masterplaytv.club:8080/live/mgwleor/4lhLaPDAOh/10771.m3u8
https://tv.masterplaytv.club:8080/live/mgwleor/4lhLaPDAOh/10772.m3u8
https://tv.masterplaytv.club:8080/live/mgwleor/4lhLaPDAOh/10774.m3u8
https://tv.masterplaytv.club:8080/live/mgwleor/4lhLaPDAOh/10775.m3u8
https://tv.masterplaytv.club:8080/live/mgwleor/4lhLaPDAOh/10776.m3u8
https://tv.masterplaytv.club:8080/live/mgwleor/4lhLaPDAOh/10777.m3u8
https://tv.masterplaytv.club:8080/live/mgwleor/4lhLaPDAOh/10778.m3u8
https://tv.masterplaytv.club:8080/live/mgwleor/4lhLaPDAOh/10779.m3u8
https://tv.masterplaytv.club:8080/live/mgwleor/4lhLaPDAOh/10780.m3u8
https://tv.masterplaytv.club:8080/live/mgwleor/4lhLaPDAOh/10781.m3u8
https://tv.masterplaytv.club:8080/live/mgwleor/4lhLaPDAOh/10782.m3u8
https://tv.masterplaytv.club:8080/live/mgwleor/4lhLaPDAOh/10783.m3u8
https://tv.masterplaytv.club:8080/live/mgwleor/4lhLaPDAOh/10784.m3u8
https://tv.masterplaytv.club:8080/live/mgwleor/4lhLaPDAOh/10785.m3u8
https://tv.masterplaytv.club:8080/live/mgwleor/4lhLaPDAOh/10786.m3u8
https://tv.masterplaytv.club:8080/live/mgwleor/4lhLaPDAOh/10787.m3u8
https://tv.masterplaytv.club:8080/live/mgwleor/4lhLaPDAOh/10788.m3u8
https://tv.masterplaytv.club:8080/live/mgwleor/4lhLaPDAOh/10789.m3u8
https://tv.masterplaytv.club:8080/live/mgwleor/4lhLaPDAOh/10790.m3u8
https://tv.masterplaytv.club:8080/live/mgwleor/4lhLaPDAOh/10791.m3u8
https://tv.masterplaytv.club:8080/live/mgwleor/4lhLaPDAOh/10792.m3u8
https://tv.masterplaytv.club:8080/live/mgwleor/4lhLaPDAOh/10793.m3u8
https://tv.masterplaytv.club:8080/live/mgwleor/4lhLaPDAOh/10794.m3u8
https://tv.masterplaytv.club:8080/live/mgwleor/4lhLaPDAOh/10795.m3u8
https://tv.masterplaytv.club:8080/live/mgwleor/4lhLaPDAOh/10796.m3u8
https://tv.masterplaytv.club:8080/live/mgwleor/4lhLaPDAOh/10797.m3u8
https://tv.masterplaytv.club:8080/live/mgwleor/4lhLaPDAOh/10798.m3u8
https://tv.masterplaytv.club:8080/live/mgwleor/4lhLaPDAOh/10799.m3u8
https://tv.masterplaytv.club:8080/live/mgwleor/4lhLaPDAOh/10800.m3u8
https://tv.masterplaytv.club:8080/live/mgwleor/4lhLaPDAOh/10801.m3u8
https://tv.masterplaytv.club:8080/live/mgwleor/4lhLaPDAOh/10802.m3u8
https://tv.masterplaytv.club:8080/live/mgwleor/4lhLaPDAOh/10803.m3u8
https://tv.masterplaytv.club:8080/live/mgwleor/4lhLaPDAOh/17910.m3u8
https://tv.masterplaytv.club:8080/live/mgwleor/4lhLaPDAOh/17915.m3u8
https://tv.masterplaytv.club:8080/live/mgwleor/4lhLaPDAOh/17916.m3u8
https://tv.masterplaytv.club:8080/live/mgwleor/4lhLaPDAOh/17935.m3u8
https://tv.masterplaytv.club:8080/live/mgwleor/4lhLaPDAOh/17949.m3u8
https://167790.global.ssl.fastly.net/6189746bccf0424c112f5476/live_50bbca50292011ed8d265962bedee5f9/index.m3u8
https://lightning-actionhollywood-xiaomi.proxy.movian.tv/amagi/playlist.m3u8
https://v2.tustreaming.cl/atacamanoticias/index.m3u8
https://d19s1akyi84tn7.cloudfront.net/playlist.m3u8
https://5ea86ddd14ce7.streamlock.net:1935/live/cable09061970/.m3u8
https://proxy.movian.tv/5n86wu2h?.m3u8
https://proxy.movian.tv/mr48ka2a?.m3u8
https://ptvlive.kordia.net.nz/out/v1/3fc2254c865a457c8d7fbbce227a2aae/index.m3u8
https://vip.livecastnet.com:3206/live/nuevavidalive.m3u8
https://citynewsregional.akamaized.net/hls/live/1024053/Regional_Live_8/master.m3u8
https://cdn3.wowza.com/5/V2Y2VmhqMEFDTUkx/sdcounty/G0283_012/.m3u8
https://video.ct-n.com/live/ctnstream/.m3u8
https://cdn3.wowza.com/5/bGZUOHp2TnhudnM2/denver/G0080_002/.m3u8
https://tnt-television.com/DIGITAL_REGIE/index.m3u8
https://ukintl.dunyanews.tv/liveuk/ngrp:dunyalive_all/.m3u8
https://stream.novouralsk-news.ru/echotv24/live.m3u8
https://fox-foxnewsnow-vizio.proxy.movian.tv/amagi/playlist.m3u8
https://fox-foxnewsnow-samsungus.proxy.movian.tv/amagi/playlist.m3u8
https://live.tntdirect.tv:443/9CM2pADCxF/w5BA32MP6P/27.m3u8
https://video1.getstreamhosting.com:1936/8326/8326/.m3u8
https://www.milenial.news/salida/milenial.m3u8
https://amixtv.com/mntvh/index.m3u8
https://lightning-now70s-samsungnz.proxy.movian.tv/amagi/playlist.m3u8
https://lightning-now80s-samsungnz.proxy.movian.tv/amagi/playlist.m3u8
https://lightning-now90s-samsungnz.proxy.movian.tv/amagi/playlist.m3u8
https://live.tntdirect.tv:443/9CM2pADCxF/w5BA32MP6P/12.m3u8
https://bantel-cdn1.iptvperu.tv:1936/nacls_mov/atvnoticiasmovil_t6.stream/playlist.m3u8
https://pnt.janusmedia.tv/hls/pnt.m3u8
https://stream.ads.ottera.tv/playlist.m3u8
https://streamcdnb2-dd782ed59e2a4e86aabf6fc508674b59.msvdn.net/live/S38122967/2lyQRIAAGgRR/playlist_video.m3u8
https://blacknewschannel-vizio.proxy.movian.tv/amagi/playlist.m3u8
https://app.viloud.tv/hls/channel/0694b92d093cc2bd5438ff9bbccaf1a2.m3u8
https://videoserver.tmcreativos.com:19360/visionnoticias/visionnoticias.m3u8
https://live.palitranews.ge/hls/palitratv/index.m3u8
https://bk7l298nyx53-hls-live.5centscdn.com/realnews/e7dee419f91aa9e65939d3677fb9c4f5.sdp/playlist.m3u8
https://cdn3.wowza.com/5/bGZUOHp2TnhudnM2/santamonica/G0039_002/playlist.m3u8
https://video1.in-news.ru/c24/index.m3u8
https://jzlive.jztvnews.com:90/live/jzgg.m3u8
https://vtvstream.vnews.mv/vtvlive/vmedia/playlist.m3u8
