🔧 URLs reparadas:
- ORIGINAL: https://tinyurl.com/7bwsdrsx?.m3u8
  REPARADA: https://proxy.movian.tv/7bwsdrsx?.m3u8
- ORIGINAL: https://stream.ads.ottera.tv/playlist.m3u8?network_id=5629
  REPARADA: https://stream.ads.ottera.tv/playlist.m3u8
- ORIGINAL: http://181.78.82.6:46090/play/a050/index.m3u8
  REPARADA: https://proxy.movian.tv:46090/play/a050/index.m3u8
- ORIGINAL: https://stream.ads.ottera.tv/playlist.m3u8?network_id=656
  REPARADA: https://stream.ads.ottera.tv/playlist.m3u8
- ORIGINAL: https://tinyurl.com/y7apr8uz?.m3u8
  REPARADA: https://proxy.movian.tv/y7apr8uz?.m3u8
- ORIGINAL: https://tinyurl.com/2njhat83?.m3u8
  REPARADA: https://proxy.movian.tv/2njhat83?.m3u8
- ORIGINAL: https://stream.ads.ottera.tv/playlist.m3u8?network_id=6126
  REPARADA: https://stream.ads.ottera.tv/playlist.m3u8
- ORIGINAL: https://tinyurl.com/y942vm3e?.m3u8
  REPARADA: https://proxy.movian.tv/y942vm3e?.m3u8
- ORIGINAL: https://tinyurl.com/2xccsvzz?.m3u8
  REPARADA: https://proxy.movian.tv/2xccsvzz?.m3u8
- ORIGINAL: http://181.78.105.146:8800/play/a04q/index.m3u8
  REPARADA: https://proxy.movian.tv:8800/play/a04q/index.m3u8
- ORIGINAL: http://38.180.133.31:8000/play/a0nx/index.m3u8
  REPARADA: https://proxy.movian.tv:8000/play/a0nx/index.m3u8
- ORIGINAL: http://181.78.105.146:6060/play/a02f/index.m3u8
  REPARADA: https://proxy.movian.tv:6060/play/a02f/index.m3u8
- ORIGINAL: http://190.83.2.172:8080/play/a02z/index.m3u8
  REPARADA: https://proxy.movian.tv:8080/play/a02z/index.m3u8
- ORIGINAL: https://tinyurl.com/yc554uwp?.m3u8
  REPARADA: https://proxy.movian.tv/yc554uwp?.m3u8
- ORIGINAL: http://175.107.244.52:4457/play/a07d/index.m3u8
  REPARADA: https://proxy.movian.tv:4457/play/a07d/index.m3u8
- ORIGINAL: https://tinyurl.com/jzcwbemr?.m3u8
  REPARADA: https://proxy.movian.tv/jzcwbemr?.m3u8
- ORIGINAL: https://tinyurl.com/y8ywcf4x?.m3u8
  REPARADA: https://proxy.movian.tv/y8ywcf4x?.m3u8
- ORIGINAL: https://stream.ads.ottera.tv/playlist.m3u8?network_id=5625
  REPARADA: https://stream.ads.ottera.tv/playlist.m3u8
- ORIGINAL: https://tinyurl.com/zs7eujat?.m3u8
  REPARADA: https://proxy.movian.tv/zs7eujat?.m3u8
- ORIGINAL: https://tinyurl.com/57ca82u4?.m3u8
  REPARADA: https://proxy.movian.tv/57ca82u4?.m3u8
- ORIGINAL: http://ott-cdn.ucom.am/s48/index.m3u8
  REPARADA: https://ott-cdn.ucom.am/s48/index.m3u8
- ORIGINAL: https://appletree-mytime-samsungmexico.amagi.tv/playlist.m3u8
  REPARADA: https://appletree-mytime-samsungmexico.proxy.movian.tv/amagi/playlist.m3u8
- ORIGINAL: https://stream.ads.ottera.tv/playlist.m3u8?network_id=4565
  REPARADA: https://stream.ads.ottera.tv/playlist.m3u8

⚠️ Posibles listas encadenadas:
https://proxy.movian.tv/7bwsdrsx?.m3u8
https://stream.ads.ottera.tv/playlist.m3u8
https://proxy.movian.tv:46090/play/a050/index.m3u8
https://d1epkvgkeqefgi.cloudfront.net/index.m3u8
https://stream.ads.ottera.tv/playlist.m3u8
https://proxy.movian.tv/y7apr8uz?.m3u8
https://proxy.movian.tv/2njhat83?.m3u8
https://origin3.afxp.telemedia.co.za/PremiumFree/cinemahausa/playlist.m3u8
https://minerva-cinemasegreto-1-it.samsung.wurl.tv/playlist.m3u8
https://cdn09jtedge.indihometv.com/joss/134/cinemaworld/index.m3u8
https://video01.soultv.com.br/cinemonde/cinemonde/.m3u8
https://5d00db0e0fcd5.streamlock.net/7062/7062/.m3u8
https://daiconnect.com/live/hls/tvup/rt-cv/.m3u8
https://stream.ads.ottera.tv/playlist.m3u8
https://apollo.production-public.tubi.io/live/ac-cinevault-80s.m3u8
https://cdn.mycloudstream.io/hls/live/broadcast/etyetihk/index.m3u8
https://proxy.movian.tv/y942vm3e?.m3u8
https://app.viloud.tv/hls/channel/053140e08adc29e3eac61eb05ff12f51.m3u8
https://discoverfilm-discoverfilm-1-gb.samsung.wurl.tv/playlist.m3u8
https://proxy.movian.tv/2xccsvzz?.m3u8
https://dove-distro.cinedigm.com/playlist.m3u8
https://apollo.production-public.tubi.io/live/ac-dr-g-filmrise.m3u8
https://rpn.bozztv.com/ebstv/ebscinema/index.m3u8
https://proxy.movian.tv:8800/play/a04q/index.m3u8
https://proxy.movian.tv:8000/play/a0nx/index.m3u8
https://proxy.movian.tv:6060/play/a02f/index.m3u8
https://proxy.movian.tv:8080/play/a02z/index.m3u8
https://proxy.movian.tv/yc554uwp?.m3u8
https://proxy.movian.tv:4457/play/a07d/index.m3u8
https://proxy.movian.tv/jzcwbemr?.m3u8
https://proxy.movian.tv/y8ywcf4x?.m3u8
https://stream.ads.ottera.tv/playlist.m3u8
https://proxy.movian.tv/zs7eujat?.m3u8
https://apollo.production-public.tubi.io/live/ac-filmrise-blacktv-canada.m3u8
https://apollo.production-public.tubi.io/live/ac-filmrise-blacktv.m3u8
https://proxy.movian.tv/57ca82u4?.m3u8
https://apollo.production-public.tubi.io/live/ac-filmrise-horror-canada.m3u8
https://apollo.production-public.tubi.io/live/ac-filmrise-horror.m3u8
https://filmzie-filmzie-1-gb.vidaa.wurl.tv/playlist.m3u8
https://filmzie-filmzie-1-eu.zeasn.wurl.tv/playlist.m3u8
https://filmzie-filmzie-3-us.zeasn.wurl.tv/playlist.m3u8
https://ott-cdn.ucom.am/s48/index.m3u8
https://panel.freedomflixtv.org:3311/stream/play.m3u8
https://vcp.myplaytv.com:1936/moviefe/moviefe/.m3u8
https://appletree-mytime-samsungmexico.proxy.movian.tv/amagi/playlist.m3u8
https://cdn1-6p.teleuptv.net/a770b798-f2c0-4251-949d-b2fdc6d51898/index.m3u8
https://stream.ads.ottera.tv/playlist.m3u8
https://apollo.production-public.tubi.io/live/ac-filmrise-true-crime-canada.m3u8
https://apollo.production-public.tubi.io/live/ac-filmrise-true-crime.m3u8
