🔧 URLs reparadas:
- ORIGINAL: http://181.119.85.222:8000/play/a005/index.m3u8
  REPARADA: https://proxy.movian.tv:8000/play/a005/index.m3u8
- ORIGINAL: http://181.119.85.222:8000/play/a005/index.m3u8
  REPARADA: https://proxy.movian.tv:8000/play/a005/index.m3u8
- ORIGINAL: http://belami.top/L0K0TV/movian/mov/scripts/BUDTV-19/159209/index.m3u8?kt=DB2nHHkDthLZJguDKkaSzVhfUPez82McDKh8uF
  REPARADA: https://belami.top/L0K0TV/movian/mov/scripts/BUDTV-19/159209/index.m3u8?kt=DB2nHHkDthLZJguDKkaSzVhfUPez82McDKh8uF
- ORIGINAL: http://belami.top/L0K0TV/movian/mov/scripts/BUDTV-19/278465/index.m3u8?kt=DB2nHHkDthLZJguDKkaSzVhfUPez82McDKh8uF
  REPARADA: https://belami.top/L0K0TV/movian/mov/scripts/BUDTV-19/278465/index.m3u8?kt=DB2nHHkDthLZJguDKkaSzVhfUPez82McDKh8uF
- ORIGINAL: http://belami.top/L0K0TV/movian/mov/scripts/BUDTV-19/278464/index.m3u8?kt=DB2nHHkDthLZJguDKkaSzVhfUPez82McDKh8uF
  REPARADA: https://belami.top/L0K0TV/movian/mov/scripts/BUDTV-19/278464/index.m3u8?kt=DB2nHHkDthLZJguDKkaSzVhfUPez82McDKh8uF
- ORIGINAL: http://181.119.85.222:8000/play/a00r/index.m3u8
  REPARADA: https://proxy.movian.tv:8000/play/a00r/index.m3u8
- ORIGINAL: http://181.119.86.68:8000/play/b036/index.m3u8
  REPARADA: https://proxy.movian.tv:8000/play/b036/index.m3u8
- ORIGINAL: http://181.119.86.68:8000/play/b057/index.m3u8
  REPARADA: https://proxy.movian.tv:8000/play/b057/index.m3u8
- ORIGINAL: http://181.119.85.222:8000/play/a01i/index.m3u8
  REPARADA: https://proxy.movian.tv:8000/play/a01i/index.m3u8
- ORIGINAL: http://belami.top/L0K0TV/movian/mov/scripts/BUDTV-19/278460/index.m3u8?kt=DB2nHHkDthLZJguDKkaSzVhfUPez82McDKh8uF
  REPARADA: https://belami.top/L0K0TV/movian/mov/scripts/BUDTV-19/278460/index.m3u8?kt=DB2nHHkDthLZJguDKkaSzVhfUPez82McDKh8uF
- ORIGINAL: http://belami.top/L0K0TV/movian/mov/scripts/BUDTV-19/168599/index.m3u8?kt=DB2nHHkDthLZJguDKkaSzVhfUPez82McDKh8uF
  REPARADA: https://belami.top/L0K0TV/movian/mov/scripts/BUDTV-19/168599/index.m3u8?kt=DB2nHHkDthLZJguDKkaSzVhfUPez82McDKh8uF
- ORIGINAL: http://belami.top/L0K0TV/movian/mov/scripts/BUDTV-19/296580/index.m3u8?kt=DB2nHHkDthLZJguDKkaSzVhfUPez82McDKh8uF
  REPARADA: https://belami.top/L0K0TV/movian/mov/scripts/BUDTV-19/296580/index.m3u8?kt=DB2nHHkDthLZJguDKkaSzVhfUPez82McDKh8uF
- ORIGINAL: http://belami.top/L0K0TV/movian/mov/scripts/BUDTV-19/284153/index.m3u8?kt=DB2nHHkDthLZJguDKkaSzVhfUPez82McDKh8uF
  REPARADA: https://belami.top/L0K0TV/movian/mov/scripts/BUDTV-19/284153/index.m3u8?kt=DB2nHHkDthLZJguDKkaSzVhfUPez82McDKh8uF
- ORIGINAL: http://belami.top/L0K0TV/movian/mov/scripts/BUDTV-19/278424/index.m3u8?kt=DB2nHHkDthLZJguDKkaSzVhfUPez82McDKh8uF
  REPARADA: https://belami.top/L0K0TV/movian/mov/scripts/BUDTV-19/278424/index.m3u8?kt=DB2nHHkDthLZJguDKkaSzVhfUPez82McDKh8uF
- ORIGINAL: http://belami.top/L0K0TV/movian/mov/scripts/BUDTV-19/278400/index.m3u8?kt=DB2nHHkDthLZJguDKkaSzVhfUPez82McDKh8uF
  REPARADA: https://belami.top/L0K0TV/movian/mov/scripts/BUDTV-19/278400/index.m3u8?kt=DB2nHHkDthLZJguDKkaSzVhfUPez82McDKh8uF
- ORIGINAL: http://belami.top/L0K0TV/movian/mov/scripts/BUDTV-19/158682/index.m3u8?kt=DB2nHHkDthLZJguDKkaSzVhfUPez82McDKh8uF
  REPARADA: https://belami.top/L0K0TV/movian/mov/scripts/BUDTV-19/158682/index.m3u8?kt=DB2nHHkDthLZJguDKkaSzVhfUPez82McDKh8uF
- ORIGINAL: https://stream.ads.ottera.tv/playlist.m3u8?network_id=5625
  REPARADA: https://stream.ads.ottera.tv/playlist.m3u8
- ORIGINAL: http://belami.top/L0K0TV/movian/mov/scripts/BUDTV-19/168600/index.m3u8?kt=DB2nHHkDthLZJguDKkaSzVhfUPez82McDKh8uF
  REPARADA: https://belami.top/L0K0TV/movian/mov/scripts/BUDTV-19/168600/index.m3u8?kt=DB2nHHkDthLZJguDKkaSzVhfUPez82McDKh8uF
- ORIGINAL: http://belami.top/L0K0TV/movian/mov/scripts/BUDTV-19/278509/index.m3u8?kt=DB2nHHkDthLZJguDKkaSzVhfUPez82McDKh8uF
  REPARADA: https://belami.top/L0K0TV/movian/mov/scripts/BUDTV-19/278509/index.m3u8?kt=DB2nHHkDthLZJguDKkaSzVhfUPez82McDKh8uF
- ORIGINAL: https://vcp.myplaytv.com/moviefe/moviefe/playlist.m3u8?PlaylistM3UCL
  REPARADA: https://vcp.myplaytv.com/moviefe/moviefe/playlist.m3u8PlaylistM3UCL
- ORIGINAL: http://181.119.85.222:8000/play/a01w/index.m3u8
  REPARADA: https://proxy.movian.tv:8000/play/a01w/index.m3u8
- ORIGINAL: http://181.119.85.222:8000/play/a01w/index.m3u8
  REPARADA: https://proxy.movian.tv:8000/play/a01w/index.m3u8
- ORIGINAL: http://belami.top/L0K0TV/movian/mov/scripts/BUDTV-19/167056/index.m3u8?kt=DB2nHHkDthLZJguDKkaSzVhfUPez82McDKh8uF
  REPARADA: https://belami.top/L0K0TV/movian/mov/scripts/BUDTV-19/167056/index.m3u8?kt=DB2nHHkDthLZJguDKkaSzVhfUPez82McDKh8uF
- ORIGINAL: https://frndlymsl.akamaized.net/hls/live/2006426/pixlmsl/pixlmsl/playlist.m3u8?hdnts=st=1606053234~exp=3216054041~acl=*~hmac=208d261d9f98d76a5ac30aa2ce51751f88ee50cfc24812b7cbea8b0397489a07
  REPARADA: https://frndlymsl.akamaized.net/hls/live/2006426/pixlmsl/pixlmsl/playlist.m3u8hdnts=st=1606053234~exp=3216054041~acl=*~hmac=208d261d9f98d76a5ac30aa2ce51751f88ee50cfc24812b7cbea8b0397489a07
- ORIGINAL: https://stream.ads.ottera.tv/playlist.m3u8?network_id=2649
  REPARADA: https://stream.ads.ottera.tv/playlist.m3u8
- ORIGINAL: https://stream.ads.ottera.tv/playlist.m3u8?network_id=3529
  REPARADA: https://stream.ads.ottera.tv/playlist.m3u8
- ORIGINAL: https://stream.ads.ottera.tv/playlist.m3u8?network_id=2152
  REPARADA: https://stream.ads.ottera.tv/playlist.m3u8
- ORIGINAL: http://181.119.85.222:8000/play/a02b/index.m3u8
  REPARADA: https://proxy.movian.tv:8000/play/a02b/index.m3u8
- ORIGINAL: http://belami.top/L0K0TV/movian/mov/scripts/BUDTV-19/180632/index.m3u8?kt=DB2nHHkDthLZJguDKkaSzVhfUPez82McDKh8uF
  REPARADA: https://belami.top/L0K0TV/movian/mov/scripts/BUDTV-19/180632/index.m3u8?kt=DB2nHHkDthLZJguDKkaSzVhfUPez82McDKh8uF
- ORIGINAL: http://181.78.106.127:9000/play/ca083/index.m3u8
  REPARADA: https://proxy.movian.tv:9000/play/ca083/index.m3u8
- ORIGINAL: http://belami.top/L0K0TV/movian/mov/scripts/BUDTV-19/158697/index.m3u8?kt=DB2nHHkDthLZJguDKkaSzVhfUPez82McDKh8uF
  REPARADA: https://belami.top/L0K0TV/movian/mov/scripts/BUDTV-19/158697/index.m3u8?kt=DB2nHHkDthLZJguDKkaSzVhfUPez82McDKh8uF

⚠️ Posibles listas encadenadas:
https://proxy.movian.tv:8000/play/a005/index.m3u8
https://proxy.movian.tv:8000/play/a005/index.m3u8
https://proxy.movian.tv:8000/play/a00r/index.m3u8
https://proxy.movian.tv:8000/play/b036/index.m3u8
https://proxy.movian.tv:8000/play/b057/index.m3u8
https://proxy.movian.tv:8000/play/a01i/index.m3u8
https://daiconnect.com/live/hls/tvup/rt-cv/.m3u8
https://stream.ads.ottera.tv/playlist.m3u8
https://shls-live-enc.edgenextcdn.net/out/v1/46079e838e65490c8299f902a7731168/index.m3u8
https://shls-live-enc.edgenextcdn.net/out/v1/f6d718e841f8442f8374de47f18c93a7/index.m3u8
https://proxy.movian.tv:8000/play/a01w/index.m3u8
https://proxy.movian.tv:8000/play/a01w/index.m3u8
https://bcovlive-a.akamaihd.net/9527a892aeaf43019fd9eeb77ad1516e/eu-central-1/6057955906001/playlist.m3u8
https://stream.ads.ottera.tv/playlist.m3u8
https://stream.ads.ottera.tv/playlist.m3u8
https://stream.ads.ottera.tv/playlist.m3u8
https://proxy.movian.tv:8000/play/a02b/index.m3u8
https://proxy.movian.tv:9000/play/ca083/index.m3u8
https://stmv6.voxtvhd.com.br/cineaccion/cineaccion/playlist.m3u8
https://stmv6.voxtvhd.com.br/cineclasico/cineclasico/playlist.m3u8
