🔧 URLs reparadas:
- ORIGINAL: https://amg01201-amg01201c35-cineverse-us-3139.playouts.now.amagi.tv/playlist/amg01201-cinedigmentertainment-meateater-cineverseus/playlist.m3u8
  REPARADA: https://amg01201-amg01201c35-cineverse-us-3139.playouts.now.proxy.movian.tv/amagi/playlist/amg01201-cinedigmentertainment-meateater-cineverseus/playlist.m3u8
- ORIGINAL: http://210.210.155.37/dr9445/h/h21/index.m3u8
  REPARADA: https://proxy.movian.tv/dr9445/h/h21/index.m3u8
- ORIGINAL: https://amg00143-younghollywoodfast-amg00143c1-cineverse-us-946.playouts.now.amagi.tv/playlist/amg00143-younghollywoodfast-younghollywood-cineverseus/playlist.m3u8
  REPARADA: https://amg00143-younghollywoodfast-amg00143c1-cineverse-us-946.playouts.now.proxy.movian.tv/amagi/playlist/amg00143-younghollywoodfast-younghollywood-cineverseus/playlist.m3u8
- ORIGINAL: https://amg17931-zee-amg17931c8-samsung-th-6526.playouts.now.amagi.tv/playlist.m3u8
  REPARADA: https://amg17931-zee-amg17931c8-samsung-th-6526.playouts.now.proxy.movian.tv/amagi/playlist.m3u8
- ORIGINAL: https://amg17931-zee-amg17931c5-samsung-th-5696.playouts.now.amagi.tv/playlist/amg17931-asiatvusaltdfast-zeecinema-samsungth/playlist.m3u8
  REPARADA: https://amg17931-zee-amg17931c5-samsung-th-5696.playouts.now.proxy.movian.tv/amagi/playlist/amg17931-asiatvusaltdfast-zeecinema-samsungth/playlist.m3u8
- ORIGINAL: http://14.199.164.20:4001/play/a0q7/index.m3u8
  REPARADA: https://proxy.movian.tv:4001/play/a0q7/index.m3u8
- ORIGINAL: http://210.210.155.37/uq2663/h/h192/index.m3u8
  REPARADA: https://proxy.movian.tv/uq2663/h/h192/index.m3u8
- ORIGINAL: http://210.210.155.37/uq2663/h/h193/index.m3u8
  REPARADA: https://proxy.movian.tv/uq2663/h/h193/index.m3u8
- ORIGINAL: https://amg02784-nollyafricafast-amg02784c1-cineverse-us-1124.playouts.now.amagi.tv/playlist/amg02784-nollyafricafast-nollyafricahd-cineverseus/playlist.m3u8
  REPARADA: https://amg02784-nollyafricafast-amg02784c1-cineverse-us-1124.playouts.now.proxy.movian.tv/amagi/playlist/amg02784-nollyafricafast-nollyafricahd-cineverseus/playlist.m3u8
- ORIGINAL: http://cfd-v4-service-channel-stitcher-use1-1.prd.pluto.tv/stitch/hls/channel/63c9430af13a9b000786422a/master.m3u8?appName=web&appVersion=unknown&clientTime=0&deviceDNT=0&deviceId=1b1fada4-4b81-11ef-a8ac-e146e4e7be02&deviceMake=Chrome&deviceModel=web&deviceType=web&deviceVersion=unknown&includeExtendedEvents=false&serverSideAds=false&sid=df22680c-4463-447d-96d2-2963eae5cc1b
  REPARADA: https://cfd-v4-service-channel-stitcher-use1-1.prd.pluto.tv/stitch/hls/channel/63c9430af13a9b000786422a/master.m3u8
- ORIGINAL: http://cfd-v4-service-channel-stitcher-use1-1.prd.pluto.tv/stitch/hls/channel/63c9430af13a9b000786422a/master.m3u8?appName=web&appVersion=unknown&clientTime=0&deviceDNT=0&deviceId=bc857a22-4b91-11ef-8a44-83c5e90e038f&deviceMake=Chrome&deviceModel=web&deviceType=web&deviceVersion=unknown&includeExtendedEvents=false&serverSideAds=false&sid=1616c6a9-5019-494d-9887-a5836795ea3f
  REPARADA: https://cfd-v4-service-channel-stitcher-use1-1.prd.pluto.tv/stitch/hls/channel/63c9430af13a9b000786422a/master.m3u8
- ORIGINAL: http://cfd-v4-service-channel-stitcher-use1-1.prd.pluto.tv/stitch/hls/channel/63c9430af13a9b000786422a/master.m3u8?appName=web&appVersion=unknown&clientTime=0&deviceDNT=0&deviceId=84aea086-4b92-11ef-aece-533610f1ea34&deviceMake=Chrome&deviceModel=web&deviceType=web&deviceVersion=unknown&includeExtendedEvents=false&serverSideAds=false&sid=7546b852-e5e0-42d1-9d5a-c9e4615d9110
  REPARADA: https://cfd-v4-service-channel-stitcher-use1-1.prd.pluto.tv/stitch/hls/channel/63c9430af13a9b000786422a/master.m3u8
- ORIGINAL: https://amg01720-amg01720c2-klowdtv-us-4689.playouts.now.amagi.tv/playlist/amg01720-filmhub-stashtvtheclassics-klowdtvus/playlist.m3u8
  REPARADA: https://amg01720-amg01720c2-klowdtv-us-4689.playouts.now.proxy.movian.tv/amagi/playlist/amg01720-filmhub-stashtvtheclassics-klowdtvus/playlist.m3u8
- ORIGINAL: http://cfd-v4-service-channel-stitcher-use1-1.prd.pluto.tv/stitch/hls/channel/6654adb1f99922000854388c/master.m3u8?appName=web&appVersion=unknown&clientTime=0&deviceDNT=0&deviceId=2c7c2963-35fc-11ef-a031-2b5d494037a2&deviceMake=Chrome&deviceModel=web&deviceType=web&deviceVersion=unknown&includeExtendedEvents=false&serverSideAds=false&sid=60bd3196-5e87-4845-bb5b-baeade7af6c1
  REPARADA: https://cfd-v4-service-channel-stitcher-use1-1.prd.pluto.tv/stitch/hls/channel/6654adb1f99922000854388c/master.m3u8
- ORIGINAL: https://amg00047-tastemade-amg00047c2-cineverse-us-1357.playouts.now.amagi.tv/playlist/amg00047-tastemadefast-tastemadehome-cineverseus/playlist.m3u8
  REPARADA: https://amg00047-tastemade-amg00047c2-cineverse-us-1357.playouts.now.proxy.movian.tv/amagi/playlist/amg00047-tastemadefast-tastemadehome-cineverseus/playlist.m3u8
- ORIGINAL: https://amg00047-tastemade-amg00047c3-cineverse-us-1360.playouts.now.amagi.tv/playlist/amg00047-tastemadefast-tastemadetravel-cineverseus/playlist.m3u8
  REPARADA: https://amg00047-tastemade-amg00047c3-cineverse-us-1360.playouts.now.proxy.movian.tv/amagi/playlist/amg00047-tastemadefast-tastemadetravel-cineverseus/playlist.m3u8
- ORIGINAL: https://amg00779-latv-amg00779c1-cineverse-us-1746.playouts.now.amagi.tv/playlist/amg00779-latvnetworkllc-latv-cineverseus/playlist.m3u8
  REPARADA: https://amg00779-latv-amg00779c1-cineverse-us-1746.playouts.now.proxy.movian.tv/amagi/playlist/amg00779-latvnetworkllc-latv-cineverseus/playlist.m3u8

⚠️ Posibles listas encadenadas:
https://viamotionhsi.netplus.ch/live/eds/hd1/browser-HLS8/hd1.m3u8
https://cineverse.g-mana.live/media/09899328-5b22-4d3e-ba1e-111856798c99/playlist_3.m3u8
https://w2.manasat.com/kcine/smil:kcine.smil/playlist.m3u8
https://lenz.splus.ir/PLTV/88888888/224/3221227021/index.m3u8
https://cdn-2.pishow.tv/live/228/master.m3u8
https://maverick-maverick-black-cinema-3-us.roku.wurl.tv/playlist.m3u8
https://amg01201-amg01201c35-cineverse-us-3139.playouts.now.proxy.movian.tv/amagi/playlist/amg01201-cinedigmentertainment-meateater-cineverseus/playlist.m3u8
https://metafilmhls.wns.live/hls/stream.m3u8
https://proxy.movian.tv/dr9445/h/h21/index.m3u8
https://amg00143-younghollywoodfast-amg00143c1-cineverse-us-946.playouts.now.proxy.movian.tv/amagi/playlist/amg00143-younghollywoodfast-younghollywood-cineverseus/playlist.m3u8
https://amg17931-zee-amg17931c8-samsung-th-6526.playouts.now.proxy.movian.tv/amagi/playlist.m3u8
https://amg17931-zee-amg17931c5-samsung-th-5696.playouts.now.proxy.movian.tv/amagi/playlist/amg17931-asiatvusaltdfast-zeecinema-samsungth/playlist.m3u8
https://proxy.movian.tv:4001/play/a0q7/index.m3u8
https://proxy.movian.tv/uq2663/h/h192/index.m3u8
https://proxy.movian.tv/uq2663/h/h193/index.m3u8
https://amg02784-nollyafricafast-amg02784c1-cineverse-us-1124.playouts.now.proxy.movian.tv/amagi/playlist/amg02784-nollyafricafast-nollyafricahd-cineverseus/playlist.m3u8
https://cfd-v4-service-channel-stitcher-use1-1.prd.pluto.tv/stitch/hls/channel/63c9430af13a9b000786422a/master.m3u8
https://cfd-v4-service-channel-stitcher-use1-1.prd.pluto.tv/stitch/hls/channel/63c9430af13a9b000786422a/master.m3u8
https://cfd-v4-service-channel-stitcher-use1-1.prd.pluto.tv/stitch/hls/channel/63c9430af13a9b000786422a/master.m3u8
https://rotana.hibridcdn.net/rotananet/cinemamasr_net-7Y83PP5adWixDF93/playlist.m3u8
https://bcovlive-a.akamaihd.net/9527a892aeaf43019fd9eeb77ad1516e/eu-central-1/6057955906001/playlist.m3u8
https://live.fptplay53.net/epzhd2/film360_vhls.smil/chunklist.m3u8
https://ciner-live.daioncdn.net/showtv/showtv.m3u8
https://amg01720-amg01720c2-klowdtv-us-4689.playouts.now.proxy.movian.tv/amagi/playlist/amg01720-filmhub-stashtvtheclassics-klowdtvus/playlist.m3u8
https://cfd-v4-service-channel-stitcher-use1-1.prd.pluto.tv/stitch/hls/channel/6654adb1f99922000854388c/master.m3u8
https://amg00047-tastemade-amg00047c2-cineverse-us-1357.playouts.now.proxy.movian.tv/amagi/playlist/amg00047-tastemadefast-tastemadehome-cineverseus/playlist.m3u8
https://amg00047-tastemade-amg00047c3-cineverse-us-1360.playouts.now.proxy.movian.tv/amagi/playlist/amg00047-tastemadefast-tastemadetravel-cineverseus/playlist.m3u8
https://amg00779-latv-amg00779c1-cineverse-us-1746.playouts.now.proxy.movian.tv/amagi/playlist/amg00779-latvnetworkllc-latv-cineverseus/playlist.m3u8
