🔧 URLs reparadas:
- ORIGINAL: https://zylo-cinefriki-rakuten.amagi.tv/playlist.m3u8
  REPARADA: https://zylo-cinefriki-rakuten.proxy.movian.tv/amagi/playlist.m3u8
- ORIGINAL: http://cfd-v4-service-channel-stitcher-use1-1.prd.pluto.tv/stitch/hls/channel/63335b193583440007c859fb/master.m3u8?appName=web&appVersion=unknown&clientTime=0&deviceDNT=0&deviceId=6c2a02e2-30d3-11ef-9cf5-e9ddff8ff496&deviceMake=Chrome&deviceModel=web&deviceType=web&deviceVersion=unknown&includeExtendedEvents=false&serverSideAds=false&sid=c32f13eb-8395-4e23-87b8-0bd6e7d05f16
  REPARADA: https://cfd-v4-service-channel-stitcher-use1-1.prd.pluto.tv/stitch/hls/channel/63335b193583440007c859fb/master.m3u8
- ORIGINAL: http://cfd-v4-service-channel-stitcher-use1-1.prd.pluto.tv/stitch/hls/channel/615c1e5ce3039400070a0547/master.m3u8?appName=web&appVersion=unknown&clientTime=0&deviceDNT=0&deviceId=bc8468b8-4b91-11ef-8a44-83c5e90e038f&deviceMake=Chrome&deviceModel=web&deviceType=web&deviceVersion=unknown&includeExtendedEvents=false&serverSideAds=false&sid=4e35301f-2d36-451c-9b93-9d48f1f50070
  REPARADA: https://cfd-v4-service-channel-stitcher-use1-1.prd.pluto.tv/stitch/hls/channel/615c1e5ce3039400070a0547/master.m3u8
- ORIGINAL: http://cfd-v4-service-channel-stitcher-use1-1.prd.pluto.tv/stitch/hls/channel/615c1e5ce3039400070a0547/master.m3u8?appName=web&appVersion=unknown&clientTime=0&deviceDNT=0&deviceId=1b1e7524-4b81-11ef-a8ac-e146e4e7be02&deviceMake=Chrome&deviceModel=web&deviceType=web&deviceVersion=unknown&includeExtendedEvents=false&serverSideAds=false&sid=9855fa27-eb7c-4e5a-852e-4c439515c25d
  REPARADA: https://cfd-v4-service-channel-stitcher-use1-1.prd.pluto.tv/stitch/hls/channel/615c1e5ce3039400070a0547/master.m3u8
- ORIGINAL: http://cfd-v4-service-channel-stitcher-use1-1.prd.pluto.tv/stitch/hls/channel/615c1e5ce3039400070a0547/master.m3u8?appName=web&appVersion=unknown&clientTime=0&deviceDNT=0&deviceId=84addd31-4b92-11ef-aece-533610f1ea34&deviceMake=Chrome&deviceModel=web&deviceType=web&deviceVersion=unknown&includeExtendedEvents=false&serverSideAds=false&sid=5bdf8fde-2533-4c16-b518-58e9777e93ca
  REPARADA: https://cfd-v4-service-channel-stitcher-use1-1.prd.pluto.tv/stitch/hls/channel/615c1e5ce3039400070a0547/master.m3u8
- ORIGINAL: http://cfd-v4-service-channel-stitcher-use1-1.prd.pluto.tv/stitch/hls/channel/65a67d572fac9c000835eb3a/master.m3u8?appName=web&appVersion=unknown&clientTime=0&deviceDNT=0&deviceId=1b1e9c30-4b81-11ef-a8ac-e146e4e7be02&deviceMake=Chrome&deviceModel=web&deviceType=web&deviceVersion=unknown&includeExtendedEvents=false&serverSideAds=false&sid=78e36af2-8f00-409e-9fb6-605436ac888c
  REPARADA: https://cfd-v4-service-channel-stitcher-use1-1.prd.pluto.tv/stitch/hls/channel/65a67d572fac9c000835eb3a/master.m3u8
- ORIGINAL: http://cfd-v4-service-channel-stitcher-use1-1.prd.pluto.tv/stitch/hls/channel/65a67d572fac9c000835eb3a/master.m3u8?appName=web&appVersion=unknown&clientTime=0&deviceDNT=0&deviceId=bc848fc0-4b91-11ef-8a44-83c5e90e038f&deviceMake=Chrome&deviceModel=web&deviceType=web&deviceVersion=unknown&includeExtendedEvents=false&serverSideAds=false&sid=fb6fcc3a-0bb5-4c28-b7db-ebad8628b895
  REPARADA: https://cfd-v4-service-channel-stitcher-use1-1.prd.pluto.tv/stitch/hls/channel/65a67d572fac9c000835eb3a/master.m3u8
- ORIGINAL: http://cfd-v4-service-channel-stitcher-use1-1.prd.pluto.tv/stitch/hls/channel/65a67d572fac9c000835eb3a/master.m3u8?appName=web&appVersion=unknown&clientTime=0&deviceDNT=0&deviceId=84addd32-4b92-11ef-aece-533610f1ea34&deviceMake=Chrome&deviceModel=web&deviceType=web&deviceVersion=unknown&includeExtendedEvents=false&serverSideAds=false&sid=fcc33217-17d7-4dc5-9361-70dd91fef90e
  REPARADA: https://cfd-v4-service-channel-stitcher-use1-1.prd.pluto.tv/stitch/hls/channel/65a67d572fac9c000835eb3a/master.m3u8
- ORIGINAL: http://cfd-v4-service-channel-stitcher-use1-1.prd.pluto.tv/stitch/hls/channel/6008ddf24ef92b00079d61cf/master.m3u8?appName=web&appVersion=unknown&clientTime=0&deviceDNT=0&deviceId=6c2a02e3-30d3-11ef-9cf5-e9ddff8ff496&deviceMake=Chrome&deviceModel=web&deviceType=web&deviceVersion=unknown&includeExtendedEvents=false&serverSideAds=false&sid=2f37e9d8-bdac-4d46-949d-ccfbf76dd6e0
  REPARADA: https://cfd-v4-service-channel-stitcher-use1-1.prd.pluto.tv/stitch/hls/channel/6008ddf24ef92b00079d61cf/master.m3u8
- ORIGINAL: http://cfd-v4-service-channel-stitcher-use1-1.prd.pluto.tv/stitch/hls/channel/64a3d96f060e830008af6745/master.m3u8?appName=web&appVersion=unknown&clientTime=0&deviceDNT=0&deviceId=2c7b17f6-35fc-11ef-a031-2b5d494037a2&deviceMake=Chrome&deviceModel=web&deviceType=web&deviceVersion=unknown&includeExtendedEvents=false&serverSideAds=false&sid=41f0c8e5-55e6-4740-a854-15ac608b8c65
  REPARADA: https://cfd-v4-service-channel-stitcher-use1-1.prd.pluto.tv/stitch/hls/channel/64a3d96f060e830008af6745/master.m3u8
- ORIGINAL: http://cfd-v4-service-channel-stitcher-use1-1.prd.pluto.tv/stitch/hls/channel/645e7828e1979c00087b75b4/master.m3u8?appName=web&appVersion=unknown&clientTime=0&deviceDNT=0&deviceId=6c2a02e5-30d3-11ef-9cf5-e9ddff8ff496&deviceMake=Chrome&deviceModel=web&deviceType=web&deviceVersion=unknown&includeExtendedEvents=false&serverSideAds=false&sid=6ee42393-c7a0-4d1d-82c7-0121c35ec03e
  REPARADA: https://cfd-v4-service-channel-stitcher-use1-1.prd.pluto.tv/stitch/hls/channel/645e7828e1979c00087b75b4/master.m3u8
- ORIGINAL: https://appletree-mytimeuk-rakuten.amagi.tv/playlist.m3u8
  REPARADA: https://appletree-mytimeuk-rakuten.proxy.movian.tv/amagi/playlist.m3u8
- ORIGINAL: https://mytime-tcl.amagi.tv/playlist.m3u8
  REPARADA: https://mytime-tcl.proxy.movian.tv/amagi/playlist.m3u8
- ORIGINAL: https://appletree-mytime-samsungbrazil.amagi.tv/playlist.m3u8
  REPARADA: https://appletree-mytime-samsungbrazil.proxy.movian.tv/amagi/playlist.m3u8
- ORIGINAL: https://appletree-mytimemoviegerman-rakuten.amagi.tv/playlist.m3u8
  REPARADA: https://appletree-mytimemoviegerman-rakuten.proxy.movian.tv/amagi/playlist.m3u8
- ORIGINAL: https://appletree-mytime-samsungmexico.amagi.tv/playlist.m3u8
  REPARADA: https://appletree-mytime-samsungmexico.proxy.movian.tv/amagi/playlist.m3u8
- ORIGINAL: http://cfd-v4-service-channel-stitcher-use1-1.prd.pluto.tv/stitch/hls/channel/62ea3c2e4823db00072788ed/master.m3u8?appName=web&appVersion=unknown&clientTime=0&deviceDNT=0&deviceId=2c7b8d20-35fc-11ef-a031-2b5d494037a2&deviceMake=Chrome&deviceModel=web&deviceType=web&deviceVersion=unknown&includeExtendedEvents=false&serverSideAds=false&sid=c110a2fa-daa4-4051-944a-5705842fcc96
  REPARADA: https://cfd-v4-service-channel-stitcher-use1-1.prd.pluto.tv/stitch/hls/channel/62ea3c2e4823db00072788ed/master.m3u8
- ORIGINAL: http://cfd-v4-service-channel-stitcher-use1-1.prd.pluto.tv/stitch/hls/channel/62ea3d24b8e02600071fa296/master.m3u8?appName=web&appVersion=unknown&clientTime=0&deviceDNT=0&deviceId=2c7b8d24-35fc-11ef-a031-2b5d494037a2&deviceMake=Chrome&deviceModel=web&deviceType=web&deviceVersion=unknown&includeExtendedEvents=false&serverSideAds=false&sid=eac25957-ab7a-4358-b0cd-9e596b2f1a6f
  REPARADA: https://cfd-v4-service-channel-stitcher-use1-1.prd.pluto.tv/stitch/hls/channel/62ea3d24b8e02600071fa296/master.m3u8
- ORIGINAL: http://cfd-v4-service-channel-stitcher-use1-1.prd.pluto.tv/stitch/hls/channel/5f4d8594eb979c0007706de7/master.m3u8?appName=web&appVersion=unknown&clientTime=0&deviceDNT=0&deviceId=6c2aed41-30d3-11ef-9cf5-e9ddff8ff496&deviceMake=Chrome&deviceModel=web&deviceType=web&deviceVersion=unknown&includeExtendedEvents=false&serverSideAds=false&sid=e4d2554e-9b84-4086-8e1d-07f64310a23b
  REPARADA: https://cfd-v4-service-channel-stitcher-use1-1.prd.pluto.tv/stitch/hls/channel/5f4d8594eb979c0007706de7/master.m3u8
- ORIGINAL: http://cfd-v4-service-channel-stitcher-use1-1.prd.pluto.tv/stitch/hls/channel/5c665db3e6c01b72c4977bc2/master.m3u8?appName=web&appVersion=unknown&clientTime=0&deviceDNT=0&deviceId=6c2aed42-30d3-11ef-9cf5-e9ddff8ff496&deviceMake=Chrome&deviceModel=web&deviceType=web&deviceVersion=unknown&includeExtendedEvents=false&serverSideAds=false&sid=6c2ff9f4-514d-4e8c-b1c7-b4c048053a69
  REPARADA: https://cfd-v4-service-channel-stitcher-use1-1.prd.pluto.tv/stitch/hls/channel/5c665db3e6c01b72c4977bc2/master.m3u8
- ORIGINAL: http://cfd-v4-service-channel-stitcher-use1-1.prd.pluto.tv/stitch/hls/channel/62bdb0bcd707b9000739d2e5/master.m3u8?appName=web&appVersion=unknown&clientTime=0&deviceDNT=0&deviceId=2c7b8d28-35fc-11ef-a031-2b5d494037a2&deviceMake=Chrome&deviceModel=web&deviceType=web&deviceVersion=unknown&includeExtendedEvents=false&serverSideAds=false&sid=ac9b4aeb-508c-4396-8b31-dc70fc73c3ce
  REPARADA: https://cfd-v4-service-channel-stitcher-use1-1.prd.pluto.tv/stitch/hls/channel/62bdb0bcd707b9000739d2e5/master.m3u8
- ORIGINAL: http://cfd-v4-service-channel-stitcher-use1-1.prd.pluto.tv/stitch/hls/channel/5dde47b63585b500099f74ec/master.m3u8?appName=web&appVersion=unknown&clientTime=0&deviceDNT=0&deviceId=bc857a24-4b91-11ef-8a44-83c5e90e038f&deviceMake=Chrome&deviceModel=web&deviceType=web&deviceVersion=unknown&includeExtendedEvents=false&serverSideAds=false&sid=0c8e4e30-0091-4d84-a955-2c041350dc04
  REPARADA: https://cfd-v4-service-channel-stitcher-use1-1.prd.pluto.tv/stitch/hls/channel/5dde47b63585b500099f74ec/master.m3u8
- ORIGINAL: http://cfd-v4-service-channel-stitcher-use1-1.prd.pluto.tv/stitch/hls/channel/5dde47b63585b500099f74ec/master.m3u8?appName=web&appVersion=unknown&clientTime=0&deviceDNT=0&deviceId=1b1fd4b0-4b81-11ef-a8ac-e146e4e7be02&deviceMake=Chrome&deviceModel=web&deviceType=web&deviceVersion=unknown&includeExtendedEvents=false&serverSideAds=false&sid=03130bd3-7919-4831-bc2e-4f5c3b202f88
  REPARADA: https://cfd-v4-service-channel-stitcher-use1-1.prd.pluto.tv/stitch/hls/channel/5dde47b63585b500099f74ec/master.m3u8
- ORIGINAL: http://cfd-v4-service-channel-stitcher-use1-1.prd.pluto.tv/stitch/hls/channel/5dde47b63585b500099f74ec/master.m3u8?appName=web&appVersion=unknown&clientTime=0&deviceDNT=0&deviceId=84aea088-4b92-11ef-aece-533610f1ea34&deviceMake=Chrome&deviceModel=web&deviceType=web&deviceVersion=unknown&includeExtendedEvents=false&serverSideAds=false&sid=3418c444-a5b9-456d-9d11-e4e9c7b5eec0
  REPARADA: https://cfd-v4-service-channel-stitcher-use1-1.prd.pluto.tv/stitch/hls/channel/5dde47b63585b500099f74ec/master.m3u8
- ORIGINAL: http://cfd-v4-service-channel-stitcher-use1-1.prd.pluto.tv/stitch/hls/channel/5c5c3b948002db3c3e0b262e/master.m3u8?appName=web&appVersion=unknown&clientTime=0&deviceDNT=0&deviceId=bc857a28-4b91-11ef-8a44-83c5e90e038f&deviceMake=Chrome&deviceModel=web&deviceType=web&deviceVersion=unknown&includeExtendedEvents=false&serverSideAds=false&sid=8b204870-139a-4a67-897a-5430b6799406
  REPARADA: https://cfd-v4-service-channel-stitcher-use1-1.prd.pluto.tv/stitch/hls/channel/5c5c3b948002db3c3e0b262e/master.m3u8
- ORIGINAL: http://cfd-v4-service-channel-stitcher-use1-1.prd.pluto.tv/stitch/hls/channel/5c5c3b948002db3c3e0b262e/master.m3u8?appName=web&appVersion=unknown&clientTime=0&deviceDNT=0&deviceId=1b1fd4b4-4b81-11ef-a8ac-e146e4e7be02&deviceMake=Chrome&deviceModel=web&deviceType=web&deviceVersion=unknown&includeExtendedEvents=false&serverSideAds=false&sid=c0b9dcc7-8579-47a9-a718-88e7ec066b8a
  REPARADA: https://cfd-v4-service-channel-stitcher-use1-1.prd.pluto.tv/stitch/hls/channel/5c5c3b948002db3c3e0b262e/master.m3u8
- ORIGINAL: http://cfd-v4-service-channel-stitcher-use1-1.prd.pluto.tv/stitch/hls/channel/5c5c3b948002db3c3e0b262e/master.m3u8?appName=web&appVersion=unknown&clientTime=0&deviceDNT=0&deviceId=84aec791-4b92-11ef-aece-533610f1ea34&deviceMake=Chrome&deviceModel=web&deviceType=web&deviceVersion=unknown&includeExtendedEvents=false&serverSideAds=false&sid=5500aa67-c527-4db6-868b-d37341c34286
  REPARADA: https://cfd-v4-service-channel-stitcher-use1-1.prd.pluto.tv/stitch/hls/channel/5c5c3b948002db3c3e0b262e/master.m3u8

⚠️ Posibles listas encadenadas:
https://shls-live-enc.edgenextcdn.net/out/v1/46079e838e65490c8299f902a7731168/index.m3u8
https://cdn.mycloudstream.io/hls/live/broadcast/l3vslw4i/index.m3u8
https://rpn.bozztv.com/gusa/gusa-tvsdriveinmovie/index.m3u8
https://livetv-fa.tubi.video/wbd-classic-cinema/playlist.m3u8
https://stmv6.voxtvhd.com.br/cineaccion/cineaccion/playlist.m3u8
https://stmv6.voxtvhd.com.br/cineclasico/cineclasico/playlist.m3u8
https://stmv6.voxtvhd.com.br/cineterror/cineterror/playlist.m3u8
https://zylo-cinefriki-rakuten.proxy.movian.tv/amagi/playlist.m3u8
https://cfd-v4-service-channel-stitcher-use1-1.prd.pluto.tv/stitch/hls/channel/63335b193583440007c859fb/master.m3u8
https://cdn4.skygo.mn/live/disk1/Moviebox/HLSv3-FTA/Moviebox.m3u8
https://cfd-v4-service-channel-stitcher-use1-1.prd.pluto.tv/stitch/hls/channel/615c1e5ce3039400070a0547/master.m3u8
https://cfd-v4-service-channel-stitcher-use1-1.prd.pluto.tv/stitch/hls/channel/615c1e5ce3039400070a0547/master.m3u8
https://cfd-v4-service-channel-stitcher-use1-1.prd.pluto.tv/stitch/hls/channel/615c1e5ce3039400070a0547/master.m3u8
https://cfd-v4-service-channel-stitcher-use1-1.prd.pluto.tv/stitch/hls/channel/65a67d572fac9c000835eb3a/master.m3u8
https://cfd-v4-service-channel-stitcher-use1-1.prd.pluto.tv/stitch/hls/channel/65a67d572fac9c000835eb3a/master.m3u8
https://cfd-v4-service-channel-stitcher-use1-1.prd.pluto.tv/stitch/hls/channel/65a67d572fac9c000835eb3a/master.m3u8
https://cfd-v4-service-channel-stitcher-use1-1.prd.pluto.tv/stitch/hls/channel/6008ddf24ef92b00079d61cf/master.m3u8
https://shls-live-enc.edgenextcdn.net/out/v1/f6d718e841f8442f8374de47f18c93a7/index.m3u8
https://cfd-v4-service-channel-stitcher-use1-1.prd.pluto.tv/stitch/hls/channel/64a3d96f060e830008af6745/master.m3u8
https://cfd-v4-service-channel-stitcher-use1-1.prd.pluto.tv/stitch/hls/channel/645e7828e1979c00087b75b4/master.m3u8
https://appletree-mytimeuk-rakuten.proxy.movian.tv/amagi/playlist.m3u8
https://mytime-tcl.proxy.movian.tv/amagi/playlist.m3u8
https://appletree-mytime-samsungbrazil.proxy.movian.tv/amagi/playlist.m3u8
https://appletree-mytimemoviegerman-rakuten.proxy.movian.tv/amagi/playlist.m3u8
https://appletree-mytime-samsungmexico.proxy.movian.tv/amagi/playlist.m3u8
https://dk4ogs46bjxcw.cloudfront.net/v1/master/3722c60a815c199d9c0ef36c5b73da68a62b09d1/cc-xr1ct045l70mz/Noovo_Cinema.m3u8
https://cdn-4.pishow.tv/live/233/master.m3u8
https://cinehls.persiana.live/hls/stream.m3u8
https://cfd-v4-service-channel-stitcher-use1-1.prd.pluto.tv/stitch/hls/channel/62ea3c2e4823db00072788ed/master.m3u8
https://cfd-v4-service-channel-stitcher-use1-1.prd.pluto.tv/stitch/hls/channel/62ea3d24b8e02600071fa296/master.m3u8
https://cfd-v4-service-channel-stitcher-use1-1.prd.pluto.tv/stitch/hls/channel/5f4d8594eb979c0007706de7/master.m3u8
https://cfd-v4-service-channel-stitcher-use1-1.prd.pluto.tv/stitch/hls/channel/5c665db3e6c01b72c4977bc2/master.m3u8
https://cfd-v4-service-channel-stitcher-use1-1.prd.pluto.tv/stitch/hls/channel/62bdb0bcd707b9000739d2e5/master.m3u8
https://cfd-v4-service-channel-stitcher-use1-1.prd.pluto.tv/stitch/hls/channel/5dde47b63585b500099f74ec/master.m3u8
https://cfd-v4-service-channel-stitcher-use1-1.prd.pluto.tv/stitch/hls/channel/5dde47b63585b500099f74ec/master.m3u8
https://cfd-v4-service-channel-stitcher-use1-1.prd.pluto.tv/stitch/hls/channel/5dde47b63585b500099f74ec/master.m3u8
https://cfd-v4-service-channel-stitcher-use1-1.prd.pluto.tv/stitch/hls/channel/5c5c3b948002db3c3e0b262e/master.m3u8
https://cfd-v4-service-channel-stitcher-use1-1.prd.pluto.tv/stitch/hls/channel/5c5c3b948002db3c3e0b262e/master.m3u8
https://cfd-v4-service-channel-stitcher-use1-1.prd.pluto.tv/stitch/hls/channel/5c5c3b948002db3c3e0b262e/master.m3u8
https://asian-cinema-rakuten-tv-it.fast.rakuten.tv/v1/master/0547f18649bd788bec7b67b746e47670f558b6b2/production-LiveChannel-6431/master.m3u8
https://thriller-rakuten-tv-fr.fast.rakuten.tv/v1/master/0547f18649bd788bec7b67b746e47670f558b6b2/production-LiveChannel-6479/master.m3u8
https://romance-rakuten-tv-fi.fast.rakuten.tv/v1/master/0547f18649bd788bec7b67b746e47670f558b6b2/production-LiveChannel-6744/master.m3u8
https://romance-rakuten-tv-de.fast.rakuten.tv/v1/master/0547f18649bd788bec7b67b746e47670f558b6b2/production-LiveChannel-6475/master.m3u8
https://samuelgoldwyn-films-1-us.roku.wurl.tv/playlist.m3u8
