🔧 URLs reparadas:
- ORIGINAL: http://belami.top/L0K0TV/movian/mov/scripts/BUDTV-19/168620/index.m3u8?kt=DB2nHHkDthLZJguDKkaSzVhfUPez82McDKh8uF
  REPARADA: https://belami.top/L0K0TV/movian/mov/scripts/BUDTV-19/168620/index.m3u8?kt=DB2nHHkDthLZJguDKkaSzVhfUPez82McDKh8uF
- ORIGINAL: http://belami.top/L0K0TV/movian/mov/scripts/BUDTV-19/168621/index.m3u8?kt=DB2nHHkDthLZJguDKkaSzVhfUPez82McDKh8uF
  REPARADA: https://belami.top/L0K0TV/movian/mov/scripts/BUDTV-19/168621/index.m3u8?kt=DB2nHHkDthLZJguDKkaSzVhfUPez82McDKh8uF
- ORIGINAL: http://belami.top/L0K0TV/movian/mov/scripts/BUDTV-19/278504/index.m3u8?kt=DB2nHHkDthLZJguDKkaSzVhfUPez82McDKh8uF
  REPARADA: https://belami.top/L0K0TV/movian/mov/scripts/BUDTV-19/278504/index.m3u8?kt=DB2nHHkDthLZJguDKkaSzVhfUPez82McDKh8uF
- ORIGINAL: http://belami.top/L0K0TV/movian/mov/scripts/BUDTV-19/278505/index.m3u8?kt=DB2nHHkDthLZJguDKkaSzVhfUPez82McDKh8uF
  REPARADA: https://belami.top/L0K0TV/movian/mov/scripts/BUDTV-19/278505/index.m3u8?kt=DB2nHHkDthLZJguDKkaSzVhfUPez82McDKh8uF
- ORIGINAL: http://belami.top/L0K0TV/movian/mov/scripts/BUDTV-19/165465/index.m3u8?kt=DB2nHHkDthLZJguDKkaSzVhfUPez82McDKh8uF
  REPARADA: https://belami.top/L0K0TV/movian/mov/scripts/BUDTV-19/165465/index.m3u8?kt=DB2nHHkDthLZJguDKkaSzVhfUPez82McDKh8uF
- ORIGINAL: http://belami.top/L0K0TV/movian/mov/scripts/BUDTV-19/166454/index.m3u8?kt=DB2nHHkDthLZJguDKkaSzVhfUPez82McDKh8uF
  REPARADA: https://belami.top/L0K0TV/movian/mov/scripts/BUDTV-19/166454/index.m3u8?kt=DB2nHHkDthLZJguDKkaSzVhfUPez82McDKh8uF
- ORIGINAL: http://belami.top/L0K0TV/movian/mov/scripts/BUDTV-19/278503/index.m3u8?kt=DB2nHHkDthLZJguDKkaSzVhfUPez82McDKh8uF
  REPARADA: https://belami.top/L0K0TV/movian/mov/scripts/BUDTV-19/278503/index.m3u8?kt=DB2nHHkDthLZJguDKkaSzVhfUPez82McDKh8uF
- ORIGINAL: http://belami.top/L0K0TV/movian/mov/scripts/BUDTV-19/278515/index.m3u8?kt=DB2nHHkDthLZJguDKkaSzVhfUPez82McDKh8uF
  REPARADA: https://belami.top/L0K0TV/movian/mov/scripts/BUDTV-19/278515/index.m3u8?kt=DB2nHHkDthLZJguDKkaSzVhfUPez82McDKh8uF
- ORIGINAL: http://belami.top/L0K0TV/movian/mov/scripts/BUDTV-19/278442/index.m3u8?kt=DB2nHHkDthLZJguDKkaSzVhfUPez82McDKh8uF
  REPARADA: https://belami.top/L0K0TV/movian/mov/scripts/BUDTV-19/278442/index.m3u8?kt=DB2nHHkDthLZJguDKkaSzVhfUPez82McDKh8uF
- ORIGINAL: http://belami.top/L0K0TV/movian/mov/scripts/BUDTV-19/278443/index.m3u8?kt=DB2nHHkDthLZJguDKkaSzVhfUPez82McDKh8uF
  REPARADA: https://belami.top/L0K0TV/movian/mov/scripts/BUDTV-19/278443/index.m3u8?kt=DB2nHHkDthLZJguDKkaSzVhfUPez82McDKh8uF
- ORIGINAL: http://cfd-v4-service-channel-stitcher-use1-1.prd.pluto.tv/stitch/hls/channel/62fa81ccd1a7e90007c1ada0/master.m3u8?appName=web&appVersion=unknown&clientTime=0&deviceDNT=0&deviceId=6c268073-30d3-11ef-9cf5-e9ddff8ff496&deviceMake=Chrome&deviceModel=web&deviceType=web&deviceVersion=unknown&includeExtendedEvents=false&serverSideAds=false&sid=c6f5fd68-d238-461a-85d9-c326f4f63ae9
  REPARADA: https://cfd-v4-service-channel-stitcher-use1-1.prd.pluto.tv/stitch/hls/channel/62fa81ccd1a7e90007c1ada0/master.m3u8
- ORIGINAL: http://cfd-v4-service-channel-stitcher-use1-1.prd.pluto.tv/stitch/hls/channel/619b82cc70a9ba00074429e2/master.m3u8?appName=web&appVersion=unknown&clientTime=0&deviceDNT=0&deviceId=bc8504f3-4b91-11ef-8a44-83c5e90e038f&deviceMake=Chrome&deviceModel=web&deviceType=web&deviceVersion=unknown&includeExtendedEvents=false&serverSideAds=false&sid=2ebc8c79-fdfa-4600-a1ab-63ff8d30ff13
  REPARADA: https://cfd-v4-service-channel-stitcher-use1-1.prd.pluto.tv/stitch/hls/channel/619b82cc70a9ba00074429e2/master.m3u8
- ORIGINAL: http://cfd-v4-service-channel-stitcher-use1-1.prd.pluto.tv/stitch/hls/channel/619b82cc70a9ba00074429e2/master.m3u8?appName=web&appVersion=unknown&clientTime=0&deviceDNT=0&deviceId=1b1f3870-4b81-11ef-a8ac-e146e4e7be02&deviceMake=Chrome&deviceModel=web&deviceType=web&deviceVersion=unknown&includeExtendedEvents=false&serverSideAds=false&sid=049a72e8-4188-4f01-bc67-f697b36df6c5
  REPARADA: https://cfd-v4-service-channel-stitcher-use1-1.prd.pluto.tv/stitch/hls/channel/619b82cc70a9ba00074429e2/master.m3u8
- ORIGINAL: http://cfd-v4-service-channel-stitcher-use1-1.prd.pluto.tv/stitch/hls/channel/619b82cc70a9ba00074429e2/master.m3u8?appName=web&appVersion=unknown&clientTime=0&deviceDNT=0&deviceId=84ae5260-4b92-11ef-aece-533610f1ea34&deviceMake=Chrome&deviceModel=web&deviceType=web&deviceVersion=unknown&includeExtendedEvents=false&serverSideAds=false&sid=c6835637-a922-4815-9f33-c332f95fd25c
  REPARADA: https://cfd-v4-service-channel-stitcher-use1-1.prd.pluto.tv/stitch/hls/channel/619b82cc70a9ba00074429e2/master.m3u8
- ORIGINAL: http://fl7.moveonjoy.com/AMC_NETWORK/index.m3u8
  REPARADA: https://fl7.moveonjoy.com/AMC_NETWORK/index.m3u8

⚠️ Posibles listas encadenadas:
https://cfd-v4-service-channel-stitcher-use1-1.prd.pluto.tv/stitch/hls/channel/62fa81ccd1a7e90007c1ada0/master.m3u8
https://cfd-v4-service-channel-stitcher-use1-1.prd.pluto.tv/stitch/hls/channel/619b82cc70a9ba00074429e2/master.m3u8
https://cfd-v4-service-channel-stitcher-use1-1.prd.pluto.tv/stitch/hls/channel/619b82cc70a9ba00074429e2/master.m3u8
https://cfd-v4-service-channel-stitcher-use1-1.prd.pluto.tv/stitch/hls/channel/619b82cc70a9ba00074429e2/master.m3u8
https://fl7.moveonjoy.com/AMC_NETWORK/index.m3u8
