🔧 URLs reparadas:
- ORIGINAL: http://181.78.105.146:6060/play/a02h/index.m3u8
  REPARADA: https://proxy.movian.tv:6060/play/a02h/index.m3u8
- ORIGINAL: http://45.235.37.254/amchd/index.m3u8
  REPARADA: https://proxy.movian.tv/amchd/index.m3u8
- ORIGINAL: http://190.83.2.172:8080/play/a031/index.m3u8
  REPARADA: https://proxy.movian.tv:8080/play/a031/index.m3u8
- ORIGINAL: http://dzcdn.vood.top/hls/669_.m3u8
  REPARADA: https://dzcdn.vood.top/hls/669_.m3u8
- ORIGINAL: https://tinyurl.com/uf8hejud?.m3u8
  REPARADA: https://proxy.movian.tv/uf8hejud?.m3u8
- ORIGINAL: https://tinyurl.com/muchuuas?.m3u8
  REPARADA: https://proxy.movian.tv/muchuuas?.m3u8
- ORIGINAL: http://38.180.133.31:8000/play/a0p4/index.m3u8
  REPARADA: https://proxy.movian.tv:8000/play/a0p4/index.m3u8
- ORIGINAL: http://190.123.90.146:8000/play/a00w/index.m3u8
  REPARADA: https://proxy.movian.tv:8000/play/a00w/index.m3u8
- ORIGINAL: http://181.78.8.90:16123/play/ch10/index.m3u8
  REPARADA: https://proxy.movian.tv:16123/play/ch10/index.m3u8
- ORIGINAL: http://181.78.105.146:6060/play/a03d/index.m3u8
  REPARADA: https://proxy.movian.tv:6060/play/a03d/index.m3u8
- ORIGINAL: http://190.83.2.172:8081/play/a05d/index.m3u8
  REPARADA: https://proxy.movian.tv:8081/play/a05d/index.m3u8
- ORIGINAL: http://181.78.105.146:6060/play/a00h/index.m3u8
  REPARADA: https://proxy.movian.tv:6060/play/a00h/index.m3u8
- ORIGINAL: http://181.78.105.146:6060/play/a00i/index.m3u8
  REPARADA: https://proxy.movian.tv:6060/play/a00i/index.m3u8
- ORIGINAL: http://51.159.104.29:8080/action/index.m3u8
  REPARADA: https://proxy.movian.tv:8080/action/index.m3u8
- ORIGINAL: http://181.78.105.146:6060/play/a00k/index.m3u8
  REPARADA: https://proxy.movian.tv:6060/play/a00k/index.m3u8
- ORIGINAL: http://181.78.105.146:6060/play/a00l/index.m3u8
  REPARADA: https://proxy.movian.tv:6060/play/a00l/index.m3u8
- ORIGINAL: http://181.78.105.146:6060/play/a00j/index.m3u8
  REPARADA: https://proxy.movian.tv:6060/play/a00j/index.m3u8
- ORIGINAL: http://181.78.106.127:9000/play/ca072/index.m3u8
  REPARADA: https://proxy.movian.tv:9000/play/ca072/index.m3u8
- ORIGINAL: http://190.83.2.172:8081/play/a06u/index.m3u8
  REPARADA: https://proxy.movian.tv:8081/play/a06u/index.m3u8
- ORIGINAL: http://95c5fbc8.ottclub.xyz/iptv/EBUCGK992DRF6L/710/index.m3u8
  REPARADA: https://95c5fbc8.ottclub.xyz/iptv/EBUCGK992DRF6L/710/index.m3u8
- ORIGINAL: http://175.107.244.52:4457/play/a070/index.m3u8
  REPARADA: https://proxy.movian.tv:4457/play/a070/index.m3u8
- ORIGINAL: http://cors.tundracast.com:2000/https://streamer1.nexgen.bz/AMC/index.m3u8
  REPARADA: https://cors.tundracast.com:2000/https://streamer1.nexgen.bz/AMC/index.m3u8
- ORIGINAL: http://cfd-v4-service-channel-stitcher-use1-1.prd.pluto.tv/stitch/hls/channel/65e23f340d4561000821540d/master.m3u8?appName=web&appVersion=unknown&clientTime=0&deviceDNT=0&deviceId=6c29dbd1-30d3-11ef-9cf5-e9ddff8ff496&deviceMake=Chrome&deviceModel=web&deviceType=web&deviceVersion=unknown&includeExtendedEvents=false&serverSideAds=false&sid=18721deb-08cc-4fc5-b3dd-89d418b508de
  REPARADA: https://cfd-v4-service-channel-stitcher-use1-1.prd.pluto.tv/stitch/hls/channel/65e23f340d4561000821540d/master.m3u8
- ORIGINAL: http://cfd-v4-service-channel-stitcher-use1-1.prd.pluto.tv/stitch/hls/channel/61409f8d6feb30000766b675/master.m3u8?appName=web&appVersion=unknown&clientTime=0&deviceDNT=0&deviceId=bc85c846-4b91-11ef-8a44-83c5e90e038f&deviceMake=Chrome&deviceModel=web&deviceType=web&deviceVersion=unknown&includeExtendedEvents=false&serverSideAds=false&sid=107edfdc-70b3-44a9-b352-7604fe6120d9
  REPARADA: https://cfd-v4-service-channel-stitcher-use1-1.prd.pluto.tv/stitch/hls/channel/61409f8d6feb30000766b675/master.m3u8
- ORIGINAL: http://cfd-v4-service-channel-stitcher-use1-1.prd.pluto.tv/stitch/hls/channel/61409f8d6feb30000766b675/master.m3u8?appName=web&appVersion=unknown&clientTime=0&deviceDNT=0&deviceId=1b2022d6-4b81-11ef-a8ac-e146e4e7be02&deviceMake=Chrome&deviceModel=web&deviceType=web&deviceVersion=unknown&includeExtendedEvents=false&serverSideAds=false&sid=23eefcec-8774-42a3-8e77-66e6e59575a3
  REPARADA: https://cfd-v4-service-channel-stitcher-use1-1.prd.pluto.tv/stitch/hls/channel/61409f8d6feb30000766b675/master.m3u8
- ORIGINAL: http://cfd-v4-service-channel-stitcher-use1-1.prd.pluto.tv/stitch/hls/channel/61409f8d6feb30000766b675/master.m3u8?appName=web&appVersion=unknown&clientTime=0&deviceDNT=0&deviceId=84aeeea6-4b92-11ef-aece-533610f1ea34&deviceMake=Chrome&deviceModel=web&deviceType=web&deviceVersion=unknown&includeExtendedEvents=false&serverSideAds=false&sid=aee0c343-6689-49c1-9090-319522e3c837
  REPARADA: https://cfd-v4-service-channel-stitcher-use1-1.prd.pluto.tv/stitch/hls/channel/61409f8d6feb30000766b675/master.m3u8
- ORIGINAL: http://cfd-v4-service-channel-stitcher-use1-1.prd.pluto.tv/stitch/hls/channel/65c69bbfd77d450008c7ffee/master.m3u8?appName=web&appVersion=unknown&clientTime=0&deviceDNT=0&deviceId=6c2bd7a3-30d3-11ef-9cf5-e9ddff8ff496&deviceMake=Chrome&deviceModel=web&deviceType=web&deviceVersion=unknown&includeExtendedEvents=false&serverSideAds=false&sid=6e3a3277-9d15-4813-a57c-5547e9d53d6e
  REPARADA: https://cfd-v4-service-channel-stitcher-use1-1.prd.pluto.tv/stitch/hls/channel/65c69bbfd77d450008c7ffee/master.m3u8
- ORIGINAL: http://cfd-v4-service-channel-stitcher-use1-1.prd.pluto.tv/stitch/hls/channel/65a67d200c7ff50008cb131a/master.m3u8?appName=web&appVersion=unknown&clientTime=0&deviceDNT=0&deviceId=1b210d34-4b81-11ef-a8ac-e146e4e7be02&deviceMake=Chrome&deviceModel=web&deviceType=web&deviceVersion=unknown&includeExtendedEvents=false&serverSideAds=false&sid=35795be0-a9bf-4b10-b542-2134b369c86c
  REPARADA: https://cfd-v4-service-channel-stitcher-use1-1.prd.pluto.tv/stitch/hls/channel/65a67d200c7ff50008cb131a/master.m3u8
- ORIGINAL: http://cfd-v4-service-channel-stitcher-use1-1.prd.pluto.tv/stitch/hls/channel/65a67d200c7ff50008cb131a/master.m3u8?appName=web&appVersion=unknown&clientTime=0&deviceDNT=0&deviceId=bc866483-4b91-11ef-8a44-83c5e90e038f&deviceMake=Chrome&deviceModel=web&deviceType=web&deviceVersion=unknown&includeExtendedEvents=false&serverSideAds=false&sid=9d32b35d-fee3-493b-aaa0-68d37068f729
  REPARADA: https://cfd-v4-service-channel-stitcher-use1-1.prd.pluto.tv/stitch/hls/channel/65a67d200c7ff50008cb131a/master.m3u8
- ORIGINAL: http://cfd-v4-service-channel-stitcher-use1-1.prd.pluto.tv/stitch/hls/channel/65a67d200c7ff50008cb131a/master.m3u8?appName=web&appVersion=unknown&clientTime=0&deviceDNT=0&deviceId=84af63d9-4b92-11ef-aece-533610f1ea34&deviceMake=Chrome&deviceModel=web&deviceType=web&deviceVersion=unknown&includeExtendedEvents=false&serverSideAds=false&sid=2bc71210-8348-497e-9c67-114c5ae83332
  REPARADA: https://cfd-v4-service-channel-stitcher-use1-1.prd.pluto.tv/stitch/hls/channel/65a67d200c7ff50008cb131a/master.m3u8
- ORIGINAL: http://cfd-v4-service-channel-stitcher-use1-1.prd.pluto.tv/stitch/hls/channel/5e8254118601b80007b4b7ae/master.m3u8?appName=web&appVersion=unknown&clientTime=0&deviceDNT=0&deviceId=6c2bd7a7-30d3-11ef-9cf5-e9ddff8ff496&deviceMake=Chrome&deviceModel=web&deviceType=web&deviceVersion=unknown&includeExtendedEvents=false&serverSideAds=false&sid=376bc851-10a1-4952-ada7-86e9d28d5845
  REPARADA: https://cfd-v4-service-channel-stitcher-use1-1.prd.pluto.tv/stitch/hls/channel/5e8254118601b80007b4b7ae/master.m3u8
- ORIGINAL: https://tntv-samsung-fr.amagi.tv/playlist.m3u8
  REPARADA: https://tntv-samsung-fr.proxy.movian.tv/amagi/playlist.m3u8
- ORIGINAL: http://belami.top/L0K0TV/movian/mov/scripts/BUDTV-19/168614/index.m3u8?kt=DB2nHHkDthLZJguDKkaSzVhfUPez82McDKh8uF
  REPARADA: https://belami.top/L0K0TV/movian/mov/scripts/BUDTV-19/168614/index.m3u8?kt=DB2nHHkDthLZJguDKkaSzVhfUPez82McDKh8uF
- ORIGINAL: http://belami.top/L0K0TV/movian/mov/scripts/BUDTV-19/168615/index.m3u8?kt=DB2nHHkDthLZJguDKkaSzVhfUPez82McDKh8uF
  REPARADA: https://belami.top/L0K0TV/movian/mov/scripts/BUDTV-19/168615/index.m3u8?kt=DB2nHHkDthLZJguDKkaSzVhfUPez82McDKh8uF
- ORIGINAL: http://belami.top/L0K0TV/movian/mov/scripts/BUDTV-19/168616/index.m3u8?kt=DB2nHHkDthLZJguDKkaSzVhfUPez82McDKh8uF
  REPARADA: https://belami.top/L0K0TV/movian/mov/scripts/BUDTV-19/168616/index.m3u8?kt=DB2nHHkDthLZJguDKkaSzVhfUPez82McDKh8uF
- ORIGINAL: http://belami.top/L0K0TV/movian/mov/scripts/BUDTV-19/168617/index.m3u8?kt=DB2nHHkDthLZJguDKkaSzVhfUPez82McDKh8uF
  REPARADA: https://belami.top/L0K0TV/movian/mov/scripts/BUDTV-19/168617/index.m3u8?kt=DB2nHHkDthLZJguDKkaSzVhfUPez82McDKh8uF
- ORIGINAL: http://belami.top/L0K0TV/movian/mov/scripts/BUDTV-19/168618/index.m3u8?kt=DB2nHHkDthLZJguDKkaSzVhfUPez82McDKh8uF
  REPARADA: https://belami.top/L0K0TV/movian/mov/scripts/BUDTV-19/168618/index.m3u8?kt=DB2nHHkDthLZJguDKkaSzVhfUPez82McDKh8uF
- ORIGINAL: http://belami.top/L0K0TV/movian/mov/scripts/BUDTV-19/168619/index.m3u8?kt=DB2nHHkDthLZJguDKkaSzVhfUPez82McDKh8uF
  REPARADA: https://belami.top/L0K0TV/movian/mov/scripts/BUDTV-19/168619/index.m3u8?kt=DB2nHHkDthLZJguDKkaSzVhfUPez82McDKh8uF

⚠️ Posibles listas encadenadas:
https://d38fxgxhpllpfu.cloudfront.net/playlist.m3u8
https://proxy.movian.tv:6060/play/a02h/index.m3u8
https://proxy.movian.tv/amchd/index.m3u8
https://proxy.movian.tv:8080/play/a031/index.m3u8
https://dzcdn.vood.top/hls/669_.m3u8
https://streamer1.nexgen.bz/AMC/index.m3u8
https://proxy.movian.tv/uf8hejud?.m3u8
https://proxy.movian.tv/muchuuas?.m3u8
https://proxy.movian.tv:8000/play/a0p4/index.m3u8
https://proxy.movian.tv:8000/play/a00w/index.m3u8
https://proxy.movian.tv:16123/play/ch10/index.m3u8
https://proxy.movian.tv:6060/play/a03d/index.m3u8
https://proxy.movian.tv:8081/play/a05d/index.m3u8
https://proxy.movian.tv:6060/play/a00h/index.m3u8
https://proxy.movian.tv:6060/play/a00i/index.m3u8
https://proxy.movian.tv:8080/action/index.m3u8
https://proxy.movian.tv:6060/play/a00k/index.m3u8
https://proxy.movian.tv:6060/play/a00l/index.m3u8
https://proxy.movian.tv:6060/play/a00j/index.m3u8
https://proxy.movian.tv:9000/play/ca072/index.m3u8
https://proxy.movian.tv:8081/play/a06u/index.m3u8
https://95c5fbc8.ottclub.xyz/iptv/EBUCGK992DRF6L/710/index.m3u8
https://proxy.movian.tv:4457/play/a070/index.m3u8
https://amchls.wns.live/hls/stream.m3u8
https://cors.tundracast.com:2000/https://streamer1.nexgen.bz/AMC/index.m3u8
https://amc-absolutereality-1-us.plex.wurl.tv/playlist.m3u8
https://cors-proxy.cooks.fyi/https://streamer1.nexgen.bz/CINECANAL/index.m3u8
https://epiconvh.akamaized.net/live/filamchi/master.m3u8
https://cdn-4.pishow.tv/live/1473/master.m3u8
https://cfd-v4-service-channel-stitcher-use1-1.prd.pluto.tv/stitch/hls/channel/65e23f340d4561000821540d/master.m3u8
https://cfd-v4-service-channel-stitcher-use1-1.prd.pluto.tv/stitch/hls/channel/61409f8d6feb30000766b675/master.m3u8
https://cfd-v4-service-channel-stitcher-use1-1.prd.pluto.tv/stitch/hls/channel/61409f8d6feb30000766b675/master.m3u8
https://cfd-v4-service-channel-stitcher-use1-1.prd.pluto.tv/stitch/hls/channel/61409f8d6feb30000766b675/master.m3u8
https://raw.githubusercontent.com/UzunMuhalefet/streams/main/myvideo-az/space-tv.m3u8
https://cfd-v4-service-channel-stitcher-use1-1.prd.pluto.tv/stitch/hls/channel/65c69bbfd77d450008c7ffee/master.m3u8
https://cfd-v4-service-channel-stitcher-use1-1.prd.pluto.tv/stitch/hls/channel/65a67d200c7ff50008cb131a/master.m3u8
https://cfd-v4-service-channel-stitcher-use1-1.prd.pluto.tv/stitch/hls/channel/65a67d200c7ff50008cb131a/master.m3u8
https://cfd-v4-service-channel-stitcher-use1-1.prd.pluto.tv/stitch/hls/channel/65a67d200c7ff50008cb131a/master.m3u8
https://cfd-v4-service-channel-stitcher-use1-1.prd.pluto.tv/stitch/hls/channel/5e8254118601b80007b4b7ae/master.m3u8
https://tntv-samsung-fr.proxy.movian.tv/amagi/playlist.m3u8
