🔧 URLs reparadas:
- ORIGINAL: http://tv.masterplaytv.club:8080/live/mgwleor/4lhLaPDAOh/8203.m3u8
  REPARADA: https://tv.masterplaytv.club:8080/live/mgwleor/4lhLaPDAOh/8203.m3u8
- ORIGINAL: http://tv.masterplaytv.club:8080/live/mgwleor/4lhLaPDAOh/8208.m3u8
  REPARADA: https://tv.masterplaytv.club:8080/live/mgwleor/4lhLaPDAOh/8208.m3u8
- ORIGINAL: http://tv.masterplaytv.club:8080/live/mgwleor/4lhLaPDAOh/8210.m3u8
  REPARADA: https://tv.masterplaytv.club:8080/live/mgwleor/4lhLaPDAOh/8210.m3u8
- ORIGINAL: http://tv.masterplaytv.club:8080/live/mgwleor/4lhLaPDAOh/8214.m3u8
  REPARADA: https://tv.masterplaytv.club:8080/live/mgwleor/4lhLaPDAOh/8214.m3u8
- ORIGINAL: http://tv.masterplaytv.club:8080/live/mgwleor/4lhLaPDAOh/8233.m3u8
  REPARADA: https://tv.masterplaytv.club:8080/live/mgwleor/4lhLaPDAOh/8233.m3u8
- ORIGINAL: http://tv.masterplaytv.club:8080/live/mgwleor/4lhLaPDAOh/17906.m3u8
  REPARADA: https://tv.masterplaytv.club:8080/live/mgwleor/4lhLaPDAOh/17906.m3u8
- ORIGINAL: http://tv.masterplaytv.club:8080/live/mgwleor/4lhLaPDAOh/17911.m3u8
  REPARADA: https://tv.masterplaytv.club:8080/live/mgwleor/4lhLaPDAOh/17911.m3u8
- ORIGINAL: http://tv.masterplaytv.club:8080/live/mgwleor/4lhLaPDAOh/17913.m3u8
  REPARADA: https://tv.masterplaytv.club:8080/live/mgwleor/4lhLaPDAOh/17913.m3u8
- ORIGINAL: http://tv.masterplaytv.club:8080/live/mgwleor/4lhLaPDAOh/17967.m3u8
  REPARADA: https://tv.masterplaytv.club:8080/live/mgwleor/4lhLaPDAOh/17967.m3u8
- ORIGINAL: http://tv.masterplaytv.club:8080/live/mgwleor/4lhLaPDAOh/17968.m3u8
  REPARADA: https://tv.masterplaytv.club:8080/live/mgwleor/4lhLaPDAOh/17968.m3u8
- ORIGINAL: http://tv.masterplaytv.club:8080/live/mgwleor/4lhLaPDAOh/45847.m3u8
  REPARADA: https://tv.masterplaytv.club:8080/live/mgwleor/4lhLaPDAOh/45847.m3u8
- ORIGINAL: http://181.78.105.146:6060/play/a03m/index.m3u8
  REPARADA: https://proxy.movian.tv:6060/play/a03m/index.m3u8
- ORIGINAL: http://181.78.105.146:8800/play/a064/index.m3u8
  REPARADA: https://proxy.movian.tv:8800/play/a064/index.m3u8
- ORIGINAL: http://190.83.2.172:8081/play/a05l/index.m3u8
  REPARADA: https://proxy.movian.tv:8081/play/a05l/index.m3u8
- ORIGINAL: http://45.5.117.182:8000/play/a0id/index.m3u8
  REPARADA: https://proxy.movian.tv:8000/play/a0id/index.m3u8
- ORIGINAL: http://38.180.133.31:8000/play/a0pb/index.m3u8
  REPARADA: https://proxy.movian.tv:8000/play/a0pb/index.m3u8
- ORIGINAL: http://181.78.105.146:8800/play/a07q/index.m3u8
  REPARADA: https://proxy.movian.tv:8800/play/a07q/index.m3u8
- ORIGINAL: http://181.78.105.146:2000/play/a08t/index.m3u8
  REPARADA: https://proxy.movian.tv:2000/play/a08t/index.m3u8
- ORIGINAL: http://181.78.105.146:6060/play/a02j/index.m3u8
  REPARADA: https://proxy.movian.tv:6060/play/a02j/index.m3u8
- ORIGINAL: http://175.107.244.52:4457/play/a07m/index.m3u8
  REPARADA: https://proxy.movian.tv:4457/play/a07m/index.m3u8
- ORIGINAL: http://190.83.2.172:8081/play/a05a/index.m3u8
  REPARADA: https://proxy.movian.tv:8081/play/a05a/index.m3u8
- ORIGINAL: http://181.78.106.127:9000/play/ca071/index.m3u8
  REPARADA: https://proxy.movian.tv:9000/play/ca071/index.m3u8

⚠️ Posibles listas encadenadas:
https://tv.masterplaytv.club:8080/live/mgwleor/4lhLaPDAOh/8203.m3u8
https://tv.masterplaytv.club:8080/live/mgwleor/4lhLaPDAOh/8208.m3u8
https://tv.masterplaytv.club:8080/live/mgwleor/4lhLaPDAOh/8210.m3u8
https://tv.masterplaytv.club:8080/live/mgwleor/4lhLaPDAOh/8214.m3u8
https://tv.masterplaytv.club:8080/live/mgwleor/4lhLaPDAOh/8233.m3u8
https://tv.masterplaytv.club:8080/live/mgwleor/4lhLaPDAOh/17906.m3u8
https://tv.masterplaytv.club:8080/live/mgwleor/4lhLaPDAOh/17911.m3u8
https://tv.masterplaytv.club:8080/live/mgwleor/4lhLaPDAOh/17913.m3u8
https://tv.masterplaytv.club:8080/live/mgwleor/4lhLaPDAOh/17967.m3u8
https://tv.masterplaytv.club:8080/live/mgwleor/4lhLaPDAOh/17968.m3u8
https://tv.masterplaytv.club:8080/live/mgwleor/4lhLaPDAOh/45847.m3u8
https://origin.dpsgo.com/ssai/event/f4TrySe8SoiGF8Lu3EIq1g/master.m3u8
https://cdn09jtedge.indihometv.com/joss/130/cdrama/index.m3u8
https://proxy.movian.tv:6060/play/a03m/index.m3u8
https://proxy.movian.tv:8800/play/a064/index.m3u8
https://proxy.movian.tv:8081/play/a05l/index.m3u8
https://proxy.movian.tv:8000/play/a0id/index.m3u8
https://proxy.movian.tv:8000/play/a0pb/index.m3u8
https://streamer1.nexgen.bz/COMEDY_CENTRAL/index.m3u8
https://fl3.moveonjoy.com/Comedy_Central/index.m3u8
https://proxy.movian.tv:8800/play/a07q/index.m3u8
https://proxy.movian.tv:2000/play/a08t/index.m3u8
https://proxy.movian.tv:6060/play/a02j/index.m3u8
https://proxy.movian.tv:4457/play/a07m/index.m3u8
https://is.gd/BRVOiZ?.m3u8
https://is.gd/ZSBZPX?.m3u8
https://is.gd/tit1cW?.m3u8
https://is.gd/d5rzud?.m3u8
https://is.gd/IyWDEJ?.m3u8
https://proxy.movian.tv:8081/play/a05a/index.m3u8
https://proxy.movian.tv:9000/play/ca071/index.m3u8
