🔧 URLs reparadas:
- ORIGINAL: https://service-stitcher.clusters.pluto.tv/stitch/hls/channel/5f9992c685a2a80007fa414a/master.m3u8?advertisingId=&appName=web&appVersion=5.14.0-0f5ca04c21649b8c8aad4e56266a23b96d73b83a&app_name=web&clientDeviceType=0&clientID=6fbead95-26b1-415d-998f-1bdef62d10be&clientModelNumber=na&deviceDNT=false&deviceId=6fbead95-26b1-415d-998f-1bdef62d10be&deviceLat=19.4358&deviceLon=-99.1441&deviceMake=Chrome&deviceModel=web&deviceType=web&deviceVersion=88.0.4324.150&marketingRegion=VE&serverSideAds=false&sessionID=b8e5a857-714a-11eb-b532-0242ac110002&sid=b8e5a857-714a-11eb-b532-0242ac110002&userId=
  REPARADA: https://service-stitcher.clusters.pluto.tv/stitch/hls/channel/5f9992c685a2a80007fa414a/master.m3u8?advertisingId=&app_name=web&clientDeviceType=0&clientID=6fbead95-26b1-415d-998f-1bdef62d10be&clientModelNumber=na&deviceLat=19.4358&deviceLon=-99.1441&marketingRegion=VE&sessionID=b8e5a857-714a-11eb-b532-0242ac110002&userId=
- ORIGINAL: https://service-stitcher.clusters.pluto.tv/stitch/hls/channel/5f23102d5e239d00074b092a/master.m3u8?advertisingId=&appName=web&appVersion=5.14.0-0f5ca04c21649b8c8aad4e56266a23b96d73b83a&app_name=web&clientDeviceType=0&clientID=6fbead95-26b1-415d-998f-1bdef62d10be&clientModelNumber=na&deviceDNT=false&deviceId=6fbead95-26b1-415d-998f-1bdef62d10be&deviceLat=19.4358&deviceLon=-99.1441&deviceMake=Chrome&deviceModel=web&deviceType=web&deviceVersion=88.0.4324.150&marketingRegion=VE&serverSideAds=false&sessionID=b8e5a857-714a-11eb-b532-0242ac110002&sid=b8e5a857-714a-11eb-b532-0242ac110002&userId=
  REPARADA: https://service-stitcher.clusters.pluto.tv/stitch/hls/channel/5f23102d5e239d00074b092a/master.m3u8?advertisingId=&app_name=web&clientDeviceType=0&clientID=6fbead95-26b1-415d-998f-1bdef62d10be&clientModelNumber=na&deviceLat=19.4358&deviceLon=-99.1441&marketingRegion=VE&sessionID=b8e5a857-714a-11eb-b532-0242ac110002&userId=
- ORIGINAL: https://service-stitcher.clusters.pluto.tv/stitch/hls/channel/5e67d41b93312100076f3fca/master.m3u8?advertisingId=&appName=web&appVersion=5.14.0-0f5ca04c21649b8c8aad4e56266a23b96d73b83a&app_name=web&clientDeviceType=0&clientID=6fbead95-26b1-415d-998f-1bdef62d10be&clientModelNumber=na&deviceDNT=false&deviceId=6fbead95-26b1-415d-998f-1bdef62d10be&deviceLat=19.4358&deviceLon=-99.1441&deviceMake=Chrome&deviceModel=web&deviceType=web&deviceVersion=88.0.4324.150&marketingRegion=VE&serverSideAds=false&sessionID=b8e5a857-714a-11eb-b532-0242ac110002&sid=b8e5a857-714a-11eb-b532-0242ac110002&userId=
  REPARADA: https://service-stitcher.clusters.pluto.tv/stitch/hls/channel/5e67d41b93312100076f3fca/master.m3u8?advertisingId=&app_name=web&clientDeviceType=0&clientID=6fbead95-26b1-415d-998f-1bdef62d10be&clientModelNumber=na&deviceLat=19.4358&deviceLon=-99.1441&marketingRegion=VE&sessionID=b8e5a857-714a-11eb-b532-0242ac110002&userId=
- ORIGINAL: https://service-stitcher.clusters.pluto.tv/stitch/hls/channel/5e46e64dc73db400094b5f0b/master.m3u8?advertisingId=&appName=web&appVersion=5.14.0-0f5ca04c21649b8c8aad4e56266a23b96d73b83a&app_name=web&clientDeviceType=0&clientID=6fbead95-26b1-415d-998f-1bdef62d10be&clientModelNumber=na&deviceDNT=false&deviceId=6fbead95-26b1-415d-998f-1bdef62d10be&deviceLat=19.4358&deviceLon=-99.1441&deviceMake=Chrome&deviceModel=web&deviceType=web&deviceVersion=88.0.4324.150&marketingRegion=VE&serverSideAds=false&sessionID=b8e5a857-714a-11eb-b532-0242ac110002&sid=b8e5a857-714a-11eb-b532-0242ac110002&userId=
  REPARADA: https://service-stitcher.clusters.pluto.tv/stitch/hls/channel/5e46e64dc73db400094b5f0b/master.m3u8?advertisingId=&app_name=web&clientDeviceType=0&clientID=6fbead95-26b1-415d-998f-1bdef62d10be&clientModelNumber=na&deviceLat=19.4358&deviceLon=-99.1441&marketingRegion=VE&sessionID=b8e5a857-714a-11eb-b532-0242ac110002&userId=
- ORIGINAL: https://service-stitcher.clusters.pluto.tv/stitch/hls/channel/5f230e416b68ff00075b0139/master.m3u8?advertisingId=&appName=web&appVersion=5.14.0-0f5ca04c21649b8c8aad4e56266a23b96d73b83a&app_name=web&clientDeviceType=0&clientID=6fbead95-26b1-415d-998f-1bdef62d10be&clientModelNumber=na&deviceDNT=false&deviceId=6fbead95-26b1-415d-998f-1bdef62d10be&deviceLat=19.4358&deviceLon=-99.1441&deviceMake=Chrome&deviceModel=web&deviceType=web&deviceVersion=88.0.4324.150&marketingRegion=VE&serverSideAds=false&sessionID=b8e5a857-714a-11eb-b532-0242ac110002&sid=b8e5a857-714a-11eb-b532-0242ac110002&userId=
  REPARADA: https://service-stitcher.clusters.pluto.tv/stitch/hls/channel/5f230e416b68ff00075b0139/master.m3u8?advertisingId=&app_name=web&clientDeviceType=0&clientID=6fbead95-26b1-415d-998f-1bdef62d10be&clientModelNumber=na&deviceLat=19.4358&deviceLon=-99.1441&marketingRegion=VE&sessionID=b8e5a857-714a-11eb-b532-0242ac110002&userId=
- ORIGINAL: https://service-stitcher.clusters.pluto.tv/stitch/hls/channel/5f610042272f68000867685b/master.m3u8?advertisingId=&appName=web&appVersion=5.14.0-0f5ca04c21649b8c8aad4e56266a23b96d73b83a&app_name=web&clientDeviceType=0&clientID=6fbead95-26b1-415d-998f-1bdef62d10be&clientModelNumber=na&deviceDNT=false&deviceId=6fbead95-26b1-415d-998f-1bdef62d10be&deviceLat=19.4358&deviceLon=-99.1441&deviceMake=Chrome&deviceModel=web&deviceType=web&deviceVersion=88.0.4324.150&marketingRegion=VE&serverSideAds=false&sessionID=b8e5a857-714a-11eb-b532-0242ac110002&sid=b8e5a857-714a-11eb-b532-0242ac110002&userId=
  REPARADA: https://service-stitcher.clusters.pluto.tv/stitch/hls/channel/5f610042272f68000867685b/master.m3u8?advertisingId=&app_name=web&clientDeviceType=0&clientID=6fbead95-26b1-415d-998f-1bdef62d10be&clientModelNumber=na&deviceLat=19.4358&deviceLon=-99.1441&marketingRegion=VE&sessionID=b8e5a857-714a-11eb-b532-0242ac110002&userId=
- ORIGINAL: https://service-stitcher.clusters.pluto.tv/stitch/hls/channel/5dcde0cc2efd2700090b7ff4/master.m3u8?advertisingId=&appName=web&appVersion=5.14.0-0f5ca04c21649b8c8aad4e56266a23b96d73b83a&app_name=web&clientDeviceType=0&clientID=6fbead95-26b1-415d-998f-1bdef62d10be&clientModelNumber=na&deviceDNT=false&deviceId=6fbead95-26b1-415d-998f-1bdef62d10be&deviceLat=19.4358&deviceLon=-99.1441&deviceMake=Chrome&deviceModel=web&deviceType=web&deviceVersion=88.0.4324.150&marketingRegion=VE&serverSideAds=false&sessionID=b8e5a857-714a-11eb-b532-0242ac110002&sid=b8e5a857-714a-11eb-b532-0242ac110002&userId=
  REPARADA: https://service-stitcher.clusters.pluto.tv/stitch/hls/channel/5dcde0cc2efd2700090b7ff4/master.m3u8?advertisingId=&app_name=web&clientDeviceType=0&clientID=6fbead95-26b1-415d-998f-1bdef62d10be&clientModelNumber=na&deviceLat=19.4358&deviceLon=-99.1441&marketingRegion=VE&sessionID=b8e5a857-714a-11eb-b532-0242ac110002&userId=
- ORIGINAL: https://service-stitcher.clusters.pluto.tv/stitch/hls/channel/5dd837642c6e9300098ad484/master.m3u8?advertisingId=&appName=web&appVersion=5.14.0-0f5ca04c21649b8c8aad4e56266a23b96d73b83a&app_name=web&clientDeviceType=0&clientID=6fbead95-26b1-415d-998f-1bdef62d10be&clientModelNumber=na&deviceDNT=false&deviceId=6fbead95-26b1-415d-998f-1bdef62d10be&deviceLat=19.4358&deviceLon=-99.1441&deviceMake=Chrome&deviceModel=web&deviceType=web&deviceVersion=88.0.4324.150&marketingRegion=VE&serverSideAds=false&sessionID=b8e5a857-714a-11eb-b532-0242ac110002&sid=b8e5a857-714a-11eb-b532-0242ac110002&userId=
  REPARADA: https://service-stitcher.clusters.pluto.tv/stitch/hls/channel/5dd837642c6e9300098ad484/master.m3u8?advertisingId=&app_name=web&clientDeviceType=0&clientID=6fbead95-26b1-415d-998f-1bdef62d10be&clientModelNumber=na&deviceLat=19.4358&deviceLon=-99.1441&marketingRegion=VE&sessionID=b8e5a857-714a-11eb-b532-0242ac110002&userId=
- ORIGINAL: https://service-stitcher.clusters.pluto.tv/stitch/hls/channel/5de802659167b10009e7deba/master.m3u8?advertisingId=&appName=web&appVersion=5.14.0-0f5ca04c21649b8c8aad4e56266a23b96d73b83a&app_name=web&clientDeviceType=0&clientID=6fbead95-26b1-415d-998f-1bdef62d10be&clientModelNumber=na&deviceDNT=false&deviceId=6fbead95-26b1-415d-998f-1bdef62d10be&deviceLat=19.4358&deviceLon=-99.1441&deviceMake=Chrome&deviceModel=web&deviceType=web&deviceVersion=88.0.4324.150&marketingRegion=VE&serverSideAds=false&sessionID=b8e5a857-714a-11eb-b532-0242ac110002&sid=b8e5a857-714a-11eb-b532-0242ac110002&userId=
  REPARADA: https://service-stitcher.clusters.pluto.tv/stitch/hls/channel/5de802659167b10009e7deba/master.m3u8?advertisingId=&app_name=web&clientDeviceType=0&clientID=6fbead95-26b1-415d-998f-1bdef62d10be&clientModelNumber=na&deviceLat=19.4358&deviceLon=-99.1441&marketingRegion=VE&sessionID=b8e5a857-714a-11eb-b532-0242ac110002&userId=
- ORIGINAL: http://livestar.siliconweb.com/media/star1/star1mediumhd.m3u8
  REPARADA: https://livestar.siliconweb.com/media/star1/star1mediumhd.m3u8
- ORIGINAL: http://wms.shared.streamshow.it/supertv/mp4:supertv/playlist.m3u8
  REPARADA: https://wms.shared.streamshow.it/supertv/mp4:supertv/playlist.m3u8
- ORIGINAL: https://cdn-uw2-prod.tsv2.amagi.tv/linear/amg01602-themahqfrance-vivekanald-samsungspain/playlist.m3u8
  REPARADA: https://cdn-uw2-prod.tsv2.proxy.movian.tv/amagi/linear/amg01602-themahqfrance-vivekanald-samsungspain/playlist.m3u8
- ORIGINAL: https://cdn-uw2-prod.tsv2.amagi.tv/linear/amg01602-themahqfrance-vivekanald-samsungspain/playlist.m3u8
  REPARADA: https://cdn-uw2-prod.tsv2.proxy.movian.tv/amagi/linear/amg01602-themahqfrance-vivekanald-samsungspain/playlist.m3u8
- ORIGINAL: https://cdn-uw2-prod.tsv2.amagi.tv/linear/amg01602-themahqfrance-vivekanald-samsungspain/playlist.m3u8
  REPARADA: https://cdn-uw2-prod.tsv2.proxy.movian.tv/amagi/linear/amg01602-themahqfrance-vivekanald-samsungspain/playlist.m3u8
- ORIGINAL: http://167.172.161.13/hls/feedspare/6udfi7v8a3eof6nlps6e9ovfrs65c7l7.m3u8
  REPARADA: https://proxy.movian.tv/hls/feedspare/6udfi7v8a3eof6nlps6e9ovfrs65c7l7.m3u8
- ORIGINAL: http://ts2000tv.streaming.nextware.it:8081/ts2000tv/ts2000tv/playlist.m3u8
  REPARADA: https://ts2000tv.streaming.nextware.it:8081/ts2000tv/ts2000tv/playlist.m3u8
- ORIGINAL: http://vcp1.myplaytv.com:1935/promar/promar/playlist.m3u8
  REPARADA: https://vcp1.myplaytv.com:1935/promar/promar/playlist.m3u8
- ORIGINAL: http://158.69.124.9:1935/sardaritv/sardaritv/playlist.m3u8
  REPARADA: https://proxy.movian.tv:1935/sardaritv/sardaritv/playlist.m3u8
- ORIGINAL: http://wms.shared.streamshow.it/telefoggia/mp4:telefoggia/playlist.m3u8
  REPARADA: https://wms.shared.streamshow.it/telefoggia/mp4:telefoggia/playlist.m3u8
- ORIGINAL: https://service-stitcher.clusters.pluto.tv/stitch/hls/channel/5ddc266f80e3550009136843/master.m3u8?advertisingId=&appName=web&appVersion=5.14.0-0f5ca04c21649b8c8aad4e56266a23b96d73b83a&app_name=web&clientDeviceType=0&clientID=6fbead95-26b1-415d-998f-1bdef62d10be&clientModelNumber=na&deviceDNT=false&deviceId=6fbead95-26b1-415d-998f-1bdef62d10be&deviceLat=19.4358&deviceLon=-99.1441&deviceMake=Chrome&deviceModel=web&deviceType=web&deviceVersion=88.0.4324.150&marketingRegion=VE&serverSideAds=false&sessionID=b8e5a857-714a-11eb-b532-0242ac110002&sid=b8e5a857-714a-11eb-b532-0242ac110002&userId=
  REPARADA: https://service-stitcher.clusters.pluto.tv/stitch/hls/channel/5ddc266f80e3550009136843/master.m3u8?advertisingId=&app_name=web&clientDeviceType=0&clientID=6fbead95-26b1-415d-998f-1bdef62d10be&clientModelNumber=na&deviceLat=19.4358&deviceLon=-99.1441&marketingRegion=VE&sessionID=b8e5a857-714a-11eb-b532-0242ac110002&userId=
- ORIGINAL: https://service-stitcher.clusters.pluto.tv/stitch/hls/channel/5cf96dad1652631e36d43320/master.m3u8?advertisingId=&appName=web&appStoreUrl=&appVersion=DNT&app_name=&architecture=&buildVersion=&deviceDNT=0&deviceId=5cf96dad1652631e36d43320&deviceLat=&deviceLon=&deviceMake=web&deviceModel=web&deviceType=web&deviceVersion=DNT&includeExtendedEvents=false&marketingRegion=US&serverSideAds=false&sid=967&terminate=false&userId=
  REPARADA: https://service-stitcher.clusters.pluto.tv/stitch/hls/channel/5cf96dad1652631e36d43320/master.m3u8?advertisingId=&appStoreUrl=&app_name=&architecture=&buildVersion=&deviceLat=&deviceLon=&marketingRegion=US&terminate=false&userId=
- ORIGINAL: http://122.248.43.242:1935/FAJARTV/_definst_/myStream/playlist.m3u8
  REPARADA: https://proxy.movian.tv:1935/FAJARTV/_definst_/myStream/playlist.m3u8
- ORIGINAL: http://wms.klikhost.com:1935/tegartv/tegartv/playlist.m3u8
  REPARADA: https://wms.klikhost.com:1935/tegartv/tegartv/playlist.m3u8
- ORIGINAL: http://cm.hostlagarto.com:8081/Telemilenio/Telemilenio.myStream/playlist.m3u8
  REPARADA: https://cm.hostlagarto.com:8081/Telemilenio/Telemilenio.myStream/playlist.m3u8
- ORIGINAL: http://wms.shared.streamshow.it:1935/telemonteneve/telemonteneve/live.m3u8
  REPARADA: https://wms.shared.streamshow.it:1935/telemonteneve/telemonteneve/live.m3u8
- ORIGINAL: https://cdn-apse1-prod.tsv2.amagi.tv/linear/amg00514-noseybaxterllc-noseyintlnz-samsungnz/playlist.m3u8
  REPARADA: https://cdn-apse1-prod.tsv2.proxy.movian.tv/amagi/linear/amg00514-noseybaxterllc-noseyintlnz-samsungnz/playlist.m3u8

⚠️ Posibles listas encadenadas:
https://livestar.siliconweb.com/media/star1/star1mediumhd.m3u8
https://wms.shared.streamshow.it/supertv/mp4:supertv/playlist.m3u8
https://rtvelivestream-rtveplayplus.rtve.es/rtvesec/int/star_main_dvr_1080.m3u8
https://cdn-uw2-prod.tsv2.proxy.movian.tv/amagi/linear/amg01602-themahqfrance-vivekanald-samsungspain/playlist.m3u8
https://cdn-uw2-prod.tsv2.proxy.movian.tv/amagi/linear/amg01602-themahqfrance-vivekanald-samsungspain/playlist.m3u8
https://cdn-uw2-prod.tsv2.proxy.movian.tv/amagi/linear/amg01602-themahqfrance-vivekanald-samsungspain/playlist.m3u8
https://proxy.movian.tv/hls/feedspare/6udfi7v8a3eof6nlps6e9ovfrs65c7l7.m3u8
https://cloud.fastchannel.es/mic/manifiest/populartvrm.m3u8
https://saarland2.iptv-playoutcenter.de/saarland2/saarland2.stream_2/playlist.m3u8
https://ts2000tv.streaming.nextware.it:8081/ts2000tv/ts2000tv/playlist.m3u8
https://65f16f0fdfc51.streamlock.net/afarinTV/livestream/playlist.m3u8
https://backend-server-dot-telearuba-app.appspot.com/media/livestream13/playlist.m3u8
https://linear-10.frequency.stream/dist/plex/10/hls/master/playlist.m3u8
https://vcp1.myplaytv.com:1935/promar/promar/playlist.m3u8
https://v2.siar.us/radartasikmalaya/live/playlist.m3u8
https://v10.siar.us/rctv/live/playlist.m3u8
https://ms2.mx-cd.net/tv/163-669433/RTV_Arnhem.smil/playlist.m3u8
https://prd-hometv-live-open.spectar.tv/ERO_1_083/playlist.m3u8
https://j78dp346yq5r-hls-live.5centscdn.com/safari/live.stream/playlist.m3u8
https://sampit-tv.siar.us/live/sampit-tv.m3u8
https://proxy.movian.tv:1935/sardaritv/sardaritv/playlist.m3u8
https://video.misistemareseller.com/srctv/srctv/chunklist_w846929347.m3u8
https://live.artidijitalmedya.com/artidijital_sunrtv/sunrtv/playlist.m3u8
https://live.artidijitalmedya.com/artidijital_tatlisestv/tatlisestv/playlist.m3u8
https://v2.siar.us/tatv/live.sdp/playlist.m3u8
https://wms.shared.streamshow.it/telefoggia/mp4:telefoggia/playlist.m3u8
https://ott1.hdlatam.tv/live_abr/webtvTarapotoPe/playlist.m3u8
https://live.artidijitalmedya.com/artidijital_lifetv/lifetv/playlist.m3u8
https://ndtv24x7elemarchana.akamaized.net/hls/live/2003678/ndtv24x7/master.m3u8
https://6zklx4wryw9b-hls-live.5centscdn.com/arydigitalusa/498f1704b692c3ad4dbfdf5ba5d04536.sdp/playlist.m3u8
https://proxy.movian.tv:1935/FAJARTV/_definst_/myStream/playlist.m3u8
https://stream.kaztrk.kz/regional/karagandytv/index.m3u8
https://dogus-live.daioncdn.net/startv/startv.m3u8
https://wms.klikhost.com:1935/tegartv/tegartv/playlist.m3u8
https://cm.hostlagarto.com:8081/Telemilenio/Telemilenio.myStream/playlist.m3u8
https://wms.shared.streamshow.it:1935/telemonteneve/telemonteneve/live.m3u8
https://cdn-apse1-prod.tsv2.proxy.movian.tv/amagi/linear/amg00514-noseybaxterllc-noseyintlnz-samsungnz/playlist.m3u8
