🔧 URLs reparadas:
- ORIGINAL: http://streaming.senecadot.com/live/flv:tv7.sdp/playlist.m3u8
  REPARADA: https://streaming.senecadot.com/live/flv:tv7.sdp/playlist.m3u8
- ORIGINAL: http://tv.cootel.com.kh:8077/streams/d/Komsan/playlist.m3u8
  REPARADA: https://tv.cootel.com.kh:8077/streams/d/Komsan/playlist.m3u8
- ORIGINAL: http://cfd-v4-service-channel-stitcher-use1-1.prd.pluto.tv/stitch/hls/channel/64f8a0c230ab3300084369b8/master.m3u8?appName=web&appVersion=unknown&clientTime=0&deviceDNT=0&deviceId=2c7b17f9-35fc-11ef-a031-2b5d494037a2&deviceMake=Chrome&deviceModel=web&deviceType=web&deviceVersion=unknown&includeExtendedEvents=false&serverSideAds=false&sid=70f03476-c602-474c-9bec-e1c4bbf13a02
  REPARADA: https://cfd-v4-service-channel-stitcher-use1-1.prd.pluto.tv/stitch/hls/channel/64f8a0c230ab3300084369b8/master.m3u8
- ORIGINAL: http://cfd-v4-service-channel-stitcher-use1-1.prd.pluto.tv/stitch/hls/channel/5cffcf5686dfe15595fb3f56/master.m3u8?appName=web&appVersion=unknown&clientTime=0&deviceDNT=0&deviceId=1b1eea55-4b81-11ef-a8ac-e146e4e7be02&deviceMake=Chrome&deviceModel=web&deviceType=web&deviceVersion=unknown&includeExtendedEvents=false&serverSideAds=false&sid=7d2ddc91-5fb2-44c2-aeed-f44a38cfe217
  REPARADA: https://cfd-v4-service-channel-stitcher-use1-1.prd.pluto.tv/stitch/hls/channel/5cffcf5686dfe15595fb3f56/master.m3u8
- ORIGINAL: http://cfd-v4-service-channel-stitcher-use1-1.prd.pluto.tv/stitch/hls/channel/5cffcf5686dfe15595fb3f56/master.m3u8?appName=web&appVersion=unknown&clientTime=0&deviceDNT=0&deviceId=84ae044a-4b92-11ef-aece-533610f1ea34&deviceMake=Chrome&deviceModel=web&deviceType=web&deviceVersion=unknown&includeExtendedEvents=false&serverSideAds=false&sid=1702995c-e680-43a7-aab2-8ad161900add
  REPARADA: https://cfd-v4-service-channel-stitcher-use1-1.prd.pluto.tv/stitch/hls/channel/5cffcf5686dfe15595fb3f56/master.m3u8
- ORIGINAL: http://cfd-v4-service-channel-stitcher-use1-1.prd.pluto.tv/stitch/hls/channel/5caf32c2a5068259a32320fc/master.m3u8?appName=web&appVersion=unknown&clientTime=0&deviceDNT=0&deviceId=1b1f1160-4b81-11ef-a8ac-e146e4e7be02&deviceMake=Chrome&deviceModel=web&deviceType=web&deviceVersion=unknown&includeExtendedEvents=false&serverSideAds=false&sid=fedd9a53-46f2-4eed-8ea9-ef20093e1a28
  REPARADA: https://cfd-v4-service-channel-stitcher-use1-1.prd.pluto.tv/stitch/hls/channel/5caf32c2a5068259a32320fc/master.m3u8
- ORIGINAL: http://cfd-v4-service-channel-stitcher-use1-1.prd.pluto.tv/stitch/hls/channel/5caf32c2a5068259a32320fc/master.m3u8?appName=web&appVersion=unknown&clientTime=0&deviceDNT=0&deviceId=84ae2b52-4b92-11ef-aece-533610f1ea34&deviceMake=Chrome&deviceModel=web&deviceType=web&deviceVersion=unknown&includeExtendedEvents=false&serverSideAds=false&sid=ea57af13-cdf9-4796-a6ce-aa2f1ce34fcf
  REPARADA: https://cfd-v4-service-channel-stitcher-use1-1.prd.pluto.tv/stitch/hls/channel/5caf32c2a5068259a32320fc/master.m3u8
- ORIGINAL: https://amg00627-amg00627c14-rakuten-uk-4802.playouts.now.amagi.tv/index.m3u8
  REPARADA: https://amg00627-amg00627c14-rakuten-uk-4802.playouts.now.proxy.movian.tv/amagi/index.m3u8
- ORIGINAL: http://cfd-v4-service-channel-stitcher-use1-1.prd.pluto.tv/stitch/hls/channel/62fb9ade112ca70007d8441d/master.m3u8?appName=web&appVersion=unknown&clientTime=0&deviceDNT=0&deviceId=2c7b6612-35fc-11ef-a031-2b5d494037a2&deviceMake=Chrome&deviceModel=web&deviceType=web&deviceVersion=unknown&includeExtendedEvents=false&serverSideAds=false&sid=f86ca519-ca18-4239-ab5b-089b2094739d
  REPARADA: https://cfd-v4-service-channel-stitcher-use1-1.prd.pluto.tv/stitch/hls/channel/62fb9ade112ca70007d8441d/master.m3u8
- ORIGINAL: http://cfd-v4-service-channel-stitcher-use1-1.prd.pluto.tv/stitch/hls/channel/62e93d0a80d8d10008a0181e/master.m3u8?appName=web&appVersion=unknown&clientTime=0&deviceDNT=0&deviceId=2c7b6613-35fc-11ef-a031-2b5d494037a2&deviceMake=Chrome&deviceModel=web&deviceType=web&deviceVersion=unknown&includeExtendedEvents=false&serverSideAds=false&sid=1fbd0fc2-487d-4b2e-8f46-ca423dcfe679
  REPARADA: https://cfd-v4-service-channel-stitcher-use1-1.prd.pluto.tv/stitch/hls/channel/62e93d0a80d8d10008a0181e/master.m3u8
- ORIGINAL: http://dvrfl05.bozztv.com/vch_vchannel18/index.m3u8
  REPARADA: https://dvrfl05.bozztv.com/vch_vchannel18/index.m3u8
- ORIGINAL: http://cfd-v4-service-channel-stitcher-use1-1.prd.pluto.tv/stitch/hls/channel/64eddc3485efec00085b0369/master.m3u8?appName=web&appVersion=unknown&clientTime=0&deviceDNT=0&deviceId=1b1f3876-4b81-11ef-a8ac-e146e4e7be02&deviceMake=Chrome&deviceModel=web&deviceType=web&deviceVersion=unknown&includeExtendedEvents=false&serverSideAds=false&sid=09f836b5-3c59-462d-95a2-726c229b62d4
  REPARADA: https://cfd-v4-service-channel-stitcher-use1-1.prd.pluto.tv/stitch/hls/channel/64eddc3485efec00085b0369/master.m3u8
- ORIGINAL: http://cfd-v4-service-channel-stitcher-use1-1.prd.pluto.tv/stitch/hls/channel/5b64a245a202b3337f09e51d/master.m3u8?appName=web&appVersion=unknown&clientTime=0&deviceDNT=0&deviceId=6c2aed45-30d3-11ef-9cf5-e9ddff8ff496&deviceMake=Chrome&deviceModel=web&deviceType=web&deviceVersion=unknown&includeExtendedEvents=false&serverSideAds=false&sid=46d9eb84-1a99-477f-99be-7f761b922cd2
  REPARADA: https://cfd-v4-service-channel-stitcher-use1-1.prd.pluto.tv/stitch/hls/channel/5b64a245a202b3337f09e51d/master.m3u8
- ORIGINAL: http://cfd-v4-service-channel-stitcher-use1-1.prd.pluto.tv/stitch/hls/channel/5d8beeb39b5d5d5f8c672530/master.m3u8?appName=web&appVersion=unknown&clientTime=0&deviceDNT=0&deviceId=6c2b1452-30d3-11ef-9cf5-e9ddff8ff496&deviceMake=Chrome&deviceModel=web&deviceType=web&deviceVersion=unknown&includeExtendedEvents=false&serverSideAds=false&sid=bffb5ed7-ddb0-4c7b-9457-e8614af008a2
  REPARADA: https://cfd-v4-service-channel-stitcher-use1-1.prd.pluto.tv/stitch/hls/channel/5d8beeb39b5d5d5f8c672530/master.m3u8
- ORIGINAL: http://cfd-v4-service-channel-stitcher-use1-1.prd.pluto.tv/stitch/hls/channel/5bb3fea0f711fd76340eebff/master.m3u8?appName=web&appVersion=unknown&clientTime=0&deviceDNT=0&deviceId=6c2b1453-30d3-11ef-9cf5-e9ddff8ff496&deviceMake=Chrome&deviceModel=web&deviceType=web&deviceVersion=unknown&includeExtendedEvents=false&serverSideAds=false&sid=50b48d94-a9db-4b6e-9b51-1dab5c53dc35
  REPARADA: https://cfd-v4-service-channel-stitcher-use1-1.prd.pluto.tv/stitch/hls/channel/5bb3fea0f711fd76340eebff/master.m3u8
- ORIGINAL: http://cfd-v4-service-channel-stitcher-use1-1.prd.pluto.tv/stitch/hls/channel/64be64445dc166000899ce75/master.m3u8?appName=web&appVersion=unknown&clientTime=0&deviceDNT=0&deviceId=1b1ffbc3-4b81-11ef-a8ac-e146e4e7be02&deviceMake=Chrome&deviceModel=web&deviceType=web&deviceVersion=unknown&includeExtendedEvents=false&serverSideAds=false&sid=52239dde-3e69-4840-8825-c224d9ed739a
  REPARADA: https://cfd-v4-service-channel-stitcher-use1-1.prd.pluto.tv/stitch/hls/channel/64be64445dc166000899ce75/master.m3u8
- ORIGINAL: http://cfd-v4-service-channel-stitcher-use1-1.prd.pluto.tv/stitch/hls/channel/64be64445dc166000899ce75/master.m3u8?appName=web&appVersion=unknown&clientTime=0&deviceDNT=0&deviceId=bc85a134-4b91-11ef-8a44-83c5e90e038f&deviceMake=Chrome&deviceModel=web&deviceType=web&deviceVersion=unknown&includeExtendedEvents=false&serverSideAds=false&sid=4c0ec0b3-ba68-46bb-9506-636d3ab2a044
  REPARADA: https://cfd-v4-service-channel-stitcher-use1-1.prd.pluto.tv/stitch/hls/channel/64be64445dc166000899ce75/master.m3u8
- ORIGINAL: http://cfd-v4-service-channel-stitcher-use1-1.prd.pluto.tv/stitch/hls/channel/64be64445dc166000899ce75/master.m3u8?appName=web&appVersion=unknown&clientTime=0&deviceDNT=0&deviceId=84aec796-4b92-11ef-aece-533610f1ea34&deviceMake=Chrome&deviceModel=web&deviceType=web&deviceVersion=unknown&includeExtendedEvents=false&serverSideAds=false&sid=813b79c7-b5ab-4408-ae58-2c80c52c7f3a
  REPARADA: https://cfd-v4-service-channel-stitcher-use1-1.prd.pluto.tv/stitch/hls/channel/64be64445dc166000899ce75/master.m3u8
- ORIGINAL: http://cfd-v4-service-channel-stitcher-use1-1.prd.pluto.tv/stitch/hls/channel/630f1e6073bd1800082107f0/master.m3u8?appName=web&appVersion=unknown&clientTime=0&deviceDNT=0&deviceId=2c7bb431-35fc-11ef-a031-2b5d494037a2&deviceMake=Chrome&deviceModel=web&deviceType=web&deviceVersion=unknown&includeExtendedEvents=false&serverSideAds=false&sid=8e4df61b-f0fe-477e-8bdf-c892174573c4
  REPARADA: https://cfd-v4-service-channel-stitcher-use1-1.prd.pluto.tv/stitch/hls/channel/630f1e6073bd1800082107f0/master.m3u8
- ORIGINAL: http://cfd-v4-service-channel-stitcher-use1-1.prd.pluto.tv/stitch/hls/channel/5dc190f7bfed110009d934c3/master.m3u8?appName=web&appVersion=unknown&clientTime=0&deviceDNT=0&deviceId=bc85c842-4b91-11ef-8a44-83c5e90e038f&deviceMake=Chrome&deviceModel=web&deviceType=web&deviceVersion=unknown&includeExtendedEvents=false&serverSideAds=false&sid=74c39730-fb7c-4ea6-9445-38d3f7ff5d3d
  REPARADA: https://cfd-v4-service-channel-stitcher-use1-1.prd.pluto.tv/stitch/hls/channel/5dc190f7bfed110009d934c3/master.m3u8
- ORIGINAL: http://cfd-v4-service-channel-stitcher-use1-1.prd.pluto.tv/stitch/hls/channel/5dc190f7bfed110009d934c3/master.m3u8?appName=web&appVersion=unknown&clientTime=0&deviceDNT=0&deviceId=1b2022d2-4b81-11ef-a8ac-e146e4e7be02&deviceMake=Chrome&deviceModel=web&deviceType=web&deviceVersion=unknown&includeExtendedEvents=false&serverSideAds=false&sid=e7d734a7-ff35-48a1-bfca-2a48e9148931
  REPARADA: https://cfd-v4-service-channel-stitcher-use1-1.prd.pluto.tv/stitch/hls/channel/5dc190f7bfed110009d934c3/master.m3u8
- ORIGINAL: http://cfd-v4-service-channel-stitcher-use1-1.prd.pluto.tv/stitch/hls/channel/5dc190f7bfed110009d934c3/master.m3u8?appName=web&appVersion=unknown&clientTime=0&deviceDNT=0&deviceId=84aeeea2-4b92-11ef-aece-533610f1ea34&deviceMake=Chrome&deviceModel=web&deviceType=web&deviceVersion=unknown&includeExtendedEvents=false&serverSideAds=false&sid=c39f6559-678d-4811-85d3-2aeecd09668a
  REPARADA: https://cfd-v4-service-channel-stitcher-use1-1.prd.pluto.tv/stitch/hls/channel/5dc190f7bfed110009d934c3/master.m3u8
- ORIGINAL: http://cfd-v4-service-channel-stitcher-use1-1.prd.pluto.tv/stitch/hls/channel/5ddbf866b1862a0009a0648e/master.m3u8?appName=web&appVersion=unknown&clientTime=0&deviceDNT=0&deviceId=bc85c843-4b91-11ef-8a44-83c5e90e038f&deviceMake=Chrome&deviceModel=web&deviceType=web&deviceVersion=unknown&includeExtendedEvents=false&serverSideAds=false&sid=df221bf5-710f-4017-90c4-f8002fbd3ad5
  REPARADA: https://cfd-v4-service-channel-stitcher-use1-1.prd.pluto.tv/stitch/hls/channel/5ddbf866b1862a0009a0648e/master.m3u8
- ORIGINAL: http://cfd-v4-service-channel-stitcher-use1-1.prd.pluto.tv/stitch/hls/channel/5ddbf866b1862a0009a0648e/master.m3u8?appName=web&appVersion=unknown&clientTime=0&deviceDNT=0&deviceId=1b2022d3-4b81-11ef-a8ac-e146e4e7be02&deviceMake=Chrome&deviceModel=web&deviceType=web&deviceVersion=unknown&includeExtendedEvents=false&serverSideAds=false&sid=3c45133a-b485-4c8a-a556-fac780df716a
  REPARADA: https://cfd-v4-service-channel-stitcher-use1-1.prd.pluto.tv/stitch/hls/channel/5ddbf866b1862a0009a0648e/master.m3u8
- ORIGINAL: http://cfd-v4-service-channel-stitcher-use1-1.prd.pluto.tv/stitch/hls/channel/5ddbf866b1862a0009a0648e/master.m3u8?appName=web&appVersion=unknown&clientTime=0&deviceDNT=0&deviceId=84aeeea3-4b92-11ef-aece-533610f1ea34&deviceMake=Chrome&deviceModel=web&deviceType=web&deviceVersion=unknown&includeExtendedEvents=false&serverSideAds=false&sid=2e0c3c1a-9aa2-46b3-994f-ab3a1c929f78
  REPARADA: https://cfd-v4-service-channel-stitcher-use1-1.prd.pluto.tv/stitch/hls/channel/5ddbf866b1862a0009a0648e/master.m3u8
- ORIGINAL: http://cfd-v4-service-channel-stitcher-use1-1.prd.pluto.tv/stitch/hls/channel/5d767ab2b456c8cf265ce921/master.m3u8?appName=web&appVersion=unknown&clientTime=0&deviceDNT=0&deviceId=bc85c844-4b91-11ef-8a44-83c5e90e038f&deviceMake=Chrome&deviceModel=web&deviceType=web&deviceVersion=unknown&includeExtendedEvents=false&serverSideAds=false&sid=dfc7676f-1675-4cca-b1d1-5701f84c4908
  REPARADA: https://cfd-v4-service-channel-stitcher-use1-1.prd.pluto.tv/stitch/hls/channel/5d767ab2b456c8cf265ce921/master.m3u8
- ORIGINAL: http://cfd-v4-service-channel-stitcher-use1-1.prd.pluto.tv/stitch/hls/channel/5d767ab2b456c8cf265ce921/master.m3u8?appName=web&appVersion=unknown&clientTime=0&deviceDNT=0&deviceId=1b2022d4-4b81-11ef-a8ac-e146e4e7be02&deviceMake=Chrome&deviceModel=web&deviceType=web&deviceVersion=unknown&includeExtendedEvents=false&serverSideAds=false&sid=f2671c6a-031c-4fa0-bb07-e94c2b5d08db
  REPARADA: https://cfd-v4-service-channel-stitcher-use1-1.prd.pluto.tv/stitch/hls/channel/5d767ab2b456c8cf265ce921/master.m3u8
- ORIGINAL: http://cfd-v4-service-channel-stitcher-use1-1.prd.pluto.tv/stitch/hls/channel/5d767ab2b456c8cf265ce921/master.m3u8?appName=web&appVersion=unknown&clientTime=0&deviceDNT=0&deviceId=84aeeea4-4b92-11ef-aece-533610f1ea34&deviceMake=Chrome&deviceModel=web&deviceType=web&deviceVersion=unknown&includeExtendedEvents=false&serverSideAds=false&sid=280db36d-ffba-4223-8a7d-77e6a96d3758
  REPARADA: https://cfd-v4-service-channel-stitcher-use1-1.prd.pluto.tv/stitch/hls/channel/5d767ab2b456c8cf265ce921/master.m3u8
- ORIGINAL: http://cfd-v4-service-channel-stitcher-use1-1.prd.pluto.tv/stitch/hls/channel/5cd149f021cb6c55e258bbe8/master.m3u8?appName=web&appVersion=unknown&clientTime=0&deviceDNT=0&deviceId=1b2022d5-4b81-11ef-a8ac-e146e4e7be02&deviceMake=Chrome&deviceModel=web&deviceType=web&deviceVersion=unknown&includeExtendedEvents=false&serverSideAds=false&sid=8eb7e943-84dc-455f-837c-5a289cb58234
  REPARADA: https://cfd-v4-service-channel-stitcher-use1-1.prd.pluto.tv/stitch/hls/channel/5cd149f021cb6c55e258bbe8/master.m3u8
- ORIGINAL: http://cfd-v4-service-channel-stitcher-use1-1.prd.pluto.tv/stitch/hls/channel/5cd149f021cb6c55e258bbe8/master.m3u8?appName=web&appVersion=unknown&clientTime=0&deviceDNT=0&deviceId=bc85c845-4b91-11ef-8a44-83c5e90e038f&deviceMake=Chrome&deviceModel=web&deviceType=web&deviceVersion=unknown&includeExtendedEvents=false&serverSideAds=false&sid=b1efada2-5c1e-4c67-8d37-a989831dc9f3
  REPARADA: https://cfd-v4-service-channel-stitcher-use1-1.prd.pluto.tv/stitch/hls/channel/5cd149f021cb6c55e258bbe8/master.m3u8

⚠️ Posibles listas encadenadas:
https://www.chasquirouter.com/salida/sd/trivu.m3u8
https://vcp12.myplaytv.com/trt/trt/playlist.m3u8
https://mdstrm.com/live-stream-playlist/6287fdc9303e3008289ab711.m3u8
https://streaming.senecadot.com/live/flv:tv7.sdp/playlist.m3u8
https://tv.cootel.com.kh:8077/streams/d/Komsan/playlist.m3u8
https://v2.catcast.tv/content/44051/index.m3u8
https://janus.xpbroadcasting.com:8443/hls/xptvUS.m3u8
https://cdn.ntv.ru/th_serial/playlist.m3u8
https://cfd-v4-service-channel-stitcher-use1-1.prd.pluto.tv/stitch/hls/channel/64f8a0c230ab3300084369b8/master.m3u8
https://cfd-v4-service-channel-stitcher-use1-1.prd.pluto.tv/stitch/hls/channel/5cffcf5686dfe15595fb3f56/master.m3u8
https://cfd-v4-service-channel-stitcher-use1-1.prd.pluto.tv/stitch/hls/channel/5cffcf5686dfe15595fb3f56/master.m3u8
https://cfd-v4-service-channel-stitcher-use1-1.prd.pluto.tv/stitch/hls/channel/5caf32c2a5068259a32320fc/master.m3u8
https://cfd-v4-service-channel-stitcher-use1-1.prd.pluto.tv/stitch/hls/channel/5caf32c2a5068259a32320fc/master.m3u8
https://lb1-live-mv.v2h-cdn.com/hls/fdee/mvmalldd/mvmalldd.m3u8
https://amg00627-amg00627c14-rakuten-uk-4802.playouts.now.proxy.movian.tv/amagi/index.m3u8
https://viamotionhsi.netplus.ch/live/eds/comedycentralnick/browser-HLS8/comedycentralnick.m3u8
https://cfd-v4-service-channel-stitcher-use1-1.prd.pluto.tv/stitch/hls/channel/62fb9ade112ca70007d8441d/master.m3u8
https://cfd-v4-service-channel-stitcher-use1-1.prd.pluto.tv/stitch/hls/channel/62e93d0a80d8d10008a0181e/master.m3u8
https://dvrfl05.bozztv.com/vch_vchannel18/index.m3u8
https://cfd-v4-service-channel-stitcher-use1-1.prd.pluto.tv/stitch/hls/channel/64eddc3485efec00085b0369/master.m3u8
https://onehls.persiana.live/hls/stream.m3u8
https://cfd-v4-service-channel-stitcher-use1-1.prd.pluto.tv/stitch/hls/channel/5b64a245a202b3337f09e51d/master.m3u8
https://cfd-v4-service-channel-stitcher-use1-1.prd.pluto.tv/stitch/hls/channel/5d8beeb39b5d5d5f8c672530/master.m3u8
https://cfd-v4-service-channel-stitcher-use1-1.prd.pluto.tv/stitch/hls/channel/5bb3fea0f711fd76340eebff/master.m3u8
https://cfd-v4-service-channel-stitcher-use1-1.prd.pluto.tv/stitch/hls/channel/64be64445dc166000899ce75/master.m3u8
https://cfd-v4-service-channel-stitcher-use1-1.prd.pluto.tv/stitch/hls/channel/64be64445dc166000899ce75/master.m3u8
https://cfd-v4-service-channel-stitcher-use1-1.prd.pluto.tv/stitch/hls/channel/64be64445dc166000899ce75/master.m3u8
https://cfd-v4-service-channel-stitcher-use1-1.prd.pluto.tv/stitch/hls/channel/630f1e6073bd1800082107f0/master.m3u8
https://cfd-v4-service-channel-stitcher-use1-1.prd.pluto.tv/stitch/hls/channel/5dc190f7bfed110009d934c3/master.m3u8
https://cfd-v4-service-channel-stitcher-use1-1.prd.pluto.tv/stitch/hls/channel/5dc190f7bfed110009d934c3/master.m3u8
https://cfd-v4-service-channel-stitcher-use1-1.prd.pluto.tv/stitch/hls/channel/5dc190f7bfed110009d934c3/master.m3u8
https://cfd-v4-service-channel-stitcher-use1-1.prd.pluto.tv/stitch/hls/channel/5ddbf866b1862a0009a0648e/master.m3u8
https://cfd-v4-service-channel-stitcher-use1-1.prd.pluto.tv/stitch/hls/channel/5ddbf866b1862a0009a0648e/master.m3u8
https://cfd-v4-service-channel-stitcher-use1-1.prd.pluto.tv/stitch/hls/channel/5ddbf866b1862a0009a0648e/master.m3u8
https://cfd-v4-service-channel-stitcher-use1-1.prd.pluto.tv/stitch/hls/channel/5d767ab2b456c8cf265ce921/master.m3u8
https://cfd-v4-service-channel-stitcher-use1-1.prd.pluto.tv/stitch/hls/channel/5d767ab2b456c8cf265ce921/master.m3u8
https://cfd-v4-service-channel-stitcher-use1-1.prd.pluto.tv/stitch/hls/channel/5d767ab2b456c8cf265ce921/master.m3u8
https://cfd-v4-service-channel-stitcher-use1-1.prd.pluto.tv/stitch/hls/channel/5cd149f021cb6c55e258bbe8/master.m3u8
https://cfd-v4-service-channel-stitcher-use1-1.prd.pluto.tv/stitch/hls/channel/5cd149f021cb6c55e258bbe8/master.m3u8
