🔧 URLs reparadas:
- ORIGINAL: http://iamchannel.org:1935/tes/1/playlist.m3u8
  REPARADA: https://iamchannel.org:1935/tes/1/playlist.m3u8
- ORIGINAL: http://185.105.4.244:1935/livesp/kalika/playlist.m3u8
  REPARADA: https://proxy.movian.tv:1935/livesp/kalika/playlist.m3u8

⚠️ Posibles listas encadenadas:
https://run-rc-es.otteravision.com/run/rc_es/rc_es.m3u8
https://fast-channels.atresmedia.com/648f47f7a2ffb0e40aeff3ad/648f47f7a2ffb0e40aeff3ad.m3u8
https://cloud37.ecuatel.com/ciracutv/live/manifest.m3u8
https://cloud37.ecuatel.com/vostv/live/manifest.m3u8
https://edge13.vedge.infomaniak.com/livecast/ik:adhtv/manifest.m3u8
https://cdnapisec.kaltura.com/p/2184561/sp/218456100/playManifest/entryId/1_68qxw4eu/format/applehttp/a.m3u8
https://live.obslivestream.com/conecta2/index.m3u8
https://limited2.todostreaming.es/live/m95-livestream.m3u8
https://rdn.essastream.com:3550/live/miavisiontvlive.m3u8
https://vosgestv.live-kd.com/live/vosgestv/vosgestv/playlist.m3u8
https://ams.juraganstreaming.com:5443/LiveApp/streams/wesaltv.m3u8
https://live-vestinn.cdnvideo.ru/vestinn/nn24-khl/playlist.m3u8
https://bttv-live-z.r53.cdn.tv1.eu/13014bundestag-hk2/_definst_/live/video/hk2_de.smil/playlist.m3u8
https://bttv-live-z.r53.cdn.tv1.eu/13014bundestag-hk3/_definst_/live/video/hk3_de.smil/playlist.m3u8
https://bttv-live-z.r53.cdn.tv1.eu/13014bundestag-hk4/_definst_/live/video/hk4_de.smil/playlist.m3u8
https://edge12.vedge.infomaniak.com/livecast/ik:rtblive1_8/manifest.m3u8
https://open.http.mp.streamamg.com/p/3001314/sp/300131400/playManifest/entryId/0_ye0b8tc0/format/applehttp/protocol/https/uiConfId/30026292/a.m3u8
https://cdnapisec.kaltura.com/p/1719221/sp/171922100/playManifest/entryId/1_ljzy3evp/format/applehttp/protocol/https/a.m3u8
https://cloud.fastchannel.es/mic/manifiest/hls/televigo/televigo.m3u8
https://streams2.sofast.tv/v1/master/611d79b11b77e2f571934fd80ca1413453772ac7/e3189902-0967-48a7-9d32-9401e34471c6/manifest.m3u8
https://pemirateshls.persiana.live/hls/stream.m3u8
https://b6244e915ee04a5aa758e863a55a6a3d.mediatailor.eu-west-1.amazonaws.com/v1/master/0547f18649bd788bec7b67b746e47670f558b6b2/production-LiveChannel-6217/master.m3u8
https://546609034c0e41d7b5852dd870ddb53b.mediatailor.eu-west-1.amazonaws.com/v1/master/0547f18649bd788bec7b67b746e47670f558b6b2/production-LiveChannel-6216/master.m3u8
https://4ac0fe739f05408abf89ce151aced344.mediatailor.eu-west-1.amazonaws.com/v1/master/0547f18649bd788bec7b67b746e47670f558b6b2/production-LiveChannel-6220/master.m3u8
https://iamchannel.org:1935/tes/1/playlist.m3u8
https://proxy.movian.tv:1935/livesp/kalika/playlist.m3u8
https://d18fcxaqfnwjhj.cloudfront.net/CDN_Ingest/MCN6_MUSIC.smil/Playlist.m3u8
