🔧 URLs reparadas:
- ORIGINAL: http://cfd-v4-service-channel-stitcher-use1-1.prd.pluto.tv/stitch/hls/channel/5cd149f021cb6c55e258bbe8/master.m3u8?appName=web&appVersion=unknown&clientTime=0&deviceDNT=0&deviceId=84aeeea5-4b92-11ef-aece-533610f1ea34&deviceMake=Chrome&deviceModel=web&deviceType=web&deviceVersion=unknown&includeExtendedEvents=false&serverSideAds=false&sid=57a04ab4-08c0-4114-8c90-0153ccf85d53
  REPARADA: https://cfd-v4-service-channel-stitcher-use1-1.prd.pluto.tv/stitch/hls/channel/5cd149f021cb6c55e258bbe8/master.m3u8
- ORIGINAL: http://cfd-v4-service-channel-stitcher-use1-1.prd.pluto.tv/stitch/hls/channel/6152ee71bf99590007893a11/master.m3u8?appName=web&appVersion=unknown&clientTime=0&deviceDNT=0&deviceId=1b2049e0-4b81-11ef-a8ac-e146e4e7be02&deviceMake=Chrome&deviceModel=web&deviceType=web&deviceVersion=unknown&includeExtendedEvents=false&serverSideAds=false&sid=a5c84cd3-495f-49d7-8e48-a79af0d219fc
  REPARADA: https://cfd-v4-service-channel-stitcher-use1-1.prd.pluto.tv/stitch/hls/channel/6152ee71bf99590007893a11/master.m3u8
- ORIGINAL: http://cfd-v4-service-channel-stitcher-use1-1.prd.pluto.tv/stitch/hls/channel/6152ee71bf99590007893a11/master.m3u8?appName=web&appVersion=unknown&clientTime=0&deviceDNT=0&deviceId=84aeeea7-4b92-11ef-aece-533610f1ea34&deviceMake=Chrome&deviceModel=web&deviceType=web&deviceVersion=unknown&includeExtendedEvents=false&serverSideAds=false&sid=3329cc1b-d91f-4194-b516-92fbd807049b
  REPARADA: https://cfd-v4-service-channel-stitcher-use1-1.prd.pluto.tv/stitch/hls/channel/6152ee71bf99590007893a11/master.m3u8
- ORIGINAL: http://cfd-v4-service-channel-stitcher-use1-1.prd.pluto.tv/stitch/hls/channel/5812be1c249444e05d09cc50/master.m3u8?appName=web&appVersion=unknown&clientTime=0&deviceDNT=0&deviceId=6c2b6270-30d3-11ef-9cf5-e9ddff8ff496&deviceMake=Chrome&deviceModel=web&deviceType=web&deviceVersion=unknown&includeExtendedEvents=false&serverSideAds=false&sid=2e2e43d4-4547-47dd-9325-2c583c9314b2
  REPARADA: https://cfd-v4-service-channel-stitcher-use1-1.prd.pluto.tv/stitch/hls/channel/5812be1c249444e05d09cc50/master.m3u8
- ORIGINAL: http://cfd-v4-service-channel-stitcher-use1-1.prd.pluto.tv/stitch/hls/channel/615333098185f00008715a56/master.m3u8?appName=web&appVersion=unknown&clientTime=0&deviceDNT=0&deviceId=1b2049e1-4b81-11ef-a8ac-e146e4e7be02&deviceMake=Chrome&deviceModel=web&deviceType=web&deviceVersion=unknown&includeExtendedEvents=false&serverSideAds=false&sid=03c264ad-dc34-4e0b-b96f-6cfb4c0f6b37
  REPARADA: https://cfd-v4-service-channel-stitcher-use1-1.prd.pluto.tv/stitch/hls/channel/615333098185f00008715a56/master.m3u8
- ORIGINAL: http://cfd-v4-service-channel-stitcher-use1-1.prd.pluto.tv/stitch/hls/channel/62e9289f8d467f0007fbc701/master.m3u8?appName=web&appVersion=unknown&clientTime=0&deviceDNT=0&deviceId=2c7bb433-35fc-11ef-a031-2b5d494037a2&deviceMake=Chrome&deviceModel=web&deviceType=web&deviceVersion=unknown&includeExtendedEvents=false&serverSideAds=false&sid=4f060b33-63f0-4db8-92fd-ac93ae48bcb1
  REPARADA: https://cfd-v4-service-channel-stitcher-use1-1.prd.pluto.tv/stitch/hls/channel/62e9289f8d467f0007fbc701/master.m3u8
- ORIGINAL: http://cfd-v4-service-channel-stitcher-use1-1.prd.pluto.tv/stitch/hls/channel/615333098185f00008715a56/master.m3u8?appName=web&appVersion=unknown&clientTime=0&deviceDNT=0&deviceId=84aeeea8-4b92-11ef-aece-533610f1ea34&deviceMake=Chrome&deviceModel=web&deviceType=web&deviceVersion=unknown&includeExtendedEvents=false&serverSideAds=false&sid=96f45124-9486-4038-a177-6f5206a39041
  REPARADA: https://cfd-v4-service-channel-stitcher-use1-1.prd.pluto.tv/stitch/hls/channel/615333098185f00008715a56/master.m3u8
- ORIGINAL: http://cfd-v4-service-channel-stitcher-use1-1.prd.pluto.tv/stitch/hls/channel/633354b63df9700007f6a1b7/master.m3u8?appName=web&appVersion=unknown&clientTime=0&deviceDNT=0&deviceId=6c2bb091-30d3-11ef-9cf5-e9ddff8ff496&deviceMake=Chrome&deviceModel=web&deviceType=web&deviceVersion=unknown&includeExtendedEvents=false&serverSideAds=false&sid=54f06638-b224-4723-bc88-9b4986c6cd72
  REPARADA: https://cfd-v4-service-channel-stitcher-use1-1.prd.pluto.tv/stitch/hls/channel/633354b63df9700007f6a1b7/master.m3u8
- ORIGINAL: http://cfd-v4-service-channel-stitcher-use1-1.prd.pluto.tv/stitch/hls/channel/5f24662bebe0f0000767de32/master.m3u8?appName=web&appVersion=unknown&clientTime=0&deviceDNT=0&deviceId=6c2bd7a9-30d3-11ef-9cf5-e9ddff8ff496&deviceMake=Chrome&deviceModel=web&deviceType=web&deviceVersion=unknown&includeExtendedEvents=false&serverSideAds=false&sid=933590b4-25e8-478c-814f-49d93fd452c3
  REPARADA: https://cfd-v4-service-channel-stitcher-use1-1.prd.pluto.tv/stitch/hls/channel/5f24662bebe0f0000767de32/master.m3u8
- ORIGINAL: http://cfd-v4-service-channel-stitcher-use1-1.prd.pluto.tv/stitch/hls/channel/5f21e7b24744c60007c1f6fc/master.m3u8?appName=web&appVersion=unknown&clientTime=0&deviceDNT=0&deviceId=6c2bfeb0-30d3-11ef-9cf5-e9ddff8ff496&deviceMake=Chrome&deviceModel=web&deviceType=web&deviceVersion=unknown&includeExtendedEvents=false&serverSideAds=false&sid=d8ecd073-183e-48e4-a98b-a1be120de05a
  REPARADA: https://cfd-v4-service-channel-stitcher-use1-1.prd.pluto.tv/stitch/hls/channel/5f21e7b24744c60007c1f6fc/master.m3u8
- ORIGINAL: http://cfd-v4-service-channel-stitcher-use1-1.prd.pluto.tv/stitch/hls/channel/5cf96cc422df39f1a338d165/master.m3u8?appName=web&appVersion=unknown&clientTime=0&deviceDNT=0&deviceId=6c2bfeb5-30d3-11ef-9cf5-e9ddff8ff496&deviceMake=Chrome&deviceModel=web&deviceType=web&deviceVersion=unknown&includeExtendedEvents=false&serverSideAds=false&sid=11274d9c-4f3d-4891-ae2e-08937bcc8bb5
  REPARADA: https://cfd-v4-service-channel-stitcher-use1-1.prd.pluto.tv/stitch/hls/channel/5cf96cc422df39f1a338d165/master.m3u8
- ORIGINAL: http://cfd-v4-service-channel-stitcher-use1-1.prd.pluto.tv/stitch/hls/channel/5d81607ab737153ea3c1c80e/master.m3u8?appName=web&appVersion=unknown&clientTime=0&deviceDNT=0&deviceId=6c2bfeb6-30d3-11ef-9cf5-e9ddff8ff496&deviceMake=Chrome&deviceModel=web&deviceType=web&deviceVersion=unknown&includeExtendedEvents=false&serverSideAds=false&sid=9decccae-21fa-404d-9d81-56fffb2cc206
  REPARADA: https://cfd-v4-service-channel-stitcher-use1-1.prd.pluto.tv/stitch/hls/channel/5d81607ab737153ea3c1c80e/master.m3u8
- ORIGINAL: http://cfd-v4-service-channel-stitcher-use1-1.prd.pluto.tv/stitch/hls/channel/5f21e8a6e2f12b000755afdb/master.m3u8?appName=web&appVersion=unknown&clientTime=0&deviceDNT=0&deviceId=6c2bfeb7-30d3-11ef-9cf5-e9ddff8ff496&deviceMake=Chrome&deviceModel=web&deviceType=web&deviceVersion=unknown&includeExtendedEvents=false&serverSideAds=false&sid=1cb89093-75df-464f-ac48-c72627cb5c40
  REPARADA: https://cfd-v4-service-channel-stitcher-use1-1.prd.pluto.tv/stitch/hls/channel/5f21e8a6e2f12b000755afdb/master.m3u8
- ORIGINAL: http://cfd-v4-service-channel-stitcher-use1-1.prd.pluto.tv/stitch/hls/channel/64f8a22a3efb510008245df0/master.m3u8?appName=web&appVersion=unknown&clientTime=0&deviceDNT=0&deviceId=2c7c5073-35fc-11ef-a031-2b5d494037a2&deviceMake=Chrome&deviceModel=web&deviceType=web&deviceVersion=unknown&includeExtendedEvents=false&serverSideAds=false&sid=63985417-98be-4524-83cc-9a7c05387193
  REPARADA: https://cfd-v4-service-channel-stitcher-use1-1.prd.pluto.tv/stitch/hls/channel/64f8a22a3efb510008245df0/master.m3u8
- ORIGINAL: http://cfd-v4-service-channel-stitcher-use1-1.prd.pluto.tv/stitch/hls/channel/62e92e536f28870007fa9b3a/master.m3u8?appName=web&appVersion=unknown&clientTime=0&deviceDNT=0&deviceId=2c7c5077-35fc-11ef-a031-2b5d494037a2&deviceMake=Chrome&deviceModel=web&deviceType=web&deviceVersion=unknown&includeExtendedEvents=false&serverSideAds=false&sid=d7542660-a0a4-415c-a70a-fae3199e0e29
  REPARADA: https://cfd-v4-service-channel-stitcher-use1-1.prd.pluto.tv/stitch/hls/channel/62e92e536f28870007fa9b3a/master.m3u8
- ORIGINAL: http://cfd-v4-service-channel-stitcher-use1-1.prd.pluto.tv/stitch/hls/channel/5aea40b35126c2157123aa64/master.m3u8?appName=web&appVersion=unknown&clientTime=0&deviceDNT=0&deviceId=6c2c25c9-30d3-11ef-9cf5-e9ddff8ff496&deviceMake=Chrome&deviceModel=web&deviceType=web&deviceVersion=unknown&includeExtendedEvents=false&serverSideAds=false&sid=5a0d0a98-404f-4ed2-acb8-799b2abcc5c6
  REPARADA: https://cfd-v4-service-channel-stitcher-use1-1.prd.pluto.tv/stitch/hls/channel/5aea40b35126c2157123aa64/master.m3u8
- ORIGINAL: http://cfd-v4-service-channel-stitcher-use1-1.prd.pluto.tv/stitch/hls/channel/5e825550e758c700077b0aef/master.m3u8?appName=web&appVersion=unknown&clientTime=0&deviceDNT=0&deviceId=6c2c4cd2-30d3-11ef-9cf5-e9ddff8ff496&deviceMake=Chrome&deviceModel=web&deviceType=web&deviceVersion=unknown&includeExtendedEvents=false&serverSideAds=false&sid=a0e1d4cf-0753-4230-a880-33a0b95d08bf
  REPARADA: https://cfd-v4-service-channel-stitcher-use1-1.prd.pluto.tv/stitch/hls/channel/5e825550e758c700077b0aef/master.m3u8
- ORIGINAL: http://cfd-v4-service-channel-stitcher-use1-1.prd.pluto.tv/stitch/hls/channel/62fa8176b9884200074ef5ae/master.m3u8?appName=web&appVersion=unknown&clientTime=0&deviceDNT=0&deviceId=6c2c4cd4-30d3-11ef-9cf5-e9ddff8ff496&deviceMake=Chrome&deviceModel=web&deviceType=web&deviceVersion=unknown&includeExtendedEvents=false&serverSideAds=false&sid=ff963292-6aa2-4806-857d-39ad6f5f0e4a
  REPARADA: https://cfd-v4-service-channel-stitcher-use1-1.prd.pluto.tv/stitch/hls/channel/62fa8176b9884200074ef5ae/master.m3u8
- ORIGINAL: http://cfd-v4-service-channel-stitcher-use1-1.prd.pluto.tv/stitch/hls/channel/64ca723a2bc49300081a8966/master.m3u8?appName=web&appVersion=unknown&clientTime=0&deviceDNT=0&deviceId=2c7c7785-35fc-11ef-a031-2b5d494037a2&deviceMake=Chrome&deviceModel=web&deviceType=web&deviceVersion=unknown&includeExtendedEvents=false&serverSideAds=false&sid=3b997b20-1713-4925-97ac-2a8fe6c85814
  REPARADA: https://cfd-v4-service-channel-stitcher-use1-1.prd.pluto.tv/stitch/hls/channel/64ca723a2bc49300081a8966/master.m3u8
- ORIGINAL: http://cfd-v4-service-channel-stitcher-use1-1.prd.pluto.tv/stitch/hls/channel/6540ff4f7312a40008297b59/master.m3u8?appName=web&appVersion=unknown&clientTime=0&deviceDNT=0&deviceId=2c7c7787-35fc-11ef-a031-2b5d494037a2&deviceMake=Chrome&deviceModel=web&deviceType=web&deviceVersion=unknown&includeExtendedEvents=false&serverSideAds=false&sid=b64828a6-e38b-42b5-a91a-566c504d921c
  REPARADA: https://cfd-v4-service-channel-stitcher-use1-1.prd.pluto.tv/stitch/hls/channel/6540ff4f7312a40008297b59/master.m3u8
- ORIGINAL: https://amg00609-palatinmediafil-cractiontv-rakuten-dhjcp.amagi.tv/hls/amagi_hls_data_rakutenAA-cractiontv-rakuten/CDN/master.m3u8
  REPARADA: https://amg00609-palatinmediafil-cractiontv-rakuten-dhjcp.proxy.movian.tv/amagi/hls/amagi_hls_data_rakutenAA-cractiontv-rakuten/CDN/master.m3u8
- ORIGINAL: http://cfd-v4-service-channel-stitcher-use1-1.prd.pluto.tv/stitch/hls/channel/5dae084727c8af0009fe40a4/master.m3u8?appName=web&appVersion=unknown&clientTime=0&deviceDNT=0&deviceId=6c2c73e7-30d3-11ef-9cf5-e9ddff8ff496&deviceMake=Chrome&deviceModel=web&deviceType=web&deviceVersion=unknown&includeExtendedEvents=false&serverSideAds=false&sid=4c99b6b0-1ffa-4d78-9eeb-4c68d2978b86
  REPARADA: https://cfd-v4-service-channel-stitcher-use1-1.prd.pluto.tv/stitch/hls/channel/5dae084727c8af0009fe40a4/master.m3u8
- ORIGINAL: http://cfd-v4-service-channel-stitcher-use1-1.prd.pluto.tv/stitch/hls/channel/5c2d64ffbdf11b71587184b8/master.m3u8?appName=web&appVersion=unknown&clientTime=0&deviceDNT=0&deviceId=6c2c9af5-30d3-11ef-9cf5-e9ddff8ff496&deviceMake=Chrome&deviceModel=web&deviceType=web&deviceVersion=unknown&includeExtendedEvents=false&serverSideAds=false&sid=b42011ce-d42f-4692-bb1d-2fe02741437a
  REPARADA: https://cfd-v4-service-channel-stitcher-use1-1.prd.pluto.tv/stitch/hls/channel/5c2d64ffbdf11b71587184b8/master.m3u8
- ORIGINAL: http://181.119.85.222:8000/play/a013/index.m3u8
  REPARADA: https://proxy.movian.tv:8000/play/a013/index.m3u8
- ORIGINAL: http://181.119.86.68:8000/play/b035/index.m3u8
  REPARADA: https://proxy.movian.tv:8000/play/b035/index.m3u8
- ORIGINAL: http://181.119.85.222:8000/play/a013/index.m3u8
  REPARADA: https://proxy.movian.tv:8000/play/a013/index.m3u8
- ORIGINAL: http://cfd-v4-service-channel-stitcher-use1-1.prd.pluto.tv/stitch/hls/channel/6549341853fc9700083901ac/master.m3u8?appName=web&appVersion=unknown&clientTime=0&deviceDNT=0&deviceId=6c2cc200-30d3-11ef-9cf5-e9ddff8ff496&deviceMake=Chrome&deviceModel=web&deviceType=web&deviceVersion=unknown&includeExtendedEvents=false&serverSideAds=false&sid=f8ea05b6-c631-4463-8491-a4394e906d3c
  REPARADA: https://cfd-v4-service-channel-stitcher-use1-1.prd.pluto.tv/stitch/hls/channel/6549341853fc9700083901ac/master.m3u8
- ORIGINAL: http://cfd-v4-service-channel-stitcher-use1-1.prd.pluto.tv/stitch/hls/channel/5b4e96a0423e067bd6df6901/master.m3u8?appName=web&appVersion=unknown&clientTime=0&deviceDNT=0&deviceId=6c2cc202-30d3-11ef-9cf5-e9ddff8ff496&deviceMake=Chrome&deviceModel=web&deviceType=web&deviceVersion=unknown&includeExtendedEvents=false&serverSideAds=false&sid=1d38cc26-1fa3-46f8-bb13-79fb665ae910
  REPARADA: https://cfd-v4-service-channel-stitcher-use1-1.prd.pluto.tv/stitch/hls/channel/5b4e96a0423e067bd6df6901/master.m3u8
- ORIGINAL: http://cfd-v4-service-channel-stitcher-use1-1.prd.pluto.tv/stitch/hls/channel/62e924f2be69bc0007b7d53d/master.m3u8?appName=web&appVersion=unknown&clientTime=0&deviceDNT=0&deviceId=2c7c9e93-35fc-11ef-a031-2b5d494037a2&deviceMake=Chrome&deviceModel=web&deviceType=web&deviceVersion=unknown&includeExtendedEvents=false&serverSideAds=false&sid=6362993f-fcc4-4e58-9056-bca26f635dcb
  REPARADA: https://cfd-v4-service-channel-stitcher-use1-1.prd.pluto.tv/stitch/hls/channel/62e924f2be69bc0007b7d53d/master.m3u8
- ORIGINAL: https://thema-vivekanald-rakuten.amagi.tv/playlist.m3u8
  REPARADA: https://thema-vivekanald-rakuten.proxy.movian.tv/amagi/playlist.m3u8
- ORIGINAL: http://cfd-v4-service-channel-stitcher-use1-1.prd.pluto.tv/stitch/hls/channel/635659445b4c4700076d2ad1/master.m3u8?appName=web&appVersion=unknown&clientTime=0&deviceDNT=0&deviceId=2c7c9e94-35fc-11ef-a031-2b5d494037a2&deviceMake=Chrome&deviceModel=web&deviceType=web&deviceVersion=unknown&includeExtendedEvents=false&serverSideAds=false&sid=36e2f6bf-cd8e-44d2-ad1e-a5747a670d91
  REPARADA: https://cfd-v4-service-channel-stitcher-use1-1.prd.pluto.tv/stitch/hls/channel/635659445b4c4700076d2ad1/master.m3u8
- ORIGINAL: http://190.104.15.135/0.ts
  REPARADA: https://proxy.movian.tv/0.ts
- ORIGINAL: http://anorigin.vodalys.com/live/live36/index36_12856975.m3u8?DVR=
  REPARADA: https://anorigin.vodalys.com/live/live36/index36_12856975.m3u8?DVR=
- ORIGINAL: http://wpso.com:1936/hls/music1.m3u8
  REPARADA: https://wpso.com:1936/hls/music1.m3u8
- ORIGINAL: http://gohoski.fvds.ru:3000/mediabay/655/playlist.m3u8
  REPARADA: https://gohoski.fvds.ru:3000/mediabay/655/playlist.m3u8
- ORIGINAL: http://stream.taksimbilisim.com:1935/tv41/bant1/playlist.m3u8
  REPARADA: https://stream.taksimbilisim.com:1935/tv41/bant1/playlist.m3u8
- ORIGINAL: https://178.253.194.105/klasiktv/playlist.m3u8
  REPARADA: https://proxy.movian.tv/klasiktv/playlist.m3u8
- ORIGINAL: http://cfd-v4-service-channel-stitcher-use1-1.prd.pluto.tv/stitch/hls/channel/5ca6899a37b88b269472ea4b/master.m3u8?appName=web&appVersion=unknown&clientTime=0&deviceDNT=0&deviceId=6c2a02e8-30d3-11ef-9cf5-e9ddff8ff496&deviceMake=Chrome&deviceModel=web&deviceType=web&deviceVersion=unknown&includeExtendedEvents=false&serverSideAds=false&sid=5ae0ea87-0212-4457-893b-bd236028e5de
  REPARADA: https://cfd-v4-service-channel-stitcher-use1-1.prd.pluto.tv/stitch/hls/channel/5ca6899a37b88b269472ea4b/master.m3u8
- ORIGINAL: http://cfd-v4-service-channel-stitcher-use1-1.prd.pluto.tv/stitch/hls/channel/5d00e86bf0bac55fe7f75736/master.m3u8?appName=web&appVersion=unknown&clientTime=0&deviceDNT=0&deviceId=1b1eea56-4b81-11ef-a8ac-e146e4e7be02&deviceMake=Chrome&deviceModel=web&deviceType=web&deviceVersion=unknown&includeExtendedEvents=false&serverSideAds=false&sid=09cf5ffd-9ee2-4173-a0c0-7fcbc8a58514
  REPARADA: https://cfd-v4-service-channel-stitcher-use1-1.prd.pluto.tv/stitch/hls/channel/5d00e86bf0bac55fe7f75736/master.m3u8
- ORIGINAL: http://cfd-v4-service-channel-stitcher-use1-1.prd.pluto.tv/stitch/hls/channel/5d00e86bf0bac55fe7f75736/master.m3u8?appName=web&appVersion=unknown&clientTime=0&deviceDNT=0&deviceId=84ae2b50-4b92-11ef-aece-533610f1ea34&deviceMake=Chrome&deviceModel=web&deviceType=web&deviceVersion=unknown&includeExtendedEvents=false&serverSideAds=false&sid=2601e066-e9a4-4c67-8fe1-ea001c98c301
  REPARADA: https://cfd-v4-service-channel-stitcher-use1-1.prd.pluto.tv/stitch/hls/channel/5d00e86bf0bac55fe7f75736/master.m3u8
- ORIGINAL: http://cfd-v4-service-channel-stitcher-use1-1.prd.pluto.tv/stitch/hls/channel/609536871db47700075a04bf/master.m3u8?appName=web&appVersion=unknown&clientTime=0&deviceDNT=0&deviceId=bc84b6d8-4b91-11ef-8a44-83c5e90e038f&deviceMake=Chrome&deviceModel=web&deviceType=web&deviceVersion=unknown&includeExtendedEvents=false&serverSideAds=false&sid=c48bb016-18c4-4f53-a1c4-07fee0af252d
  REPARADA: https://cfd-v4-service-channel-stitcher-use1-1.prd.pluto.tv/stitch/hls/channel/609536871db47700075a04bf/master.m3u8
- ORIGINAL: http://cfd-v4-service-channel-stitcher-use1-1.prd.pluto.tv/stitch/hls/channel/609536871db47700075a04bf/master.m3u8?appName=web&appVersion=unknown&clientTime=0&deviceDNT=0&deviceId=1b1eea54-4b81-11ef-a8ac-e146e4e7be02&deviceMake=Chrome&deviceModel=web&deviceType=web&deviceVersion=unknown&includeExtendedEvents=false&serverSideAds=false&sid=8664f23e-3827-4ec7-8de0-6cd69b03e9a7
  REPARADA: https://cfd-v4-service-channel-stitcher-use1-1.prd.pluto.tv/stitch/hls/channel/609536871db47700075a04bf/master.m3u8
- ORIGINAL: http://cfd-v4-service-channel-stitcher-use1-1.prd.pluto.tv/stitch/hls/channel/609536871db47700075a04bf/master.m3u8?appName=web&appVersion=unknown&clientTime=0&deviceDNT=0&deviceId=84ae0449-4b92-11ef-aece-533610f1ea34&deviceMake=Chrome&deviceModel=web&deviceType=web&deviceVersion=unknown&includeExtendedEvents=false&serverSideAds=false&sid=3ead3cd0-99a8-4b3b-83e4-6c4be0dae5da
  REPARADA: https://cfd-v4-service-channel-stitcher-use1-1.prd.pluto.tv/stitch/hls/channel/609536871db47700075a04bf/master.m3u8
- ORIGINAL: http://cfd-v4-service-channel-stitcher-use1-1.prd.pluto.tv/stitch/hls/channel/5e84dbf4a838b60007ffbba1/master.m3u8?appName=web&appVersion=unknown&clientTime=0&deviceDNT=0&deviceId=6c2a7814-30d3-11ef-9cf5-e9ddff8ff496&deviceMake=Chrome&deviceModel=web&deviceType=web&deviceVersion=unknown&includeExtendedEvents=false&serverSideAds=false&sid=00d6c705-94dd-4af1-8f07-d8b02bcc1884
  REPARADA: https://cfd-v4-service-channel-stitcher-use1-1.prd.pluto.tv/stitch/hls/channel/5e84dbf4a838b60007ffbba1/master.m3u8
- ORIGINAL: http://cfd-v4-service-channel-stitcher-use1-1.prd.pluto.tv/stitch/hls/channel/642ad5bd283aa40008064568/master.m3u8?appName=web&appVersion=unknown&clientTime=0&deviceDNT=0&deviceId=1b1f3873-4b81-11ef-a8ac-e146e4e7be02&deviceMake=Chrome&deviceModel=web&deviceType=web&deviceVersion=unknown&includeExtendedEvents=false&serverSideAds=false&sid=76852c45-b60e-4391-be78-4ff8ba5ee0ba
  REPARADA: https://cfd-v4-service-channel-stitcher-use1-1.prd.pluto.tv/stitch/hls/channel/642ad5bd283aa40008064568/master.m3u8
- ORIGINAL: http://cfd-v4-service-channel-stitcher-use1-1.prd.pluto.tv/stitch/hls/channel/642ad5bd283aa40008064568/master.m3u8?appName=web&appVersion=unknown&clientTime=0&deviceDNT=0&deviceId=84ae5263-4b92-11ef-aece-533610f1ea34&deviceMake=Chrome&deviceModel=web&deviceType=web&deviceVersion=unknown&includeExtendedEvents=false&serverSideAds=false&sid=5e14b69c-ec83-4ccb-9507-4698f4ad04ec
  REPARADA: https://cfd-v4-service-channel-stitcher-use1-1.prd.pluto.tv/stitch/hls/channel/642ad5bd283aa40008064568/master.m3u8
- ORIGINAL: https://amg02333-pbs-amg02333c8-firetv-us-4239.playouts.now.amagi.tv/playlist.m3u8
  REPARADA: https://amg02333-pbs-amg02333c8-firetv-us-4239.playouts.now.proxy.movian.tv/amagi/playlist.m3u8
- ORIGINAL: https://amg02333-pbs-amg02333c11-firetv-us-4242.playouts.now.amagi.tv/playlist.m3u8
  REPARADA: https://amg02333-pbs-amg02333c11-firetv-us-4242.playouts.now.proxy.movian.tv/amagi/playlist.m3u8
- ORIGINAL: http://cfd-v4-service-channel-stitcher-use1-1.prd.pluto.tv/stitch/hls/channel/5db04b360fa2560009deb3de/master.m3u8?appName=web&appVersion=unknown&clientTime=0&deviceDNT=0&deviceId=1b1fd4b2-4b81-11ef-a8ac-e146e4e7be02&deviceMake=Chrome&deviceModel=web&deviceType=web&deviceVersion=unknown&includeExtendedEvents=false&serverSideAds=false&sid=b593fd23-3248-4f50-a183-67fb2ea074d7
  REPARADA: https://cfd-v4-service-channel-stitcher-use1-1.prd.pluto.tv/stitch/hls/channel/5db04b360fa2560009deb3de/master.m3u8
- ORIGINAL: http://cfd-v4-service-channel-stitcher-use1-1.prd.pluto.tv/stitch/hls/channel/5db04b360fa2560009deb3de/master.m3u8?appName=web&appVersion=unknown&clientTime=0&deviceDNT=0&deviceId=84aea08a-4b92-11ef-aece-533610f1ea34&deviceMake=Chrome&deviceModel=web&deviceType=web&deviceVersion=unknown&includeExtendedEvents=false&serverSideAds=false&sid=528b6467-6aba-4c44-833a-a64dcdd63b74
  REPARADA: https://cfd-v4-service-channel-stitcher-use1-1.prd.pluto.tv/stitch/hls/channel/5db04b360fa2560009deb3de/master.m3u8
- ORIGINAL: http://cfd-v4-service-channel-stitcher-use1-1.prd.pluto.tv/stitch/hls/channel/5877acecb16bb1e042ee453f/master.m3u8?appName=web&appVersion=unknown&clientTime=0&deviceDNT=0&deviceId=6c2b6271-30d3-11ef-9cf5-e9ddff8ff496&deviceMake=Chrome&deviceModel=web&deviceType=web&deviceVersion=unknown&includeExtendedEvents=false&serverSideAds=false&sid=b5955976-ce6f-4400-8125-68e8a90cd3bc
  REPARADA: https://cfd-v4-service-channel-stitcher-use1-1.prd.pluto.tv/stitch/hls/channel/5877acecb16bb1e042ee453f/master.m3u8
- ORIGINAL: http://cfd-v4-service-channel-stitcher-use1-1.prd.pluto.tv/stitch/hls/channel/5f21e831e9fe730007706acb/master.m3u8?appName=web&appVersion=unknown&clientTime=0&deviceDNT=0&deviceId=6c2b8981-30d3-11ef-9cf5-e9ddff8ff496&deviceMake=Chrome&deviceModel=web&deviceType=web&deviceVersion=unknown&includeExtendedEvents=false&serverSideAds=false&sid=829d9eef-9cc5-49ef-9790-7aed2bb2aa09
  REPARADA: https://cfd-v4-service-channel-stitcher-use1-1.prd.pluto.tv/stitch/hls/channel/5f21e831e9fe730007706acb/master.m3u8
- ORIGINAL: http://181.188.216.5:18000/play/a0pm/index.m3u8
  REPARADA: https://proxy.movian.tv:18000/play/a0pm/index.m3u8
- ORIGINAL: http://cfd-v4-service-channel-stitcher-use1-1.prd.pluto.tv/stitch/hls/channel/643ea768e0789d0008548886/master.m3u8?appName=web&appVersion=unknown&clientTime=0&deviceDNT=0&deviceId=2c7c2962-35fc-11ef-a031-2b5d494037a2&deviceMake=Chrome&deviceModel=web&deviceType=web&deviceVersion=unknown&includeExtendedEvents=false&serverSideAds=false&sid=d491b1b5-034d-44e2-b45a-989c3dcd68d8
  REPARADA: https://cfd-v4-service-channel-stitcher-use1-1.prd.pluto.tv/stitch/hls/channel/643ea768e0789d0008548886/master.m3u8
- ORIGINAL: http://cfd-v4-service-channel-stitcher-use1-1.prd.pluto.tv/stitch/hls/channel/591105034c1806b47438342c/master.m3u8?appName=web&appVersion=unknown&clientTime=0&deviceDNT=0&deviceId=6c2c25c0-30d3-11ef-9cf5-e9ddff8ff496&deviceMake=Chrome&deviceModel=web&deviceType=web&deviceVersion=unknown&includeExtendedEvents=false&serverSideAds=false&sid=af6d4127-dedb-455c-9e2e-a626903be2bf
  REPARADA: https://cfd-v4-service-channel-stitcher-use1-1.prd.pluto.tv/stitch/hls/channel/591105034c1806b47438342c/master.m3u8
- ORIGINAL: http://cfd-v4-service-channel-stitcher-use1-1.prd.pluto.tv/stitch/hls/channel/62bdb1c958cb95000782088c/master.m3u8?appName=web&appVersion=unknown&clientTime=0&deviceDNT=0&deviceId=2c7c2968-35fc-11ef-a031-2b5d494037a2&deviceMake=Chrome&deviceModel=web&deviceType=web&deviceVersion=unknown&includeExtendedEvents=false&serverSideAds=false&sid=0c1ba6db-5a9c-4043-b539-12d9380dc54b
  REPARADA: https://cfd-v4-service-channel-stitcher-use1-1.prd.pluto.tv/stitch/hls/channel/62bdb1c958cb95000782088c/master.m3u8
- ORIGINAL: http://cfd-v4-service-channel-stitcher-use1-1.prd.pluto.tv/stitch/hls/channel/64b82075e4391c0008c3c1fe/master.m3u8?appName=web&appVersion=unknown&clientTime=0&deviceDNT=0&deviceId=2c7c5071-35fc-11ef-a031-2b5d494037a2&deviceMake=Chrome&deviceModel=web&deviceType=web&deviceVersion=unknown&includeExtendedEvents=false&serverSideAds=false&sid=7b163328-7998-4aee-803b-e7321d13cbf9
  REPARADA: https://cfd-v4-service-channel-stitcher-use1-1.prd.pluto.tv/stitch/hls/channel/64b82075e4391c0008c3c1fe/master.m3u8
- ORIGINAL: http://cfd-v4-service-channel-stitcher-use1-1.prd.pluto.tv/stitch/hls/channel/65a8054907e03a0008926323/master.m3u8?appName=web&appVersion=unknown&clientTime=0&deviceDNT=0&deviceId=2c7c7784-35fc-11ef-a031-2b5d494037a2&deviceMake=Chrome&deviceModel=web&deviceType=web&deviceVersion=unknown&includeExtendedEvents=false&serverSideAds=false&sid=b009a45e-cfd3-41fc-ba90-2b4d44bcb950
  REPARADA: https://cfd-v4-service-channel-stitcher-use1-1.prd.pluto.tv/stitch/hls/channel/65a8054907e03a0008926323/master.m3u8
- ORIGINAL: http://cfd-v4-service-channel-stitcher-use1-1.prd.pluto.tv/stitch/hls/channel/5c3f8f12a93c2d61b9990a4e/master.m3u8?appName=web&appVersion=unknown&clientTime=0&deviceDNT=0&deviceId=6c2c73e3-30d3-11ef-9cf5-e9ddff8ff496&deviceMake=Chrome&deviceModel=web&deviceType=web&deviceVersion=unknown&includeExtendedEvents=false&serverSideAds=false&sid=8a88f013-2601-41bd-9070-75701edcf852
  REPARADA: https://cfd-v4-service-channel-stitcher-use1-1.prd.pluto.tv/stitch/hls/channel/5c3f8f12a93c2d61b9990a4e/master.m3u8
- ORIGINAL: http://cfd-v4-service-channel-stitcher-use1-1.prd.pluto.tv/stitch/hls/channel/5f778a052360b30007fa5e32/master.m3u8?appName=web&appVersion=unknown&clientTime=0&deviceDNT=0&deviceId=6c2c9af6-30d3-11ef-9cf5-e9ddff8ff496&deviceMake=Chrome&deviceModel=web&deviceType=web&deviceVersion=unknown&includeExtendedEvents=false&serverSideAds=false&sid=66e8f3ca-147c-4297-8017-a379ac9ffe82
  REPARADA: https://cfd-v4-service-channel-stitcher-use1-1.prd.pluto.tv/stitch/hls/channel/5f778a052360b30007fa5e32/master.m3u8
- ORIGINAL: http://190.121.42.18:8000/play/a016/index.m3u8
  REPARADA: https://proxy.movian.tv:8000/play/a016/index.m3u8
- ORIGINAL: http://210.210.155.37/dr9445/h/h20/index.m3u8
  REPARADA: https://proxy.movian.tv/dr9445/h/h20/index.m3u8

⚠️ Posibles listas encadenadas:
https://cfd-v4-service-channel-stitcher-use1-1.prd.pluto.tv/stitch/hls/channel/5cd149f021cb6c55e258bbe8/master.m3u8
https://cfd-v4-service-channel-stitcher-use1-1.prd.pluto.tv/stitch/hls/channel/6152ee71bf99590007893a11/master.m3u8
https://cfd-v4-service-channel-stitcher-use1-1.prd.pluto.tv/stitch/hls/channel/6152ee71bf99590007893a11/master.m3u8
https://cfd-v4-service-channel-stitcher-use1-1.prd.pluto.tv/stitch/hls/channel/5812be1c249444e05d09cc50/master.m3u8
https://cfd-v4-service-channel-stitcher-use1-1.prd.pluto.tv/stitch/hls/channel/615333098185f00008715a56/master.m3u8
https://cfd-v4-service-channel-stitcher-use1-1.prd.pluto.tv/stitch/hls/channel/62e9289f8d467f0007fbc701/master.m3u8
https://cfd-v4-service-channel-stitcher-use1-1.prd.pluto.tv/stitch/hls/channel/615333098185f00008715a56/master.m3u8
https://d35j504z0x2vu2.cloudfront.net/v1/master/0bc8e8376bd8417a1b6761138aa41c26c7309312/pnc-drama/master.m3u8
https://playlist.fasttvcdn.com/pl/a2le4pbpa6rpzv147haf4w/drama/playlist.m3u8
https://cfd-v4-service-channel-stitcher-use1-1.prd.pluto.tv/stitch/hls/channel/633354b63df9700007f6a1b7/master.m3u8
https://cfd-v4-service-channel-stitcher-use1-1.prd.pluto.tv/stitch/hls/channel/5f24662bebe0f0000767de32/master.m3u8
https://cfd-v4-service-channel-stitcher-use1-1.prd.pluto.tv/stitch/hls/channel/5f21e7b24744c60007c1f6fc/master.m3u8
https://cfd-v4-service-channel-stitcher-use1-1.prd.pluto.tv/stitch/hls/channel/5cf96cc422df39f1a338d165/master.m3u8
https://viamotionhsi.netplus.ch/live/eds/nt1/browser-HLS8/nt1.m3u8
https://cfd-v4-service-channel-stitcher-use1-1.prd.pluto.tv/stitch/hls/channel/5d81607ab737153ea3c1c80e/master.m3u8
https://cfd-v4-service-channel-stitcher-use1-1.prd.pluto.tv/stitch/hls/channel/5f21e8a6e2f12b000755afdb/master.m3u8
https://cfd-v4-service-channel-stitcher-use1-1.prd.pluto.tv/stitch/hls/channel/64f8a22a3efb510008245df0/master.m3u8
https://cfd-v4-service-channel-stitcher-use1-1.prd.pluto.tv/stitch/hls/channel/62e92e536f28870007fa9b3a/master.m3u8
https://cfd-v4-service-channel-stitcher-use1-1.prd.pluto.tv/stitch/hls/channel/5aea40b35126c2157123aa64/master.m3u8
https://cfd-v4-service-channel-stitcher-use1-1.prd.pluto.tv/stitch/hls/channel/5e825550e758c700077b0aef/master.m3u8
https://cfd-v4-service-channel-stitcher-use1-1.prd.pluto.tv/stitch/hls/channel/62fa8176b9884200074ef5ae/master.m3u8
https://cfd-v4-service-channel-stitcher-use1-1.prd.pluto.tv/stitch/hls/channel/64ca723a2bc49300081a8966/master.m3u8
https://cfd-v4-service-channel-stitcher-use1-1.prd.pluto.tv/stitch/hls/channel/6540ff4f7312a40008297b59/master.m3u8
https://amg00609-palatinmediafil-cractiontv-rakuten-dhjcp.proxy.movian.tv/amagi/hls/amagi_hls_data_rakutenAA-cractiontv-rakuten/CDN/master.m3u8
https://cfd-v4-service-channel-stitcher-use1-1.prd.pluto.tv/stitch/hls/channel/5dae084727c8af0009fe40a4/master.m3u8
https://dvrfl03.bozztv.com/hdirect/hdirect-ovair1-truecrimenetwork/index.m3u8
https://cfd-v4-service-channel-stitcher-use1-1.prd.pluto.tv/stitch/hls/channel/5c2d64ffbdf11b71587184b8/master.m3u8
https://proxy.movian.tv:8000/play/a013/index.m3u8
https://proxy.movian.tv:8000/play/b035/index.m3u8
https://proxy.movian.tv:8000/play/a013/index.m3u8
https://stmv1.srvif.com/tvserie/tvserie/playlist.m3u8
https://video-auth2.iol.pt/live_tvi_ficcao/live_tvi_ficcao/edge_servers/tvificcao-720p/playlist.m3u8
https://cfd-v4-service-channel-stitcher-use1-1.prd.pluto.tv/stitch/hls/channel/6549341853fc9700083901ac/master.m3u8
https://cfd-v4-service-channel-stitcher-use1-1.prd.pluto.tv/stitch/hls/channel/5b4e96a0423e067bd6df6901/master.m3u8
https://cfd-v4-service-channel-stitcher-use1-1.prd.pluto.tv/stitch/hls/channel/62e924f2be69bc0007b7d53d/master.m3u8
https://thema-vivekanald-rakuten.proxy.movian.tv/amagi/playlist.m3u8
https://cfd-v4-service-channel-stitcher-use1-1.prd.pluto.tv/stitch/hls/channel/635659445b4c4700076d2ad1/master.m3u8
https://zns-edge1.streamcomedia.cloud/znstv13/zns1080p_stream/playlist.m3u8
https://stream.castr.com/5da89a909db964293ad13301/live_aec52a7076c411f0a58c4101395f61cc/index.fmp4.m3u8
https://stream.castr.com/5ec16b5935bd933ad25fdd37/live_35cdedd0092a11f089a6e578a102a00d/index.fmp4.m3u8
https://stream.castr.com/67320cbb6b3df3c4694581ce/live_a80e55b0a03411efa6eeb56ae1378053/index.m3u8
https://stream.castr.com/643880749cf895435bf8eadf/live_d0b3cf70e24111ed8ed2951b4c7d1b75/index.m3u8
https://stream.castr.com/65dee3aad6beacddbd6cd1af/live_21e811c0d60d11eeaa1a471c2c967e4a/index.m3u8
https://wpso.com:1936/hls/music1.m3u8
https://gohoski.fvds.ru:3000/mediabay/655/playlist.m3u8
https://stream.taksimbilisim.com:1935/tv41/bant1/playlist.m3u8
https://proxy.movian.tv/klasiktv/playlist.m3u8
https://st2.mediabay.tv/KG_KTRK-Sport/index.m3u8
https://cfd-v4-service-channel-stitcher-use1-1.prd.pluto.tv/stitch/hls/channel/5ca6899a37b88b269472ea4b/master.m3u8
https://cfd-v4-service-channel-stitcher-use1-1.prd.pluto.tv/stitch/hls/channel/5d00e86bf0bac55fe7f75736/master.m3u8
https://cfd-v4-service-channel-stitcher-use1-1.prd.pluto.tv/stitch/hls/channel/5d00e86bf0bac55fe7f75736/master.m3u8
https://cfd-v4-service-channel-stitcher-use1-1.prd.pluto.tv/stitch/hls/channel/609536871db47700075a04bf/master.m3u8
https://cfd-v4-service-channel-stitcher-use1-1.prd.pluto.tv/stitch/hls/channel/609536871db47700075a04bf/master.m3u8
https://cfd-v4-service-channel-stitcher-use1-1.prd.pluto.tv/stitch/hls/channel/609536871db47700075a04bf/master.m3u8
https://cfd-v4-service-channel-stitcher-use1-1.prd.pluto.tv/stitch/hls/channel/5e84dbf4a838b60007ffbba1/master.m3u8
https://cfd-v4-service-channel-stitcher-use1-1.prd.pluto.tv/stitch/hls/channel/642ad5bd283aa40008064568/master.m3u8
https://cfd-v4-service-channel-stitcher-use1-1.prd.pluto.tv/stitch/hls/channel/642ad5bd283aa40008064568/master.m3u8
https://amg02333-pbs-amg02333c8-firetv-us-4239.playouts.now.proxy.movian.tv/amagi/playlist.m3u8
https://amg02333-pbs-amg02333c11-firetv-us-4242.playouts.now.proxy.movian.tv/amagi/playlist.m3u8
https://cfd-v4-service-channel-stitcher-use1-1.prd.pluto.tv/stitch/hls/channel/5db04b360fa2560009deb3de/master.m3u8
https://cfd-v4-service-channel-stitcher-use1-1.prd.pluto.tv/stitch/hls/channel/5db04b360fa2560009deb3de/master.m3u8
https://cfd-v4-service-channel-stitcher-use1-1.prd.pluto.tv/stitch/hls/channel/5877acecb16bb1e042ee453f/master.m3u8
https://cfd-v4-service-channel-stitcher-use1-1.prd.pluto.tv/stitch/hls/channel/5f21e831e9fe730007706acb/master.m3u8
https://uvotv-aniview.global.ssl.fastly.net/10010/dvr/hls/sadaalbaladdrama/playlist.m3u8
https://proxy.movian.tv:18000/play/a0pm/index.m3u8
https://cfd-v4-service-channel-stitcher-use1-1.prd.pluto.tv/stitch/hls/channel/643ea768e0789d0008548886/master.m3u8
https://cfd-v4-service-channel-stitcher-use1-1.prd.pluto.tv/stitch/hls/channel/591105034c1806b47438342c/master.m3u8
https://cfd-v4-service-channel-stitcher-use1-1.prd.pluto.tv/stitch/hls/channel/62bdb1c958cb95000782088c/master.m3u8
https://cfd-v4-service-channel-stitcher-use1-1.prd.pluto.tv/stitch/hls/channel/64b82075e4391c0008c3c1fe/master.m3u8
https://cfd-v4-service-channel-stitcher-use1-1.prd.pluto.tv/stitch/hls/channel/65a8054907e03a0008926323/master.m3u8
https://cfd-v4-service-channel-stitcher-use1-1.prd.pluto.tv/stitch/hls/channel/5c3f8f12a93c2d61b9990a4e/master.m3u8
https://cfd-v4-service-channel-stitcher-use1-1.prd.pluto.tv/stitch/hls/channel/5f778a052360b30007fa5e32/master.m3u8
https://proxy.movian.tv:8000/play/a016/index.m3u8
https://proxy.movian.tv/dr9445/h/h20/index.m3u8
