🔧 URLs reparadas:
- ORIGINAL: http://186.121.206.197/live/daniel/index.m3u8
  REPARADA: https://proxy.movian.tv/live/daniel/index.m3u8
- ORIGINAL: http://cdn8.live247stream.com/canadaone/tv/playlist.m3u8
  REPARADA: https://cdn8.live247stream.com/canadaone/tv/playlist.m3u8
- ORIGINAL: http://69.64.57.208/tm1/playlist.m3u8
  REPARADA: https://proxy.movian.tv/tm1/playlist.m3u8
- ORIGINAL: http://cdn3.toronto360.tv:8081/toronto360/hd/playlist.m3u8
  REPARADA: https://cdn3.toronto360.tv:8081/toronto360/hd/playlist.m3u8

⚠️ Posibles listas encadenadas:
https://5bf8041cb3fed.streamlock.net/Tevevida/Tevevida/.m3u8
https://live.enhdtv.com:8081/8190/index.m3u8
https://cityeden.catcast.tv/content/47519/index.m3u8
https://v2.tustreaming.cl/atacamatv/index.m3u8
https://proxy.movian.tv/live/daniel/index.m3u8
https://guineetvdirect.online:3320/live/atvguineelive.m3u8
https://cloud2.streaminglivehd.com:1936/8264/8264/playlist.m3u8
https://s1.abntelevision.com/avivamientoabr/stream/avivamientohd/avivamientohd/playlist.m3u8
https://5ab772334c39c.streamlock.net/live-calitv/calitv1/playlist.m3u8
https://stream.hostuis.com:19360/canatvdigital/canatvdigital.m3u8
https://cdn8.live247stream.com/canadaone/tv/playlist.m3u8
https://v4.tustreaming.cl/tevexinter/index.m3u8
https://tv-live.tpchannel.org/live/tv.m3u8
https://mediaprod1.nowcast.cc:5443/LiveApp/streams/anZPy7eaVWLyDMZB1697488814699.m3u8
https://unlimited1-us.dps.live/thema/thema.smil/playlist.m3u8
https://proxy.movian.tv/tm1/playlist.m3u8
https://tvdatta.com:3084/live/toptvaguaytialive.m3u8
https://us.streaminghd.cl/torococotelevision/video.m3u8
https://cdn3.toronto360.tv:8081/toronto360/hd/playlist.m3u8
